2023-10-18 10:57:05.448 [info] Log level: Info
2023-10-18 10:57:05.448 [info] Validating found git in: "git"
2023-10-18 10:57:05.448 [info] Using git "2.34.1" from "git"
2023-10-18 10:57:05.448 [info] > git rev-parse --show-toplevel [2ms]
2023-10-18 10:57:05.448 [info] > git rev-parse --git-dir --git-common-dir [1ms]
2023-10-18 10:57:05.448 [info] Open repository: /home/stagiaire/klqngd/cours 2/Vsc Git
2023-10-18 10:57:05.491 [info] > git config --get commit.template [38ms]
2023-10-18 10:57:05.527 [info] > git for-each-ref --format=%(refname)%00%(upstream:short)%00%(objectname)%00%(upstream:track)%00%(upstream:remotename)%00%(upstream:remoteref) refs/heads/main refs/remotes/main [3ms]
2023-10-18 10:57:05.554 [info] > git status -z -uall [22ms]
2023-10-18 10:57:05.566 [info] > git config --get commit.template [1ms]
2023-10-18 10:57:05.601 [info] > git for-each-ref --format=%(refname)%00%(upstream:short)%00%(objectname)%00%(upstream:track)%00%(upstream:remotename)%00%(upstream:remoteref) refs/heads/main refs/remotes/main [30ms]
2023-10-18 10:57:05.628 [info] > git status -z -uall [22ms]
2023-10-18 10:57:06.004 [info] > git check-ignore -v -z --stdin [6ms]
2023-10-18 10:57:06.546 [info] > git config --local branch.main.github-pr-owner-number [20ms]
2023-10-18 10:57:06.571 [info] > git config --get commit.template [14ms]
2023-10-18 10:57:06.581 [info] > git for-each-ref --format=%(refname)%00%(upstream:short)%00%(objectname)%00%(upstream:track)%00%(upstream:remotename)%00%(upstream:remoteref) refs/heads/main refs/remotes/main [1ms]
2023-10-18 10:57:06.592 [info] > git status -z -uall [2ms]
2023-10-18 10:57:09.838 [info] > git log --oneline --cherry main...main@{upstream} -- [2ms]
2023-10-18 10:57:10.503 [info] > git pull --tags origin main [656ms]
2023-10-18 10:57:10.503 [info] remote: Repository not found.
fatal: repository 'https://github.com/Xenor23/Vsc-Git.git/' not found
2023-10-18 10:57:10.513 [info] > git config --get commit.template [1ms]
2023-10-18 10:57:10.526 [info] > git for-each-ref --format=%(refname)%00%(upstream:short)%00%(objectname)%00%(upstream:track)%00%(upstream:remotename)%00%(upstream:remoteref) refs/heads/main refs/remotes/main [4ms]
2023-10-18 10:57:10.536 [info] > git status -z -uall [1ms]
2023-10-18 10:57:46.779 [info] > git show --textconv :README.md [10ms]
2023-10-18 10:57:46.780 [info] > git ls-files --stage -- /home/stagiaire/klqngd/cours 2/Vsc Git/README.md [6ms]
2023-10-18 10:57:46.787 [info] > git cat-file -s 6ac9496ea7e5aa11f40d9ac9923434fea78e6edc [1ms]
2023-10-18 10:57:50.178 [info] > git config --get commit.template [5ms]
2023-10-18 10:57:50.178 [info] > git for-each-ref --format=%(refname)%00%(upstream:short)%00%(objectname)%00%(upstream:track)%00%(upstream:remotename)%00%(upstream:remoteref) refs/heads/main refs/remotes/main [1ms]
2023-10-18 10:57:50.187 [info] > git status -z -uall [2ms]
