2023-10-18 11:52:09.163 [info] Extension host with pid 17656 started
2023-10-18 11:52:09.163 [info] Skipping acquiring lock for /home/stagiaire/.config/Code/User/workspaceStorage/ffc2098d5cd69ac067871db8941cfa50.
2023-10-18 11:52:09.213 [info] ExtensionService#_doActivateExtension vscode.emmet, startup: false, activationEvent: 'onLanguage'
2023-10-18 11:52:09.238 [info] ExtensionService#_doActivateExtension vscode.git-base, startup: true, activationEvent: '*', root cause: vscode.git
2023-10-18 11:52:09.243 [info] ExtensionService#_doActivateExtension vscode.git, startup: true, activationEvent: '*'
2023-10-18 11:52:09.258 [info] ExtensionService#_doActivateExtension vscode.github, startup: true, activationEvent: '*'
2023-10-18 11:52:09.291 [info] Eager extensions activated
2023-10-18 11:52:09.326 [info] ExtensionService#_doActivateExtension vscode.debug-auto-launch, startup: false, activationEvent: 'onStartupFinished'
2023-10-18 11:52:09.328 [info] ExtensionService#_doActivateExtension vscode.merge-conflict, startup: false, activationEvent: 'onStartupFinished'
2023-10-18 11:52:09.332 [info] ExtensionService#_doActivateExtension vscode.github-authentication, startup: false, activationEvent: 'onStartupFinished', root cause: GitHub.vscode-pull-request-github
2023-10-18 11:52:09.340 [info] ExtensionService#_doActivateExtension ritwickdey.LiveServer, startup: false, activationEvent: 'onStartupFinished'
2023-10-18 11:52:09.344 [info] ExtensionService#_doActivateExtension vscode-icons-team.vscode-icons, startup: false, activationEvent: 'onStartupFinished'
2023-10-18 11:52:09.410 [info] ExtensionService#_doActivateExtension GitHub.vscode-pull-request-github, startup: false, activationEvent: 'onStartupFinished'
2023-10-18 11:54:58.686 [error] Error: spawn git ENOENT
	at ChildProcess._handle.onexit (node:internal/child_process:283:19)
	at onErrorNT (node:internal/child_process:476:16)
	at process.processTicksAndRejections (node:internal/process/task_queues:82:21)
2023-10-18 11:54:59.687 [error] Error: spawn git ENOENT
	at ChildProcess._handle.onexit (node:internal/child_process:283:19)
	at onErrorNT (node:internal/child_process:476:16)
	at process.processTicksAndRejections (node:internal/process/task_queues:82:21)
2023-10-18 11:55:01.630 [info] Extension host terminating: renderer closed the MessagePort
2023-10-18 11:55:01.642 [error] Canceled: Canceled
	at new g (/snap/code/143/usr/share/code/resources/app/out/vs/workbench/api/node/extensionHostProcess.js:125:57216)
	at i.U (/snap/code/143/usr/share/code/resources/app/out/vs/workbench/api/node/extensionHostProcess.js:134:10864)
	at M.<computed>.j.charCodeAt.M.<computed> (/snap/code/143/usr/share/code/resources/app/out/vs/workbench/api/node/extensionHostProcess.js:134:8315)
	at n.g (/snap/code/143/usr/share/code/resources/app/out/vs/workbench/api/node/extensionHostProcess.js:125:83747)
	at n.executeCommand (/snap/code/143/usr/share/code/resources/app/out/vs/workbench/api/node/extensionHostProcess.js:125:83185)
	at b.registerCommand.description (/snap/code/143/usr/share/code/resources/app/out/vs/workbench/api/node/extensionHostProcess.js:125:82506)
	at n.h (/snap/code/143/usr/share/code/resources/app/out/vs/workbench/api/node/extensionHostProcess.js:125:84283)
	at n.g (/snap/code/143/usr/share/code/resources/app/out/vs/workbench/api/node/extensionHostProcess.js:125:83278)
	at n.executeCommand (/snap/code/143/usr/share/code/resources/app/out/vs/workbench/api/node/extensionHostProcess.js:125:83185)
	at Object.executeCommand (/snap/code/143/usr/share/code/resources/app/out/vs/workbench/api/node/extensionHostProcess.js:140:21282)
	at s.D [as value] (/snap/code/143/usr/share/code/resources/app/extensions/git/dist/main.js:2:1312800)
	at c.z (/snap/code/143/usr/share/code/resources/app/out/vs/workbench/api/node/extensionHostProcess.js:80:1902)
	at c.A (/snap/code/143/usr/share/code/resources/app/out/vs/workbench/api/node/extensionHostProcess.js:80:1972)
	at c.fire (/snap/code/143/usr/share/code/resources/app/out/vs/workbench/api/node/extensionHostProcess.js:80:2188)
	at Object.m [as dispose] (/snap/code/143/usr/share/code/resources/app/extensions/git/dist/main.js:2:1328588)
	at /snap/code/143/usr/share/code/resources/app/extensions/git/dist/main.js:2:1333429
	at Array.forEach (<anonymous>)
	at g.dispose (/snap/code/143/usr/share/code/resources/app/extensions/git/dist/main.js:2:1333415)
	at v.<anonymous> (/snap/code/143/usr/share/code/resources/app/out/vs/workbench/api/node/extensionHostProcess.js:121:3521)
	at v.dispose (/snap/code/143/usr/share/code/resources/app/out/vs/workbench/api/node/extensionHostProcess.js:121:3618)
	at v.<anonymous> (/snap/code/143/usr/share/code/resources/app/extensions/git/dist/main.js:2:1314812)
	at v.dispose (/snap/code/143/usr/share/code/resources/app/out/vs/workbench/api/node/extensionHostProcess.js:121:3618)
	at o (/snap/code/143/usr/share/code/resources/app/out/vs/workbench/api/node/extensionHostProcess.js:30:754)
	at s.cb (/snap/code/143/usr/share/code/resources/app/out/vs/workbench/api/node/extensionHostProcess.js:136:9846)
	at /snap/code/143/usr/share/code/resources/app/out/vs/workbench/api/node/extensionHostProcess.js:136:7796
	at Array.map (<anonymous>)
	at s.Y (/snap/code/143/usr/share/code/resources/app/out/vs/workbench/api/node/extensionHostProcess.js:136:7784)
	at s.terminate (/snap/code/143/usr/share/code/resources/app/out/vs/workbench/api/node/extensionHostProcess.js:136:8054)
	at o.terminate (/snap/code/143/usr/share/code/resources/app/out/vs/workbench/api/node/extensionHostProcess.js:140:1513)
	at l (/snap/code/143/usr/share/code/resources/app/out/vs/workbench/api/node/extensionHostProcess.js:153:9801)
	at MessagePortMain.<anonymous> (/snap/code/143/usr/share/code/resources/app/out/vs/workbench/api/node/extensionHostProcess.js:153:6226)
	at MessagePortMain.emit (node:events:513:28)
	at MessagePortMain._internalPort.emit (node:electron/js2c/utility_init:2:367) setContext undefined
2023-10-18 11:55:01.642 [error] Canceled: Canceled
	at new g (/snap/code/143/usr/share/code/resources/app/out/vs/workbench/api/node/extensionHostProcess.js:125:57216)
	at i.U (/snap/code/143/usr/share/code/resources/app/out/vs/workbench/api/node/extensionHostProcess.js:134:10864)
	at M.<computed>.j.charCodeAt.M.<computed> (/snap/code/143/usr/share/code/resources/app/out/vs/workbench/api/node/extensionHostProcess.js:134:8315)
	at n.g (/snap/code/143/usr/share/code/resources/app/out/vs/workbench/api/node/extensionHostProcess.js:125:83747)
	at n.executeCommand (/snap/code/143/usr/share/code/resources/app/out/vs/workbench/api/node/extensionHostProcess.js:125:83185)
	at b.registerCommand.description (/snap/code/143/usr/share/code/resources/app/out/vs/workbench/api/node/extensionHostProcess.js:125:82506)
	at n.h (/snap/code/143/usr/share/code/resources/app/out/vs/workbench/api/node/extensionHostProcess.js:125:84283)
	at n.g (/snap/code/143/usr/share/code/resources/app/out/vs/workbench/api/node/extensionHostProcess.js:125:83278)
	at n.executeCommand (/snap/code/143/usr/share/code/resources/app/out/vs/workbench/api/node/extensionHostProcess.js:125:83185)
	at Object.executeCommand (/snap/code/143/usr/share/code/resources/app/out/vs/workbench/api/node/extensionHostProcess.js:140:21282)
	at set b [as b] (/snap/code/143/usr/share/code/resources/app/extensions/github/dist/extension.js:2:714415)
	at /snap/code/143/usr/share/code/resources/app/extensions/github/dist/extension.js:2:715056
	at s.value (/snap/code/143/usr/share/code/resources/app/extensions/git/dist/main.js:2:1402040)
	at c.z (/snap/code/143/usr/share/code/resources/app/out/vs/workbench/api/node/extensionHostProcess.js:80:1902)
	at c.A (/snap/code/143/usr/share/code/resources/app/out/vs/workbench/api/node/extensionHostProcess.js:80:1972)
	at c.fire (/snap/code/143/usr/share/code/resources/app/out/vs/workbench/api/node/extensionHostProcess.js:80:2188)
	at Object.m [as dispose] (/snap/code/143/usr/share/code/resources/app/extensions/git/dist/main.js:2:1328588)
	at /snap/code/143/usr/share/code/resources/app/extensions/git/dist/main.js:2:1333429
	at Array.forEach (<anonymous>)
	at g.dispose (/snap/code/143/usr/share/code/resources/app/extensions/git/dist/main.js:2:1333415)
	at v.<anonymous> (/snap/code/143/usr/share/code/resources/app/out/vs/workbench/api/node/extensionHostProcess.js:121:3521)
	at v.dispose (/snap/code/143/usr/share/code/resources/app/out/vs/workbench/api/node/extensionHostProcess.js:121:3618)
	at v.<anonymous> (/snap/code/143/usr/share/code/resources/app/extensions/git/dist/main.js:2:1314812)
	at v.dispose (/snap/code/143/usr/share/code/resources/app/out/vs/workbench/api/node/extensionHostProcess.js:121:3618)
	at o (/snap/code/143/usr/share/code/resources/app/out/vs/workbench/api/node/extensionHostProcess.js:30:754)
	at s.cb (/snap/code/143/usr/share/code/resources/app/out/vs/workbench/api/node/extensionHostProcess.js:136:9846)
	at /snap/code/143/usr/share/code/resources/app/out/vs/workbench/api/node/extensionHostProcess.js:136:7796
	at Array.map (<anonymous>)
	at s.Y (/snap/code/143/usr/share/code/resources/app/out/vs/workbench/api/node/extensionHostProcess.js:136:7784)
	at s.terminate (/snap/code/143/usr/share/code/resources/app/out/vs/workbench/api/node/extensionHostProcess.js:136:8054)
	at o.terminate (/snap/code/143/usr/share/code/resources/app/out/vs/workbench/api/node/extensionHostProcess.js:140:1513)
	at l (/snap/code/143/usr/share/code/resources/app/out/vs/workbench/api/node/extensionHostProcess.js:153:9801)
	at MessagePortMain.<anonymous> (/snap/code/143/usr/share/code/resources/app/out/vs/workbench/api/node/extensionHostProcess.js:153:6226)
	at MessagePortMain.emit (node:events:513:28)
	at MessagePortMain._internalPort.emit (node:electron/js2c/utility_init:2:367) setContext undefined
2023-10-18 11:55:01.643 [error] Canceled: Canceled
	at new g (/snap/code/143/usr/share/code/resources/app/out/vs/workbench/api/node/extensionHostProcess.js:125:57216)
	at i.U (/snap/code/143/usr/share/code/resources/app/out/vs/workbench/api/node/extensionHostProcess.js:134:10864)
	at M.<computed>.j.charCodeAt.M.<computed> (/snap/code/143/usr/share/code/resources/app/out/vs/workbench/api/node/extensionHostProcess.js:134:8315)
	at n.g (/snap/code/143/usr/share/code/resources/app/out/vs/workbench/api/node/extensionHostProcess.js:125:83747)
	at n.executeCommand (/snap/code/143/usr/share/code/resources/app/out/vs/workbench/api/node/extensionHostProcess.js:125:83185)
	at b.registerCommand.description (/snap/code/143/usr/share/code/resources/app/out/vs/workbench/api/node/extensionHostProcess.js:125:82506)
	at n.h (/snap/code/143/usr/share/code/resources/app/out/vs/workbench/api/node/extensionHostProcess.js:125:84283)
	at n.g (/snap/code/143/usr/share/code/resources/app/out/vs/workbench/api/node/extensionHostProcess.js:125:83278)
	at n.executeCommand (/snap/code/143/usr/share/code/resources/app/out/vs/workbench/api/node/extensionHostProcess.js:125:83185)
	at Object.executeCommand (/snap/code/143/usr/share/code/resources/app/out/vs/workbench/api/node/extensionHostProcess.js:140:21282)
	at e (/home/stagiaire/.vscode/extensions/github.vscode-pull-request-github-0.74.0/dist/extension.js:1655:1445)
	at Object.n [as setContext] (/home/stagiaire/.vscode/extensions/github.vscode-pull-request-github-0.74.0/dist/extension.js:1655:1560)
	at qc.updateActiveReviewCount (/home/stagiaire/.vscode/extensions/github.vscode-pull-request-github-0.74.0/dist/extension.js:1708:22584)
	at qc.removeRepo (/home/stagiaire/.vscode/extensions/github.vscode-pull-request-github-0.74.0/dist/extension.js:1708:23711)
	at s.value (/home/stagiaire/.vscode/extensions/github.vscode-pull-request-github-0.74.0/dist/extension.js:1818:4126)
	at c.z (/snap/code/143/usr/share/code/resources/app/out/vs/workbench/api/node/extensionHostProcess.js:80:1902)
	at c.A (/snap/code/143/usr/share/code/resources/app/out/vs/workbench/api/node/extensionHostProcess.js:80:1972)
	at c.fire (/snap/code/143/usr/share/code/resources/app/out/vs/workbench/api/node/extensionHostProcess.js:80:2188)
	at s.value (/home/stagiaire/.vscode/extensions/github.vscode-pull-request-github-0.74.0/dist/extension.js:1624:461993)
	at c.z (/snap/code/143/usr/share/code/resources/app/out/vs/workbench/api/node/extensionHostProcess.js:80:1902)
	at c.fire (/snap/code/143/usr/share/code/resources/app/out/vs/workbench/api/node/extensionHostProcess.js:80:2119)
	at /home/stagiaire/.vscode/extensions/github.vscode-pull-request-github-0.74.0/dist/extension.js:1708:27425
	at s.value (/snap/code/143/usr/share/code/resources/app/extensions/git/dist/main.js:2:1402040)
	at c.z (/snap/code/143/usr/share/code/resources/app/out/vs/workbench/api/node/extensionHostProcess.js:80:1902)
	at c.A (/snap/code/143/usr/share/code/resources/app/out/vs/workbench/api/node/extensionHostProcess.js:80:1972)
	at c.fire (/snap/code/143/usr/share/code/resources/app/out/vs/workbench/api/node/extensionHostProcess.js:80:2188)
	at Object.m [as dispose] (/snap/code/143/usr/share/code/resources/app/extensions/git/dist/main.js:2:1328588)
	at /snap/code/143/usr/share/code/resources/app/extensions/git/dist/main.js:2:1333429
	at Array.forEach (<anonymous>)
	at g.dispose (/snap/code/143/usr/share/code/resources/app/extensions/git/dist/main.js:2:1333415)
	at v.<anonymous> (/snap/code/143/usr/share/code/resources/app/out/vs/workbench/api/node/extensionHostProcess.js:121:3521)
	at v.dispose (/snap/code/143/usr/share/code/resources/app/out/vs/workbench/api/node/extensionHostProcess.js:121:3618)
	at v.<anonymous> (/snap/code/143/usr/share/code/resources/app/extensions/git/dist/main.js:2:1314812)
	at v.dispose (/snap/code/143/usr/share/code/resources/app/out/vs/workbench/api/node/extensionHostProcess.js:121:3618)
	at o (/snap/code/143/usr/share/code/resources/app/out/vs/workbench/api/node/extensionHostProcess.js:30:754)
	at s.cb (/snap/code/143/usr/share/code/resources/app/out/vs/workbench/api/node/extensionHostProcess.js:136:9846)
	at /snap/code/143/usr/share/code/resources/app/out/vs/workbench/api/node/extensionHostProcess.js:136:7796
	at Array.map (<anonymous>)
	at s.Y (/snap/code/143/usr/share/code/resources/app/out/vs/workbench/api/node/extensionHostProcess.js:136:7784)
	at s.terminate (/snap/code/143/usr/share/code/resources/app/out/vs/workbench/api/node/extensionHostProcess.js:136:8054)
	at o.terminate (/snap/code/143/usr/share/code/resources/app/out/vs/workbench/api/node/extensionHostProcess.js:140:1513)
	at l (/snap/code/143/usr/share/code/resources/app/out/vs/workbench/api/node/extensionHostProcess.js:153:9801)
	at MessagePortMain.<anonymous> (/snap/code/143/usr/share/code/resources/app/out/vs/workbench/api/node/extensionHostProcess.js:153:6226)
	at MessagePortMain.emit (node:events:513:28)
	at MessagePortMain._internalPort.emit (node:electron/js2c/utility_init:2:367) setContext undefined
2023-10-18 11:55:01.643 [error] Canceled: Canceled
	at new g (/snap/code/143/usr/share/code/resources/app/out/vs/workbench/api/node/extensionHostProcess.js:125:57216)
	at i.U (/snap/code/143/usr/share/code/resources/app/out/vs/workbench/api/node/extensionHostProcess.js:134:10864)
	at M.<computed>.j.charCodeAt.M.<computed> (/snap/code/143/usr/share/code/resources/app/out/vs/workbench/api/node/extensionHostProcess.js:134:8315)
	at n.g (/snap/code/143/usr/share/code/resources/app/out/vs/workbench/api/node/extensionHostProcess.js:125:83747)
	at n.executeCommand (/snap/code/143/usr/share/code/resources/app/out/vs/workbench/api/node/extensionHostProcess.js:125:83185)
	at b.registerCommand.description (/snap/code/143/usr/share/code/resources/app/out/vs/workbench/api/node/extensionHostProcess.js:125:82506)
	at n.h (/snap/code/143/usr/share/code/resources/app/out/vs/workbench/api/node/extensionHostProcess.js:125:84283)
	at n.g (/snap/code/143/usr/share/code/resources/app/out/vs/workbench/api/node/extensionHostProcess.js:125:83278)
	at n.executeCommand (/snap/code/143/usr/share/code/resources/app/out/vs/workbench/api/node/extensionHostProcess.js:125:83185)
	at Object.executeCommand (/snap/code/143/usr/share/code/resources/app/out/vs/workbench/api/node/extensionHostProcess.js:140:21282)
	at c0.reset (/home/stagiaire/.vscode/extensions/github.vscode-pull-request-github-0.74.0/dist/extension.js:1805:3944)
	at c0.dispose (/home/stagiaire/.vscode/extensions/github.vscode-pull-request-github-0.74.0/dist/extension.js:1805:4183)
	at o (/snap/code/143/usr/share/code/resources/app/out/vs/workbench/api/node/extensionHostProcess.js:30:754)
	at s.cb (/snap/code/143/usr/share/code/resources/app/out/vs/workbench/api/node/extensionHostProcess.js:136:9846)
	at /snap/code/143/usr/share/code/resources/app/out/vs/workbench/api/node/extensionHostProcess.js:136:7796
	at Array.map (<anonymous>)
	at s.Y (/snap/code/143/usr/share/code/resources/app/out/vs/workbench/api/node/extensionHostProcess.js:136:7784)
	at s.terminate (/snap/code/143/usr/share/code/resources/app/out/vs/workbench/api/node/extensionHostProcess.js:136:8054)
	at o.terminate (/snap/code/143/usr/share/code/resources/app/out/vs/workbench/api/node/extensionHostProcess.js:140:1513)
	at l (/snap/code/143/usr/share/code/resources/app/out/vs/workbench/api/node/extensionHostProcess.js:153:9801)
	at MessagePortMain.<anonymous> (/snap/code/143/usr/share/code/resources/app/out/vs/workbench/api/node/extensionHostProcess.js:153:6226)
	at MessagePortMain.emit (node:events:513:28)
	at MessagePortMain._internalPort.emit (node:electron/js2c/utility_init:2:367) setContext undefined
2023-10-18 11:55:01.645 [info] Extension host with pid 17656 exiting with code 0
