2023-10-18 11:55:31.197 [info] Log level: Info
2023-10-18 11:55:31.197 [info] Validating found git in: "git"
2023-10-18 11:55:31.197 [info] Using git "2.34.1" from "git"
2023-10-18 11:55:31.197 [info] > git rev-parse --show-toplevel [3ms]
2023-10-18 11:55:31.197 [info] > git rev-parse --git-dir --git-common-dir [26ms]
2023-10-18 11:55:31.197 [info] Open repository: /home/stagiaire/klqngd/cours 2/TEST
2023-10-18 11:55:31.229 [info] > git config --get commit.template [27ms]
2023-10-18 11:55:31.246 [info] > git for-each-ref --format=%(refname)%00%(upstream:short)%00%(objectname)%00%(upstream:track)%00%(upstream:remotename)%00%(upstream:remoteref) refs/heads/main refs/remotes/main [2ms]
2023-10-18 11:55:31.275 [info] > git status -z -uall [23ms]
2023-10-18 11:55:31.290 [info] > git config --get commit.template [3ms]
2023-10-18 11:55:31.346 [info] > git for-each-ref --format=%(refname)%00%(upstream:short)%00%(objectname)%00%(upstream:track)%00%(upstream:remotename)%00%(upstream:remoteref) refs/heads/main refs/remotes/main [44ms]
2023-10-18 11:55:31.385 [info] > git status -z -uall [32ms]
2023-10-18 11:55:31.589 [info] > git show --textconv :aledFonctionne [6ms]
2023-10-18 11:55:31.597 [info] > git ls-files --stage -- /home/stagiaire/klqngd/cours 2/TEST/aledFonctionne [7ms]
2023-10-18 11:55:31.604 [info] > git cat-file -s 4c6fab2a6c8e474e58b94f4da11b175e06328469 [1ms]
2023-10-18 11:55:31.734 [info] > git check-ignore -v -z --stdin [1ms]
2023-10-18 11:55:32.261 [info] > git config --local branch.main.github-pr-owner-number [33ms]
2023-10-18 11:55:32.273 [info] > git config --get commit.template [5ms]
2023-10-18 11:55:32.295 [info] > git for-each-ref --format=%(refname)%00%(upstream:short)%00%(objectname)%00%(upstream:track)%00%(upstream:remotename)%00%(upstream:remoteref) refs/heads/main refs/remotes/main [3ms]
2023-10-18 11:55:32.301 [info] > git status -z -uall [1ms]
2023-10-18 11:55:33.839 [info] > git config --get commit.template [5ms]
2023-10-18 11:55:33.848 [info] > git for-each-ref --format=%(refname)%00%(upstream:short)%00%(objectname)%00%(upstream:track)%00%(upstream:remotename)%00%(upstream:remoteref) refs/heads/main refs/remotes/main [1ms]
2023-10-18 11:55:33.857 [info] > git status -z -uall [2ms]
2023-10-18 11:55:36.057 [info] > git add -A -- . [2ms]
2023-10-18 11:55:36.432 [info] > git show --textconv :.git/COMMIT_EDITMSG [8ms]
2023-10-18 11:55:36.433 [info] > git ls-files --stage -- /home/stagiaire/klqngd/cours 2/TEST/.git/COMMIT_EDITMSG [1ms]
2023-10-18 11:55:36.740 [info] > git check-ignore -v -z --stdin [0ms]
2023-10-18 11:55:37.243 [info] > git ls-files --stage -- /home/stagiaire/klqngd/cours 2/TEST/.git/COMMIT_EDITMSG [1ms]
2023-10-18 11:55:37.251 [info] > git show --textconv :.git/COMMIT_EDITMSG [1ms]
2023-10-18 11:55:40.404 [info] > git show --textconv :aledFonctionne [7ms]
2023-10-18 11:55:40.405 [info] > git ls-files --stage -- /home/stagiaire/klqngd/cours 2/TEST/aledFonctionne [1ms]
2023-10-18 11:55:40.411 [info] > git cat-file -s afe35ef1492dc0890826ee0389ae1ca1aa941dd1 [1ms]
2023-10-18 11:56:00.681 [info] > git show --textconv HEAD:aledFonctionne [10ms]
2023-10-18 11:56:00.683 [info] > git ls-tree -l HEAD -- /home/stagiaire/klqngd/cours 2/TEST/aledFonctionne [1ms]
2023-10-18 11:56:33.638 [info] > git show --textconv :.git/COMMIT_EDITMSG [5ms]
2023-10-18 11:56:33.639 [info] > git ls-files --stage -- /home/stagiaire/klqngd/cours 2/TEST/.git/COMMIT_EDITMSG [1ms]
2023-10-18 11:56:34.798 [info] > git ls-tree -l HEAD -- /home/stagiaire/klqngd/cours 2/TEST/aledFonctionne [2ms]
