2023-10-18 10:05:29.476 [info] Reading sessions from keychain...
2023-10-18 10:05:29.476 [info] Getting sessions for all scopes...
2023-10-18 10:05:29.476 [info] Getting sessions for all scopes...
2023-10-18 10:05:29.476 [info] Got 0 sessions for ...
2023-10-18 10:05:29.476 [info] Got 0 sessions for ...
2023-10-18 10:05:29.514 [info] Getting sessions for read:user,repo,user:email,workflow...
2023-10-18 10:05:29.514 [info] Got 0 sessions for read:user,repo,user:email,workflow...
2023-10-18 10:05:29.516 [info] Getting sessions for read:user,repo,user:email...
2023-10-18 10:05:29.516 [info] Got 0 sessions for read:user,repo,user:email...
2023-10-18 10:06:09.939 [info] Reading sessions from keychain...
2023-10-18 10:06:09.939 [info] Getting sessions for all scopes...
2023-10-18 10:06:09.939 [info] Got 0 sessions for ...
2023-10-18 10:06:09.986 [info] Getting sessions for all scopes...
2023-10-18 10:06:09.987 [info] Got 0 sessions for ...
2023-10-18 10:06:09.994 [info] Getting sessions for read:user,repo,user:email,workflow...
2023-10-18 10:06:09.994 [info] Got 0 sessions for read:user,repo,user:email,workflow...
2023-10-18 10:06:10.014 [info] Getting sessions for read:user,repo,user:email...
2023-10-18 10:06:10.014 [info] Got 0 sessions for read:user,repo,user:email...
2023-10-18 10:07:48.028 [info] Getting sessions for read:user,repo,user:email,workflow...
2023-10-18 10:07:48.028 [info] Got 0 sessions for read:user,repo,user:email,workflow...
2023-10-18 10:07:51.854 [info] Logging in for the following scopes: read:user repo user:email workflow
2023-10-18 10:07:51.863 [info] Trying without local server... (read:user repo user:email workflow)
2023-10-18 10:08:11.904 [info] Exchanging code for token...
2023-10-18 10:08:12.306 [info] Token exchange success!
2023-10-18 10:08:12.307 [info] Getting user info...
2023-10-18 10:08:12.646 [info] Got account info!
2023-10-18 10:08:12.646 [info] Storing 1 sessions...
2023-10-18 10:08:12.648 [info] Reading sessions from keychain...
2023-10-18 10:08:12.648 [info] Stored 1 sessions!
2023-10-18 10:08:12.648 [info] Login success!
2023-10-18 10:08:12.676 [info] Got stored sessions!
2023-10-18 10:08:12.676 [info] Got 1 verified sessions.
2023-10-18 10:08:12.677 [info] Getting sessions for read:user,repo,user:email,workflow...
2023-10-18 10:08:12.677 [info] Got 1 sessions for read:user,repo,user:email,workflow...
2023-10-18 10:08:27.944 [info] Getting sessions for read:user,repo,user:email,workflow...
2023-10-18 10:08:27.944 [info] Got 1 sessions for read:user,repo,user:email,workflow...
2023-10-18 10:16:32.158 [info] Getting sessions for read:user,repo,user:email,workflow...
2023-10-18 10:16:32.158 [info] Got 1 sessions for read:user,repo,user:email,workflow...
2023-10-18 10:25:24.666 [info] Getting sessions for read:user,repo,user:email,workflow...
2023-10-18 10:25:24.666 [info] Got 1 sessions for read:user,repo,user:email,workflow...
2023-10-18 10:25:33.466 [info] Getting sessions for read:user,repo,user:email,workflow...
2023-10-18 10:25:33.466 [info] Got 1 sessions for read:user,repo,user:email,workflow...
