2023-10-18 11:21:28.892 [info] Log level: Info
2023-10-18 11:21:28.892 [info] Validating found git in: "git"
2023-10-18 11:21:28.892 [info] Using git "2.34.1" from "git"
2023-10-18 11:21:28.892 [info] > git rev-parse --show-toplevel [2ms]
2023-10-18 11:21:28.892 [info] > git rev-parse --git-dir --git-common-dir [39ms]
2023-10-18 11:21:28.892 [info] Open repository: /home/stagiaire
2023-10-18 11:21:28.892 [info] > git rev-parse --show-toplevel [2ms]
2023-10-18 11:21:28.892 [info] > git config --get commit.template [10ms]
2023-10-18 11:21:28.909 [info] > git rev-parse --show-toplevel [10ms]
2023-10-18 11:21:28.910 [info] > git for-each-ref --format=%(refname)%00%(upstream:short)%00%(objectname)%00%(upstream:track)%00%(upstream:remotename)%00%(upstream:remoteref) refs/heads/master refs/remotes/master [3ms]
2023-10-18 11:21:29.029 [info] > git status -z -uall [113ms] (cancelled)
2023-10-18 11:21:29.333 [info] > git check-ignore -v -z --stdin [1ms]
2023-10-18 11:21:29.400 [info] > git show --textconv :klqngd/cours 2/FONCTIONNE/README.md [6ms]
2023-10-18 11:21:29.401 [info] > git ls-files --stage -- /home/stagiaire/klqngd/cours 2/FONCTIONNE/README.md [1ms]
2023-10-18 11:21:29.852 [info] > git config --local branch.master.github-pr-owner-number [14ms]
2023-10-18 11:21:29.864 [info] > git config --get commit.template [5ms]
2023-10-18 11:21:29.868 [info] > git for-each-ref --format=%(refname)%00%(upstream:short)%00%(objectname)%00%(upstream:track)%00%(upstream:remotename)%00%(upstream:remoteref) refs/heads/master refs/remotes/master [4ms]
2023-10-18 11:21:29.926 [info] > git status -z -uall [52ms] (cancelled)
2023-10-18 11:21:30.043 [info] > git config --get commit.template [3ms]
2023-10-18 11:21:30.051 [info] > git for-each-ref --format=%(refname)%00%(upstream:short)%00%(objectname)%00%(upstream:track)%00%(upstream:remotename)%00%(upstream:remoteref) refs/heads/master refs/remotes/master [1ms]
2023-10-18 11:21:30.703 [info] > git status -z -uall [644ms] (cancelled)
2023-10-18 11:21:31.990 [info] > git check-ignore -v -z --stdin [1ms]
2023-10-18 11:21:36.549 [info] > git push [1ms]
2023-10-18 11:21:36.549 [info] fatal: The current branch master has no upstream branch.
To push the current branch and set the remote as upstream, use

    git push --set-upstream origin master
2023-10-18 11:21:36.568 [info] > git config --get commit.template [9ms]
2023-10-18 11:21:36.569 [info] > git for-each-ref --format=%(refname)%00%(upstream:short)%00%(objectname)%00%(upstream:track)%00%(upstream:remotename)%00%(upstream:remoteref) refs/heads/master refs/remotes/master [1ms]
2023-10-18 11:21:36.694 [info] > git status -z -uall [117ms] (cancelled)
2023-10-18 11:21:44.857 [info] > git push -u origin master [9ms]
2023-10-18 11:21:44.857 [info] error: src refspec master does not match any
error: failed to push some refs to 'https://github.com/Xenor23/Vsc-Git-test.git'
2023-10-18 11:21:44.879 [info] > git config --get commit.template [10ms]
2023-10-18 11:21:44.879 [info] > git for-each-ref --format=%(refname)%00%(upstream:short)%00%(objectname)%00%(upstream:track)%00%(upstream:remotename)%00%(upstream:remoteref) refs/heads/master refs/remotes/master [1ms]
2023-10-18 11:21:45.005 [info] > git status -z -uall [114ms] (cancelled)
2023-10-18 11:21:49.581 [info] > git log --oneline --cherry master...master@{upstream} -- [1ms]
2023-10-18 11:21:49.581 [info] fatal: no such branch: 'master...master'
2023-10-18 11:21:50.256 [info] > git pull --tags [668ms]
2023-10-18 11:21:50.256 [info] remote: Repository not found.
fatal: repository 'https://github.com/Xenor23/Vsc-Git-test.git/' not found
2023-10-18 11:21:50.267 [info] > git config --get commit.template [1ms]
2023-10-18 11:21:50.277 [info] > git for-each-ref --format=%(refname)%00%(upstream:short)%00%(objectname)%00%(upstream:track)%00%(upstream:remotename)%00%(upstream:remoteref) refs/heads/master refs/remotes/master [2ms]
2023-10-18 11:21:50.386 [info] > git status -z -uall [100ms] (cancelled)
2023-10-18 11:21:51.190 [info] > git ls-files --stage -- /home/stagiaire/klqngd/cours 2/FONCTIONNE/README.md [1ms]
2023-10-18 11:21:51.203 [info] > git show --textconv :klqngd/cours 2/FONCTIONNE/README.md [1ms]
2023-10-18 11:22:20.570 [info] > git clone https://github.com/Xenor23/my-first-project.git /home/stagiaire/klqngd/cours 2/FONCTIONNE/my-first-project --progress [461ms]
2023-10-18 11:22:20.570 [info] Cloning into '/home/stagiaire/klqngd/cours 2/FONCTIONNE/my-first-project'...
warning: You appear to have cloned an empty repository.
2023-10-18 11:24:18.733 [info] > git push [1ms]
2023-10-18 11:24:18.733 [info] fatal: The current branch master has no upstream branch.
To push the current branch and set the remote as upstream, use

    git push --set-upstream origin master
2023-10-18 11:24:18.745 [info] > git config --get commit.template [5ms]
2023-10-18 11:24:18.745 [info] > git for-each-ref --format=%(refname)%00%(upstream:short)%00%(objectname)%00%(upstream:track)%00%(upstream:remotename)%00%(upstream:remoteref) refs/heads/master refs/remotes/master [1ms]
2023-10-18 11:24:18.877 [info] > git status -z -uall [125ms] (cancelled)
2023-10-18 11:24:20.537 [info] > git push -u origin master [7ms]
2023-10-18 11:24:20.537 [info] error: src refspec master does not match any
error: failed to push some refs to 'https://github.com/Xenor23/Vsc-Git-test.git'
2023-10-18 11:24:20.555 [info] > git config --get commit.template [8ms]
2023-10-18 11:24:20.556 [info] > git for-each-ref --format=%(refname)%00%(upstream:short)%00%(objectname)%00%(upstream:track)%00%(upstream:remotename)%00%(upstream:remoteref) refs/heads/master refs/remotes/master [1ms]
2023-10-18 11:24:20.676 [info] > git status -z -uall [113ms] (cancelled)
2023-10-18 11:24:24.935 [info] > git log --oneline --cherry master...master@{upstream} -- [1ms]
2023-10-18 11:24:24.935 [info] fatal: no such branch: 'master...master'
2023-10-18 11:24:25.649 [info] > git pull --tags [708ms]
2023-10-18 11:24:25.649 [info] remote: Repository not found.
fatal: repository 'https://github.com/Xenor23/Vsc-Git-test.git/' not found
2023-10-18 11:24:25.658 [info] > git config --get commit.template [1ms]
2023-10-18 11:24:25.667 [info] > git for-each-ref --format=%(refname)%00%(upstream:short)%00%(objectname)%00%(upstream:track)%00%(upstream:remotename)%00%(upstream:remoteref) refs/heads/master refs/remotes/master [1ms]
2023-10-18 11:24:25.778 [info] > git status -z -uall [103ms] (cancelled)
2023-10-18 11:24:26.569 [info] > git ls-files --stage -- /home/stagiaire/klqngd/cours 2/FONCTIONNE/README.md [1ms]
2023-10-18 11:24:26.582 [info] > git show --textconv :klqngd/cours 2/FONCTIONNE/README.md [1ms]
2023-10-18 11:24:59.063 [info] > git for-each-ref --sort -committerdate --format %(refname) %(objectname) %(*objectname) [1ms]
2023-10-18 11:25:18.234 [info] > git push -u origin master [5ms]
2023-10-18 11:25:18.234 [info] error: src refspec master does not match any
error: failed to push some refs to 'https://github.com/Xenor23/Vsc-Git-test.git'
2023-10-18 11:25:18.249 [info] > git config --get commit.template [8ms]
2023-10-18 11:25:18.250 [info] > git for-each-ref --format=%(refname)%00%(upstream:short)%00%(objectname)%00%(upstream:track)%00%(upstream:remotename)%00%(upstream:remoteref) refs/heads/master refs/remotes/master [2ms]
2023-10-18 11:25:18.375 [info] > git status -z -uall [117ms] (cancelled)
2023-10-18 11:25:26.904 [info] > git for-each-ref --sort -committerdate --format %(refname) %(objectname) %(*objectname) [2ms]
2023-10-18 11:25:32.349 [info] > git log --oneline --cherry master...master@{upstream} -- [2ms]
2023-10-18 11:25:32.349 [info] fatal: no such branch: 'master...master'
2023-10-18 11:25:32.970 [info] > git pull --tags [613ms]
2023-10-18 11:25:32.970 [info] remote: Repository not found.
fatal: repository 'https://github.com/Xenor23/Vsc-Git-test.git/' not found
2023-10-18 11:25:32.978 [info] > git config --get commit.template [1ms]
2023-10-18 11:25:32.988 [info] > git for-each-ref --format=%(refname)%00%(upstream:short)%00%(objectname)%00%(upstream:track)%00%(upstream:remotename)%00%(upstream:remoteref) refs/heads/master refs/remotes/master [1ms]
2023-10-18 11:25:33.115 [info] > git status -z -uall [118ms] (cancelled)
2023-10-18 11:25:33.981 [info] > git ls-files --stage -- /home/stagiaire/klqngd/cours 2/FONCTIONNE/README.md [1ms]
2023-10-18 11:25:33.992 [info] > git show --textconv :klqngd/cours 2/FONCTIONNE/README.md [1ms]
2023-10-18 11:25:46.536 [info] > git show --textconv :klqngd/cours 2/FONCTIONNE/README.md [6ms]
2023-10-18 11:25:46.537 [info] > git ls-files --stage -- /home/stagiaire/klqngd/cours 2/FONCTIONNE/README.md [1ms]
2023-10-18 11:25:52.180 [info] > git check-ignore -v -z --stdin [1ms]
2023-10-18 11:26:15.633 [info] > git show --textconv :klqngd/cours 2/FONCTIONNE/test.md [4ms]
2023-10-18 11:26:15.634 [info] > git ls-files --stage -- /home/stagiaire/klqngd/cours 2/FONCTIONNE/test.md [1ms]
2023-10-18 11:26:15.912 [info] > git check-ignore -v -z --stdin [1ms]
2023-10-18 11:26:43.356 [info] > git add -A -- . [4334ms]
2023-10-18 11:26:43.356 [info] warning: adding embedded git repository: .local/share/Trash/files/Vsc Git
hint: You've added another git repository inside your current repository.
hint: Clones of the outer repository will not contain the contents of
hint: the embedded repository and will not know how to obtain it.
hint: If you meant to add a submodule, use:
hint: 
hint: 	git submodule add <url> .local/share/Trash/files/Vsc Git
hint: 
hint: If you added this path by mistake, you can remove it from the
hint: index with:
hint: 
hint: 	git rm --cached .local/share/Trash/files/Vsc Git
hint: 
hint: See "git help submodule" for more information.
error: '.local/share/Trash/files/my-first-project/' does not have a commit checked out
fatal: adding files failed
2023-10-18 11:26:43.367 [info] > git config --get commit.template [5ms]
2023-10-18 11:26:43.367 [info] > git for-each-ref --format=%(refname)%00%(upstream:short)%00%(objectname)%00%(upstream:track)%00%(upstream:remotename)%00%(upstream:remoteref) refs/heads/master refs/remotes/master [0ms]
2023-10-18 11:26:43.483 [info] > git status -z -uall [111ms] (cancelled)
2023-10-18 11:27:07.484 [info] > git log --oneline --cherry master...master@{upstream} -- [1ms]
2023-10-18 11:27:07.484 [info] fatal: no such branch: 'master...master'
2023-10-18 11:27:08.183 [info] > git pull --tags [691ms]
2023-10-18 11:27:08.183 [info] remote: Repository not found.
fatal: repository 'https://github.com/Xenor23/Vsc-Git-test.git/' not found
2023-10-18 11:27:08.193 [info] > git config --get commit.template [4ms]
2023-10-18 11:27:08.193 [info] > git for-each-ref --format=%(refname)%00%(upstream:short)%00%(objectname)%00%(upstream:track)%00%(upstream:remotename)%00%(upstream:remoteref) refs/heads/master refs/remotes/master [0ms]
2023-10-18 11:27:08.302 [info] > git status -z -uall [105ms] (cancelled)
2023-10-18 11:27:09.097 [info] > git ls-files --stage -- /home/stagiaire/klqngd/cours 2/FONCTIONNE/test.md [1ms]
2023-10-18 11:27:09.105 [info] > git show --textconv :klqngd/cours 2/FONCTIONNE/test.md [1ms]
2023-10-18 11:27:15.266 [info] > git for-each-ref --sort -committerdate --format %(refname) %(objectname) %(*objectname) [1ms]
2023-10-18 11:27:17.716 [info] > git for-each-ref --sort -committerdate --format %(refname) %(objectname) %(*objectname) [1ms]
2023-10-18 11:27:30.559 [info] > git push -u origin master [6ms]
2023-10-18 11:27:30.559 [info] error: src refspec master does not match any
error: failed to push some refs to 'https://github.com/Xenor23/Vsc-Git-test.git'
2023-10-18 11:27:30.577 [info] > git config --get commit.template [8ms]
2023-10-18 11:27:30.577 [info] > git for-each-ref --format=%(refname)%00%(upstream:short)%00%(objectname)%00%(upstream:track)%00%(upstream:remotename)%00%(upstream:remoteref) refs/heads/master refs/remotes/master [1ms]
2023-10-18 11:27:30.706 [info] > git status -z -uall [124ms] (cancelled)
2023-10-18 11:27:35.461 [info] > git log --oneline --cherry master...master@{upstream} -- [1ms]
2023-10-18 11:27:35.461 [info] fatal: no such branch: 'master...master'
2023-10-18 11:27:36.585 [info] > git pull --tags [1118ms]
2023-10-18 11:27:36.585 [info] remote: Repository not found.
fatal: repository 'https://github.com/Xenor23/Vsc-Git-test.git/' not found
2023-10-18 11:27:36.597 [info] > git config --get commit.template [5ms]
2023-10-18 11:27:36.597 [info] > git for-each-ref --format=%(refname)%00%(upstream:short)%00%(objectname)%00%(upstream:track)%00%(upstream:remotename)%00%(upstream:remoteref) refs/heads/master refs/remotes/master [1ms]
2023-10-18 11:27:36.703 [info] > git status -z -uall [101ms] (cancelled)
2023-10-18 11:27:37.486 [info] > git ls-files --stage -- /home/stagiaire/klqngd/cours 2/FONCTIONNE/test.md [1ms]
2023-10-18 11:27:37.493 [info] > git show --textconv :klqngd/cours 2/FONCTIONNE/test.md [1ms]
2023-10-18 11:28:34.903 [info] > git remote add jsp https://github.com/Xenor23/TEST.git [1ms]
2023-10-18 11:28:34.912 [info] > git config --get commit.template [1ms]
2023-10-18 11:28:34.920 [info] > git for-each-ref --format=%(refname)%00%(upstream:short)%00%(objectname)%00%(upstream:track)%00%(upstream:remotename)%00%(upstream:remoteref) refs/heads/master refs/remotes/master [1ms]
2023-10-18 11:28:35.044 [info] > git status -z -uall [117ms] (cancelled)
2023-10-18 11:28:36.233 [info] > git fetch jsp [1191ms]
2023-10-18 11:28:36.233 [info] Auto packing the repository in background for optimum performance.
See "git help gc" for manual housekeeping.
2023-10-18 11:28:36.243 [info] > git config --get commit.template [1ms]
2023-10-18 11:28:36.252 [info] > git for-each-ref --format=%(refname)%00%(upstream:short)%00%(objectname)%00%(upstream:track)%00%(upstream:remotename)%00%(upstream:remoteref) refs/heads/master refs/remotes/master [1ms]
2023-10-18 11:28:36.364 [info] > git status -z -uall [104ms] (cancelled)
2023-10-18 11:29:03.555 [info] > git ls-files --stage -- /home/stagiaire/klqngd/cours 2/FONCTIONNE/test.md [1ms]
2023-10-18 11:29:03.565 [info] > git show --textconv :klqngd/cours 2/FONCTIONNE/test.md [1ms]
2023-10-18 11:29:09.584 [info] > git log --oneline --cherry master...master@{upstream} -- [1ms]
2023-10-18 11:29:09.584 [info] fatal: no such branch: 'master...master'
2023-10-18 11:29:10.235 [info] > git pull --tags [644ms]
2023-10-18 11:29:10.235 [info] remote: Repository not found.
fatal: repository 'https://github.com/Xenor23/Vsc-Git-test.git/' not found
2023-10-18 11:29:10.248 [info] > git config --get commit.template [6ms]
2023-10-18 11:29:10.248 [info] > git for-each-ref --format=%(refname)%00%(upstream:short)%00%(objectname)%00%(upstream:track)%00%(upstream:remotename)%00%(upstream:remoteref) refs/heads/master refs/remotes/master [1ms]
2023-10-18 11:29:10.361 [info] > git status -z -uall [105ms] (cancelled)
2023-10-18 11:29:11.190 [info] > git ls-files --stage -- /home/stagiaire/klqngd/cours 2/FONCTIONNE/test.md [1ms]
2023-10-18 11:29:11.199 [info] > git show --textconv :klqngd/cours 2/FONCTIONNE/test.md [1ms]
2023-10-18 11:29:16.153 [info] > git push [1ms]
2023-10-18 11:29:16.154 [info] fatal: The current branch master has no upstream branch.
To push the current branch and set the remote as upstream, use

    git push --set-upstream origin master
2023-10-18 11:29:16.171 [info] > git config --get commit.template [8ms]
2023-10-18 11:29:16.172 [info] > git for-each-ref --format=%(refname)%00%(upstream:short)%00%(objectname)%00%(upstream:track)%00%(upstream:remotename)%00%(upstream:remoteref) refs/heads/master refs/remotes/master [1ms]
2023-10-18 11:29:16.282 [info] > git status -z -uall [103ms] (cancelled)
2023-10-18 11:29:26.613 [info] > git push -u jsp master [7ms]
2023-10-18 11:29:26.613 [info] error: src refspec master does not match any
error: failed to push some refs to 'https://github.com/Xenor23/TEST.git'
2023-10-18 11:29:26.631 [info] > git config --get commit.template [7ms]
2023-10-18 11:29:26.632 [info] > git for-each-ref --format=%(refname)%00%(upstream:short)%00%(objectname)%00%(upstream:track)%00%(upstream:remotename)%00%(upstream:remoteref) refs/heads/master refs/remotes/master [1ms]
2023-10-18 11:29:26.752 [info] > git status -z -uall [114ms] (cancelled)
2023-10-18 11:36:42.930 [info] > git push [1ms]
2023-10-18 11:36:42.930 [info] fatal: The current branch master has no upstream branch.
To push the current branch and set the remote as upstream, use

    git push --set-upstream origin master
2023-10-18 11:36:42.944 [info] > git config --get commit.template [5ms]
2023-10-18 11:36:42.944 [info] > git for-each-ref --format=%(refname)%00%(upstream:short)%00%(objectname)%00%(upstream:track)%00%(upstream:remotename)%00%(upstream:remoteref) refs/heads/master refs/remotes/master [1ms]
2023-10-18 11:36:43.078 [info] > git status -z -uall [129ms] (cancelled)
2023-10-18 11:36:49.006 [info] > git push -u jsp master [7ms]
2023-10-18 11:36:49.006 [info] error: src refspec master does not match any
error: failed to push some refs to 'https://github.com/Xenor23/TEST.git'
2023-10-18 11:36:49.020 [info] > git config --get commit.template [7ms]
2023-10-18 11:36:49.020 [info] > git for-each-ref --format=%(refname)%00%(upstream:short)%00%(objectname)%00%(upstream:track)%00%(upstream:remotename)%00%(upstream:remoteref) refs/heads/master refs/remotes/master [1ms]
2023-10-18 11:36:49.128 [info] > git status -z -uall [102ms] (cancelled)
2023-10-18 11:36:53.902 [info] > git log --oneline --cherry master...master@{upstream} -- [1ms]
2023-10-18 11:36:53.902 [info] fatal: no such branch: 'master...master'
2023-10-18 11:36:54.538 [info] > git pull --tags [628ms]
2023-10-18 11:36:54.538 [info] remote: Repository not found.
fatal: repository 'https://github.com/Xenor23/Vsc-Git-test.git/' not found
2023-10-18 11:36:54.556 [info] > git config --get commit.template [9ms]
2023-10-18 11:36:54.557 [info] > git for-each-ref --format=%(refname)%00%(upstream:short)%00%(objectname)%00%(upstream:track)%00%(upstream:remotename)%00%(upstream:remoteref) refs/heads/master refs/remotes/master [1ms]
2023-10-18 11:36:54.668 [info] > git status -z -uall [102ms] (cancelled)
2023-10-18 11:36:57.326 [info] > git ls-files --stage -- /home/stagiaire/klqngd/cours 2/FONCTIONNE/test.md [1ms]
2023-10-18 11:36:57.337 [info] > git show --textconv :klqngd/cours 2/FONCTIONNE/test.md [1ms]
2023-10-18 11:37:35.790 [info] > git for-each-ref --sort -committerdate --format %(refname) %(objectname) %(*objectname) [1ms]
2023-10-18 11:37:57.822 [info] > git push jsp master [5ms]
2023-10-18 11:37:57.823 [info] error: src refspec master does not match any
error: failed to push some refs to 'https://github.com/Xenor23/TEST.git'
2023-10-18 11:37:57.835 [info] > git config --get commit.template [5ms]
2023-10-18 11:37:57.836 [info] > git for-each-ref --format=%(refname)%00%(upstream:short)%00%(objectname)%00%(upstream:track)%00%(upstream:remotename)%00%(upstream:remoteref) refs/heads/master refs/remotes/master [1ms]
2023-10-18 11:37:57.960 [info] > git status -z -uall [120ms] (cancelled)
2023-10-18 11:38:08.324 [info] > git log --oneline --cherry master...master@{upstream} -- [1ms]
2023-10-18 11:38:08.324 [info] fatal: no such branch: 'master...master'
2023-10-18 11:38:08.332 [info] > git pull --tags -r [1ms]
2023-10-18 11:38:08.332 [info] fatal: Updating an unborn branch with changes added to the index.
2023-10-18 11:38:08.344 [info] > git config --get commit.template [5ms]
2023-10-18 11:38:08.344 [info] > git for-each-ref --format=%(refname)%00%(upstream:short)%00%(objectname)%00%(upstream:track)%00%(upstream:remotename)%00%(upstream:remoteref) refs/heads/master refs/remotes/master [1ms]
2023-10-18 11:38:08.470 [info] > git status -z -uall [121ms] (cancelled)
2023-10-18 11:38:19.674 [info] > git log --oneline --cherry master...master@{upstream} -- [1ms]
2023-10-18 11:38:19.674 [info] fatal: no such branch: 'master...master'
2023-10-18 11:38:20.420 [info] > git pull --tags [738ms]
2023-10-18 11:38:20.420 [info] remote: Repository not found.
fatal: repository 'https://github.com/Xenor23/Vsc-Git-test.git/' not found
2023-10-18 11:38:20.437 [info] > git config --get commit.template [9ms]
2023-10-18 11:38:20.437 [info] > git for-each-ref --format=%(refname)%00%(upstream:short)%00%(objectname)%00%(upstream:track)%00%(upstream:remotename)%00%(upstream:remoteref) refs/heads/master refs/remotes/master [1ms]
2023-10-18 11:38:20.556 [info] > git status -z -uall [111ms] (cancelled)
2023-10-18 11:38:21.414 [info] > git ls-files --stage -- /home/stagiaire/klqngd/cours 2/FONCTIONNE/test.md [1ms]
2023-10-18 11:38:21.423 [info] > git show --textconv :klqngd/cours 2/FONCTIONNE/test.md [1ms]
