2023-10-18 10:02:48.986 [info] Started initializing default profile extensions in extensions installation folder. file:///home/stagiaire/.vscode/extensions
2023-10-18 10:02:49.173 [warning] Failed to create default profile extensions manifest in extensions installation folder. file:///home/stagiaire/.vscode/extensions Unable to create file 'vscode-userdata:/home/stagiaire/.vscode/extensions/extensions.json' that already exists when overwrite flag is not set
2023-10-18 10:02:49.173 [info] Completed initializing default profile extensions in extensions installation folder. file:///home/stagiaire/.vscode/extensions
2023-10-18 10:02:49.352 [error] [uncaught exception in sharedProcess]: Error: ENOENT: no such file or directory, stat '/home/stagiaire/.vscode/extensions/extensions.json.vsctmp': EntryNotFound (FileSystemError): Error: ENOENT: no such file or directory, stat '/home/stagiaire/.vscode/extensions/extensions.json.vsctmp'
    at s.create (/snap/code/143/usr/share/code/resources/app/out/vs/code/node/sharedProcess/sharedProcessMain.js:51:30209)
    at i (/snap/code/143/usr/share/code/resources/app/out/vs/code/node/sharedProcess/sharedProcessMain.js:51:30329)
    at t.fb (/snap/code/143/usr/share/code/resources/app/out/vs/code/node/sharedProcess/sharedProcessMain.js:56:35755)
    at t.stat (/snap/code/143/usr/share/code/resources/app/out/vs/code/node/sharedProcess/sharedProcessMain.js:56:28201)
    at async w.stat (/snap/code/143/usr/share/code/resources/app/out/vs/code/node/sharedProcess/sharedProcessMain.js:56:15579)
    at async Q.tb (/snap/code/143/usr/share/code/resources/app/out/vs/code/node/sharedProcess/sharedProcessMain.js:109:9514)
2023-10-18 10:03:04.220 [info] Getting Manifest... ritwickdey.liveserver
2023-10-18 10:03:04.225 [info] Installing extension: ritwickdey.liveserver
2023-10-18 10:03:07.199 [info] Extension signature is verified: ritwickdey.liveserver
2023-10-18 10:03:08.650 [info] Extracted extension to file:///home/stagiaire/.vscode/extensions/ritwickdey.liveserver-5.7.9: ritwickdey.liveserver
2023-10-18 10:03:08.658 [info] Renamed to /home/stagiaire/.vscode/extensions/ritwickdey.liveserver-5.7.9
2023-10-18 10:03:08.659 [info] Extracting extension completed. ritwickdey.liveserver
2023-10-18 10:03:08.666 [info] Extension installed successfully: ritwickdey.liveserver
2023-10-18 10:03:08.743 [error] [uncaught exception in sharedProcess]: Error: ENOENT: no such file or directory, stat '/home/stagiaire/.vscode/extensions/extensions.json.vsctmp': EntryNotFound (FileSystemError): Error: ENOENT: no such file or directory, stat '/home/stagiaire/.vscode/extensions/extensions.json.vsctmp'
    at s.create (/snap/code/143/usr/share/code/resources/app/out/vs/code/node/sharedProcess/sharedProcessMain.js:51:30209)
    at i (/snap/code/143/usr/share/code/resources/app/out/vs/code/node/sharedProcess/sharedProcessMain.js:51:30329)
    at t.fb (/snap/code/143/usr/share/code/resources/app/out/vs/code/node/sharedProcess/sharedProcessMain.js:56:35755)
    at t.stat (/snap/code/143/usr/share/code/resources/app/out/vs/code/node/sharedProcess/sharedProcessMain.js:56:28201)
    at async w.stat (/snap/code/143/usr/share/code/resources/app/out/vs/code/node/sharedProcess/sharedProcessMain.js:56:15579)
    at async Q.tb (/snap/code/143/usr/share/code/resources/app/out/vs/code/node/sharedProcess/sharedProcessMain.js:109:9514)
2023-10-18 10:05:27.367 [info] Getting Manifest... github.vscode-pull-request-github
2023-10-18 10:05:27.374 [info] Installing extension: github.vscode-pull-request-github
2023-10-18 10:05:29.159 [info] Extension signature is verified: github.vscode-pull-request-github
2023-10-18 10:05:29.215 [info] Extracted extension to file:///home/stagiaire/.vscode/extensions/github.vscode-pull-request-github-0.74.0: github.vscode-pull-request-github
2023-10-18 10:05:29.220 [info] Renamed to /home/stagiaire/.vscode/extensions/github.vscode-pull-request-github-0.74.0
2023-10-18 10:05:29.223 [info] Extracting extension completed. github.vscode-pull-request-github
2023-10-18 10:05:29.230 [info] Extension installed successfully: github.vscode-pull-request-github
2023-10-18 10:05:29.304 [error] [uncaught exception in sharedProcess]: Error: ENOENT: no such file or directory, stat '/home/stagiaire/.vscode/extensions/extensions.json.vsctmp': EntryNotFound (FileSystemError): Error: ENOENT: no such file or directory, stat '/home/stagiaire/.vscode/extensions/extensions.json.vsctmp'
    at s.create (/snap/code/143/usr/share/code/resources/app/out/vs/code/node/sharedProcess/sharedProcessMain.js:51:30209)
    at i (/snap/code/143/usr/share/code/resources/app/out/vs/code/node/sharedProcess/sharedProcessMain.js:51:30329)
    at t.fb (/snap/code/143/usr/share/code/resources/app/out/vs/code/node/sharedProcess/sharedProcessMain.js:56:35755)
    at t.stat (/snap/code/143/usr/share/code/resources/app/out/vs/code/node/sharedProcess/sharedProcessMain.js:56:28201)
    at async w.stat (/snap/code/143/usr/share/code/resources/app/out/vs/code/node/sharedProcess/sharedProcessMain.js:56:15579)
    at async Q.tb (/snap/code/143/usr/share/code/resources/app/out/vs/code/node/sharedProcess/sharedProcessMain.js:109:9514)
2023-10-18 10:09:58.145 [info] Getting Manifest... vscode-icons-team.vscode-icons
2023-10-18 10:09:58.152 [info] Installing extension: vscode-icons-team.vscode-icons
2023-10-18 10:10:00.356 [info] Extension signature is verified: vscode-icons-team.vscode-icons
2023-10-18 10:10:00.720 [info] Extracted extension to file:///home/stagiaire/.vscode/extensions/vscode-icons-team.vscode-icons-12.5.0: vscode-icons-team.vscode-icons
2023-10-18 10:10:00.724 [info] Renamed to /home/stagiaire/.vscode/extensions/vscode-icons-team.vscode-icons-12.5.0
2023-10-18 10:10:00.725 [info] Extracting extension completed. vscode-icons-team.vscode-icons
2023-10-18 10:10:00.734 [info] Extension installed successfully: vscode-icons-team.vscode-icons
2023-10-18 10:10:00.808 [error] [uncaught exception in sharedProcess]: Error: ENOENT: no such file or directory, stat '/home/stagiaire/.vscode/extensions/extensions.json.vsctmp': EntryNotFound (FileSystemError): Error: ENOENT: no such file or directory, stat '/home/stagiaire/.vscode/extensions/extensions.json.vsctmp'
    at s.create (/snap/code/143/usr/share/code/resources/app/out/vs/code/node/sharedProcess/sharedProcessMain.js:51:30209)
    at i (/snap/code/143/usr/share/code/resources/app/out/vs/code/node/sharedProcess/sharedProcessMain.js:51:30329)
    at t.fb (/snap/code/143/usr/share/code/resources/app/out/vs/code/node/sharedProcess/sharedProcessMain.js:56:35755)
    at t.stat (/snap/code/143/usr/share/code/resources/app/out/vs/code/node/sharedProcess/sharedProcessMain.js:56:28201)
    at async w.stat (/snap/code/143/usr/share/code/resources/app/out/vs/code/node/sharedProcess/sharedProcessMain.js:56:15579)
    at async Q.tb (/snap/code/143/usr/share/code/resources/app/out/vs/code/node/sharedProcess/sharedProcessMain.js:109:9514)
