2023-10-18 10:58:32.587 [info] Reading sessions from keychain...
2023-10-18 10:58:32.587 [info] Getting sessions for all scopes...
2023-10-18 10:58:32.587 [info] Getting sessions for all scopes...
2023-10-18 10:58:32.587 [info] Got stored sessions!
2023-10-18 10:58:32.587 [info] Got 1 verified sessions.
2023-10-18 10:58:32.587 [info] Got 1 sessions for ...
2023-10-18 10:58:32.587 [info] Got 1 sessions for ...
2023-10-18 10:58:32.655 [info] Getting sessions for read:user,repo,user:email,workflow...
2023-10-18 10:58:32.656 [info] Got 1 sessions for read:user,repo,user:email,workflow...
2023-10-18 10:58:38.980 [info] Reading sessions from keychain...
2023-10-18 10:58:38.980 [info] Getting sessions for all scopes...
2023-10-18 10:58:38.980 [info] Got stored sessions!
2023-10-18 10:58:38.980 [info] Got 1 verified sessions.
2023-10-18 10:58:38.980 [info] Got 1 sessions for ...
2023-10-18 10:58:38.980 [info] Getting sessions for all scopes...
2023-10-18 10:58:38.980 [info] Got 1 sessions for ...
2023-10-18 10:58:38.980 [info] Getting sessions for all scopes...
2023-10-18 10:58:38.980 [info] Got 1 sessions for ...
2023-10-18 10:58:39.148 [info] Getting sessions for read:user,repo,user:email,workflow...
2023-10-18 10:58:39.148 [info] Got 1 sessions for read:user,repo,user:email,workflow...
2023-10-18 11:01:56.379 [info] Getting sessions for read:user,repo,user:email,workflow...
2023-10-18 11:01:56.379 [info] Got 1 sessions for read:user,repo,user:email,workflow...
