2023-10-18 11:51:12.565 [info] Added views:workbench.panel.markers.view in workbench.panel.markers
2023-10-18 11:51:12.565 [info] Added views:workbench.panel.output in workbench.panel.output
2023-10-18 11:51:12.565 [info] Added views:terminal in terminal
2023-10-18 11:51:12.565 [info] Added views:workbench.scm in workbench.view.scm
2023-10-18 11:51:12.565 [info] Added views:workbench.view.search in workbench.view.search
2023-10-18 11:51:12.565 [info] Added views:workbench.explorer.fileView in workbench.views.service.sidebar.917efc5c-968e-4fc6-9173-43ee6ea9f60d
2023-10-18 11:51:12.737 [info] Added views:issues:github in workbench.view.extension.github-pull-requests
2023-10-18 11:51:12.771 [info] Added views:workbench.debug.welcome in workbench.view.debug
2023-10-18 11:51:12.948 [info] Added views:workbench.panel.repl.view in workbench.panel.repl
2023-10-18 11:51:13.404 [info] Added views:~remote.forwardedPorts in ~remote.forwardedPortsContainer
2023-10-18 11:51:13.473 [info] Added views:workbench.scm.repositories in workbench.view.scm
2023-10-18 11:51:13.845 [info] Added views:workbench.panel.comments in workbench.panel.comments
2023-10-18 11:51:17.174 [info] Added views:github:activePullRequest:welcome in workbench.view.extension.github-pull-request
2023-10-18 11:51:17.178 [info] Removed views:github:activePullRequest:welcome from workbench.view.extension.github-pull-request
2023-10-18 11:51:54.001 [info] Removed views:workbench.scm.repositories from workbench.view.scm
2023-10-18 11:51:54.409 [info] Added views:workbench.panel.markers.view in workbench.panel.markers
2023-10-18 11:51:54.409 [info] Added views:workbench.panel.output in workbench.panel.output
2023-10-18 11:51:54.409 [info] Added views:terminal in terminal
2023-10-18 11:51:54.409 [info] Added views:workbench.scm in workbench.view.scm
2023-10-18 11:51:54.409 [info] Added views:workbench.view.search in workbench.view.search
2023-10-18 11:51:54.409 [info] Added views:workbench.explorer.fileView in workbench.views.service.sidebar.917efc5c-968e-4fc6-9173-43ee6ea9f60d
2023-10-18 11:51:54.536 [info] Added views:issues:github in workbench.view.extension.github-pull-requests
2023-10-18 11:51:54.683 [info] Added views:workbench.debug.variablesView,workbench.debug.watchExpressionsView,workbench.debug.callStackView,workbench.debug.breakPointsView in workbench.view.debug
2023-10-18 11:51:54.705 [info] Added views:workbench.panel.repl.view in workbench.panel.repl
2023-10-18 11:51:54.706 [info] Removed views:workbench.debug.breakPointsView,workbench.debug.callStackView,workbench.debug.watchExpressionsView,workbench.debug.variablesView from workbench.view.debug
2023-10-18 11:51:54.706 [info] Added views:workbench.debug.welcome in workbench.view.debug
2023-10-18 11:51:54.808 [info] Added views:~remote.forwardedPorts in ~remote.forwardedPortsContainer
2023-10-18 11:51:54.873 [info] Added views:workbench.scm.repositories in workbench.view.scm
2023-10-18 11:51:55.166 [info] Added views:github:activePullRequest:welcome in workbench.view.extension.github-pull-request
2023-10-18 11:51:55.168 [info] Added views:workbench.panel.comments in workbench.panel.comments
2023-10-18 11:51:58.858 [info] Removed views:github:activePullRequest:welcome from workbench.view.extension.github-pull-request
2023-10-18 11:52:06.083 [info] Removed views:workbench.scm.repositories from workbench.view.scm
