2023-10-18 10:02:49.528 [info] Log level: Info
2023-10-18 10:02:49.528 [info] Validating found git in: "git"
2023-10-18 10:02:49.528 [info] Using git "2.34.1" from "git"
2023-10-18 10:06:11.190 [info] Log level: Info
2023-10-18 10:06:11.190 [info] Validating found git in: "git"
2023-10-18 10:06:11.190 [info] Using git "2.34.1" from "git"
2023-10-18 10:06:11.190 [info] > git rev-parse --show-toplevel [5ms]
2023-10-18 10:06:57.736 [info] > git rev-parse --show-toplevel [1ms]
2023-10-18 10:07:04.271 [info] > git rev-parse --show-toplevel [1ms]
2023-10-18 10:07:43.402 [info] > git rev-parse --show-toplevel [1ms]
2023-10-18 10:08:27.318 [info] > git init -b main [4ms]
2023-10-18 10:08:27.324 [info] > git rev-parse --show-toplevel [1ms]
2023-10-18 10:08:27.330 [info] > git rev-parse --git-dir --git-common-dir [1ms]
2023-10-18 10:08:27.342 [info] Open repository: /home/stagiaire/klqngd/cours 2/Vsc Git
2023-10-18 10:08:27.367 [info] > git add -A -- . [17ms]
2023-10-18 10:08:27.374 [info] > git config --get commit.template [17ms]
2023-10-18 10:08:27.384 [info] > git -c user.useConfigOnly=true commit --quiet --allow-empty-message --file - --allow-empty-message [12ms]
2023-10-18 10:08:27.391 [info] No remotes found in the git config file.
2023-10-18 10:08:27.397 [info] > git for-each-ref --format=%(refname)%00%(upstream:short)%00%(objectname)%00%(upstream:track)%00%(upstream:remotename)%00%(upstream:remoteref) refs/heads/main refs/remotes/main [7ms]
2023-10-18 10:08:27.405 [info] > git status -z -uall [2ms]
2023-10-18 10:08:27.412 [info] > git config --get commit.template [15ms]
2023-10-18 10:08:27.432 [info] > git config --get commit.template [2ms]
2023-10-18 10:08:27.432 [info] > git config --get commit.template [11ms]
2023-10-18 10:08:27.442 [info] No remotes found in the git config file.
2023-10-18 10:08:27.447 [info] No remotes found in the git config file.
2023-10-18 10:08:27.447 [info] > git for-each-ref --format=%(refname)%00%(upstream:short)%00%(objectname)%00%(upstream:track)%00%(upstream:remotename)%00%(upstream:remoteref) refs/heads/main refs/remotes/main [6ms]
2023-10-18 10:08:27.451 [info] > git for-each-ref --format=%(refname)%00%(upstream:short)%00%(objectname)%00%(upstream:track)%00%(upstream:remotename)%00%(upstream:remoteref) refs/heads/main refs/remotes/main [4ms]
2023-10-18 10:08:27.459 [info] > git status -z -uall [1ms]
2023-10-18 10:08:27.490 [info] > git config --local branch.main.github-pr-owner-number [8ms]
2023-10-18 10:08:27.496 [info] > git config --get commit.template [6ms]
2023-10-18 10:08:27.496 [info] > git config --get commit.template [0ms]
2023-10-18 10:08:27.502 [info] No remotes found in the git config file.
2023-10-18 10:08:27.509 [info] No remotes found in the git config file.
2023-10-18 10:08:27.510 [info] > git for-each-ref --format=%(refname)%00%(upstream:short)%00%(objectname)%00%(upstream:track)%00%(upstream:remotename)%00%(upstream:remoteref) refs/heads/main refs/remotes/main [8ms]
2023-10-18 10:08:27.511 [info] > git for-each-ref --format=%(refname)%00%(upstream:short)%00%(objectname)%00%(upstream:track)%00%(upstream:remotename)%00%(upstream:remoteref) refs/heads/main refs/remotes/main [2ms]
2023-10-18 10:08:27.525 [info] > git status -z -uall [8ms]
2023-10-18 10:08:27.528 [info] > git remote add origin https://github.com/Xenor23/Vsc-Git.git [3ms]
2023-10-18 10:08:27.535 [info] > git config --get commit.template [1ms]
2023-10-18 10:08:27.541 [info] > git for-each-ref --format=%(refname)%00%(upstream:short)%00%(objectname)%00%(upstream:track)%00%(upstream:remotename)%00%(upstream:remoteref) refs/heads/main refs/remotes/main [1ms]
2023-10-18 10:08:27.550 [info] > git status -z -uall [2ms]
2023-10-18 10:08:27.775 [info] > git show --textconv :README.MD [5ms]
2023-10-18 10:08:27.776 [info] > git ls-files --stage -- /home/stagiaire/klqngd/cours 2/Vsc Git/README.MD [1ms]
2023-10-18 10:08:27.781 [info] > git cat-file -s e69de29bb2d1d6434b8b29ae775ad8c2e48c5391 [1ms]
2023-10-18 10:08:27.917 [info] > git config --local branch.main.github-pr-owner-number [3ms]
2023-10-18 10:08:27.938 [info] > git check-ignore -v -z --stdin [1ms]
2023-10-18 10:08:27.939 [info] > git config --get commit.template [7ms]
2023-10-18 10:08:27.944 [info] > git for-each-ref --format=%(refname)%00%(upstream:short)%00%(objectname)%00%(upstream:track)%00%(upstream:remotename)%00%(upstream:remoteref) refs/heads/main refs/remotes/main [1ms]
2023-10-18 10:08:27.949 [info] > git status -z -uall [1ms]
2023-10-18 10:08:28.760 [info] > git ls-files --stage -- /home/stagiaire/klqngd/cours 2/Vsc Git/README.MD [0ms]
2023-10-18 10:08:28.764 [info] > git cat-file -s e69de29bb2d1d6434b8b29ae775ad8c2e48c5391 [0ms]
2023-10-18 10:08:28.769 [info] > git show --textconv :README.MD [1ms]
2023-10-18 10:08:28.854 [info] > git push -u origin main [1296ms]
2023-10-18 10:08:28.854 [info] To https://github.com/Xenor23/Vsc-Git.git
 * [new branch]      main -> main
2023-10-18 10:08:28.862 [info] > git config --get commit.template [4ms]
2023-10-18 10:08:28.863 [info] > git for-each-ref --format=%(refname)%00%(upstream:short)%00%(objectname)%00%(upstream:track)%00%(upstream:remotename)%00%(upstream:remoteref) refs/heads/main refs/remotes/main [1ms]
2023-10-18 10:08:28.867 [info] > git status -z -uall [1ms]
2023-10-18 10:08:28.897 [info] > git config --local branch.main.github-pr-owner-number [1ms]
2023-10-18 10:08:28.912 [info] > git config --get commit.template [8ms]
2023-10-18 10:08:28.912 [info] > git for-each-ref --format=%(refname)%00%(upstream:short)%00%(objectname)%00%(upstream:track)%00%(upstream:remotename)%00%(upstream:remoteref) refs/heads/main refs/remotes/main [1ms]
2023-10-18 10:08:28.920 [info] > git status -z -uall [1ms]
2023-10-18 10:08:29.945 [info] > git config --get commit.template [5ms]
2023-10-18 10:08:29.945 [info] > git for-each-ref --format=%(refname)%00%(upstream:short)%00%(objectname)%00%(upstream:track)%00%(upstream:remotename)%00%(upstream:remoteref) refs/heads/main refs/remotes/main [1ms]
2023-10-18 10:08:29.950 [info] > git status -z -uall [1ms]
2023-10-18 10:08:30.040 [info] > git ls-files --stage -- /home/stagiaire/klqngd/cours 2/Vsc Git/README.MD [0ms]
2023-10-18 10:08:30.045 [info] > git cat-file -s e69de29bb2d1d6434b8b29ae775ad8c2e48c5391 [1ms]
2023-10-18 10:08:30.051 [info] > git show --textconv :README.MD [1ms]
2023-10-18 10:09:07.768 [info] > git show --textconv :README.MD [4ms]
2023-10-18 10:09:07.769 [info] > git ls-files --stage -- /home/stagiaire/klqngd/cours 2/Vsc Git/README.MD [1ms]
2023-10-18 10:09:07.773 [info] > git cat-file -s e69de29bb2d1d6434b8b29ae775ad8c2e48c5391 [1ms]
2023-10-18 10:10:28.791 [info] > git show --textconv :README.MD [4ms]
2023-10-18 10:10:28.792 [info] > git ls-files --stage -- /home/stagiaire/klqngd/cours 2/Vsc Git/README.MD [1ms]
2023-10-18 10:10:28.796 [info] > git cat-file -s e69de29bb2d1d6434b8b29ae775ad8c2e48c5391 [1ms]
2023-10-18 10:10:33.707 [info] > git config --get commit.template [5ms]
2023-10-18 10:10:33.707 [info] > git for-each-ref --format=%(refname)%00%(upstream:short)%00%(objectname)%00%(upstream:track)%00%(upstream:remotename)%00%(upstream:remoteref) refs/heads/main refs/remotes/main [1ms]
2023-10-18 10:10:33.712 [info] > git status -z -uall [1ms]
2023-10-18 10:10:39.351 [info] > git show --textconv :RE [4ms]
2023-10-18 10:10:39.352 [info] > git ls-files --stage -- /home/stagiaire/klqngd/cours 2/Vsc Git/RE [1ms]
2023-10-18 10:10:39.612 [info] > git check-ignore -v -z --stdin [1ms]
2023-10-18 10:10:40.167 [info] > git config --get commit.template [3ms]
2023-10-18 10:10:40.168 [info] > git for-each-ref --format=%(refname)%00%(upstream:short)%00%(objectname)%00%(upstream:track)%00%(upstream:remotename)%00%(upstream:remoteref) refs/heads/main refs/remotes/main [1ms]
2023-10-18 10:10:40.172 [info] > git status -z -uall [1ms]
2023-10-18 10:10:45.183 [info] > git config --get commit.template [4ms]
2023-10-18 10:10:45.183 [info] > git for-each-ref --format=%(refname)%00%(upstream:short)%00%(objectname)%00%(upstream:track)%00%(upstream:remotename)%00%(upstream:remoteref) refs/heads/main refs/remotes/main [1ms]
2023-10-18 10:10:45.188 [info] > git status -z -uall [1ms]
2023-10-18 10:10:53.368 [info] > git show --textconv :README.md [5ms]
2023-10-18 10:10:53.368 [info] > git ls-files --stage -- /home/stagiaire/klqngd/cours 2/Vsc Git/README.md [1ms]
2023-10-18 10:10:53.648 [info] > git check-ignore -v -z --stdin [1ms]
2023-10-18 10:10:54.196 [info] > git config --get commit.template [4ms]
2023-10-18 10:10:54.197 [info] > git for-each-ref --format=%(refname)%00%(upstream:short)%00%(objectname)%00%(upstream:track)%00%(upstream:remotename)%00%(upstream:remoteref) refs/heads/main refs/remotes/main [1ms]
2023-10-18 10:10:54.201 [info] > git status -z -uall [1ms]
2023-10-18 10:11:01.386 [info] > git show --textconv :README.md [5ms]
2023-10-18 10:11:01.386 [info] > git ls-files --stage -- /home/stagiaire/klqngd/cours 2/Vsc Git/README.md [1ms]
2023-10-18 10:12:19.809 [info] > git add -A -- . [2ms]
2023-10-18 10:12:19.822 [info] > git config --get commit.template [7ms]
2023-10-18 10:12:19.823 [info] > git for-each-ref --format=%(refname)%00%(upstream:short)%00%(objectname)%00%(upstream:track)%00%(upstream:remotename)%00%(upstream:remoteref) refs/heads/main refs/remotes/main [1ms]
2023-10-18 10:12:19.828 [info] > git status -z -uall [1ms]
2023-10-18 10:12:20.181 [info] > git show --textconv :.git/COMMIT_EDITMSG [5ms]
2023-10-18 10:12:20.182 [info] > git ls-files --stage -- /home/stagiaire/klqngd/cours 2/Vsc Git/.git/COMMIT_EDITMSG [1ms]
2023-10-18 10:12:20.487 [info] > git check-ignore -v -z --stdin [1ms]
2023-10-18 10:12:21.094 [info] > git ls-files --stage -- /home/stagiaire/klqngd/cours 2/Vsc Git/.git/COMMIT_EDITMSG [1ms]
2023-10-18 10:12:21.101 [info] > git show --textconv :.git/COMMIT_EDITMSG [0ms]
2023-10-18 10:12:45.213 [info] > git ls-files --stage -- /home/stagiaire/klqngd/cours 2/Vsc Git/.git/COMMIT_EDITMSG [1ms]
2023-10-18 10:12:45.223 [info] > git show --textconv :.git/COMMIT_EDITMSG [1ms]
2023-10-18 10:13:27.353 [info] > git config --local branch.main.github-pr-owner-number [1ms]
2023-10-18 10:13:27.361 [info] > git config --get commit.template [4ms]
2023-10-18 10:13:27.362 [info] > git for-each-ref --format=%(refname)%00%(upstream:short)%00%(objectname)%00%(upstream:track)%00%(upstream:remotename)%00%(upstream:remoteref) refs/heads/main refs/remotes/main [1ms]
2023-10-18 10:13:27.367 [info] > git status -z -uall [1ms]
2023-10-18 10:14:31.780 [info] > git -c user.useConfigOnly=true commit --quiet [131943ms]
2023-10-18 10:14:31.794 [info] > git config --get commit.template [7ms]
2023-10-18 10:14:31.795 [info] > git for-each-ref --format=%(refname)%00%(upstream:short)%00%(objectname)%00%(upstream:track)%00%(upstream:remotename)%00%(upstream:remoteref) refs/heads/main refs/remotes/main [1ms]
2023-10-18 10:14:31.801 [info] > git status -z -uall [1ms]
2023-10-18 10:14:31.850 [info] > git config --local branch.main.github-pr-owner-number [7ms]
2023-10-18 10:14:31.856 [info] > git config --get commit.template [6ms]
2023-10-18 10:14:31.861 [info] > git config --get commit.template [5ms]
2023-10-18 10:14:31.866 [info] > git for-each-ref --format=%(refname)%00%(upstream:short)%00%(objectname)%00%(upstream:track)%00%(upstream:remotename)%00%(upstream:remoteref) refs/heads/main refs/remotes/main [5ms]
2023-10-18 10:14:31.867 [info] > git for-each-ref --format=%(refname)%00%(upstream:short)%00%(objectname)%00%(upstream:track)%00%(upstream:remotename)%00%(upstream:remoteref) refs/heads/main refs/remotes/main [1ms]
2023-10-18 10:14:31.873 [info] > git status -z -uall [1ms]
2023-10-18 10:14:34.528 [info] > git show --textconv :README.md [4ms]
2023-10-18 10:14:34.528 [info] > git ls-files --stage -- /home/stagiaire/klqngd/cours 2/Vsc Git/README.md [1ms]
2023-10-18 10:14:34.533 [info] > git cat-file -s 605918731d3c65013c70732233a200dca9a014ab [1ms]
2023-10-18 10:14:42.740 [info] > git show --textconv :.git/COMMIT_EDITMSG [4ms]
2023-10-18 10:14:42.740 [info] > git ls-files --stage -- /home/stagiaire/klqngd/cours 2/Vsc Git/.git/COMMIT_EDITMSG [1ms]
2023-10-18 10:14:52.888 [info] > git show --textconv :README.md [4ms]
2023-10-18 10:14:52.889 [info] > git ls-files --stage -- /home/stagiaire/klqngd/cours 2/Vsc Git/README.md [1ms]
2023-10-18 10:14:52.894 [info] > git cat-file -s 605918731d3c65013c70732233a200dca9a014ab [1ms]
2023-10-18 10:14:54.247 [info] > git show --textconv :.git/COMMIT_EDITMSG [4ms]
2023-10-18 10:14:54.248 [info] > git ls-files --stage -- /home/stagiaire/klqngd/cours 2/Vsc Git/.git/COMMIT_EDITMSG [2ms]
2023-10-18 10:14:56.399 [info] > git show --textconv :README.md [5ms]
2023-10-18 10:14:56.400 [info] > git ls-files --stage -- /home/stagiaire/klqngd/cours 2/Vsc Git/README.md [1ms]
2023-10-18 10:14:56.406 [info] > git cat-file -s 605918731d3c65013c70732233a200dca9a014ab [1ms]
2023-10-18 10:14:59.022 [info] > git show --textconv :.git/COMMIT_EDITMSG [5ms]
2023-10-18 10:14:59.024 [info] > git ls-files --stage -- /home/stagiaire/klqngd/cours 2/Vsc Git/.git/COMMIT_EDITMSG [2ms]
2023-10-18 10:16:31.786 [info] > git log --oneline --cherry main...main@{upstream} -- [2ms]
2023-10-18 10:16:32.983 [info] > git ls-files --stage -- /home/stagiaire/klqngd/cours 2/Vsc Git/.git/COMMIT_EDITMSG [1ms]
2023-10-18 10:16:32.991 [info] > git show --textconv :.git/COMMIT_EDITMSG [1ms]
2023-10-18 10:16:33.048 [info] > git pull --tags origin main [1254ms]
2023-10-18 10:16:33.049 [info] From https://github.com/Xenor23/Vsc-Git
 * branch            main       -> FETCH_HEAD
   7f93938..4f7f4db  main       -> origin/main
hint: You have divergent branches and need to specify how to reconcile them.
hint: You can do so by running one of the following commands sometime before
hint: your next pull:
hint: 
hint:   git config pull.rebase false  # merge (the default strategy)
hint:   git config pull.rebase true   # rebase
hint:   git config pull.ff only       # fast-forward only
hint: 
hint: You can replace "git config" with "git config --global" to set a default
hint: preference for all repositories. You can also pass --rebase, --no-rebase,
hint: or --ff-only on the command line to override the configured default per
hint: invocation.
fatal: Need to specify how to reconcile divergent branches.
2023-10-18 10:16:33.057 [info] > git config --get commit.template [2ms]
2023-10-18 10:16:33.064 [info] > git for-each-ref --format=%(refname)%00%(upstream:short)%00%(objectname)%00%(upstream:track)%00%(upstream:remotename)%00%(upstream:remoteref) refs/heads/main refs/remotes/main [1ms]
2023-10-18 10:16:33.070 [info] > git status -z -uall [1ms]
2023-10-18 10:16:33.101 [info] > git config --local branch.main.github-pr-owner-number [2ms]
2023-10-18 10:16:33.116 [info] > git config --get commit.template [8ms]
2023-10-18 10:16:33.117 [info] > git for-each-ref --format=%(refname)%00%(upstream:short)%00%(objectname)%00%(upstream:track)%00%(upstream:remotename)%00%(upstream:remoteref) refs/heads/main refs/remotes/main [1ms]
2023-10-18 10:16:33.125 [info] > git status -z -uall [1ms]
2023-10-18 10:16:35.806 [info] > git ls-files --stage -- /home/stagiaire/klqngd/cours 2/Vsc Git/.git/COMMIT_EDITMSG [1ms]
2023-10-18 10:16:35.833 [info] > git show --textconv :.git/COMMIT_EDITMSG [1ms]
2023-10-18 10:18:08.009 [info] > git for-each-ref --sort -committerdate --format %(refname) %(objectname) %(*objectname) refs/heads/ [1ms]
2023-10-18 10:18:08.018 [info] > git config --local branch.main.github-pr-owner-number [2ms]
2023-10-18 10:18:08.034 [info] > git config --get commit.template [8ms]
2023-10-18 10:18:08.034 [info] > git for-each-ref --format=%(refname)%00%(upstream:short)%00%(objectname)%00%(upstream:track)%00%(upstream:remotename)%00%(upstream:remoteref) refs/heads/main refs/remotes/main [1ms]
2023-10-18 10:18:08.044 [info] > git status -z -uall [2ms]
2023-10-18 10:18:27.382 [info] > git config --local branch.main.github-pr-owner-number [1ms]
2023-10-18 10:18:27.391 [info] > git config --get commit.template [2ms]
2023-10-18 10:18:27.399 [info] > git for-each-ref --format=%(refname)%00%(upstream:short)%00%(objectname)%00%(upstream:track)%00%(upstream:remotename)%00%(upstream:remoteref) refs/heads/main refs/remotes/main [2ms]
2023-10-18 10:18:27.407 [info] > git status -z -uall [1ms]
2023-10-18 10:19:22.013 [info] > git remote add origin https://github.com/Xenor23/Vsc-Git-test.git [1ms]
2023-10-18 10:19:22.014 [info] error: remote origin already exists.
2023-10-18 10:19:22.029 [info] > git config --get commit.template [8ms]
2023-10-18 10:19:22.030 [info] > git for-each-ref --format=%(refname)%00%(upstream:short)%00%(objectname)%00%(upstream:track)%00%(upstream:remotename)%00%(upstream:remoteref) refs/heads/main refs/remotes/main [2ms]
2023-10-18 10:19:22.038 [info] > git status -z -uall [1ms]
2023-10-18 10:20:14.318 [info] > git show --textconv :README.md [5ms]
2023-10-18 10:20:14.319 [info] > git ls-files --stage -- /home/stagiaire/klqngd/cours 2/Vsc Git/README.md [1ms]
2023-10-18 10:20:14.326 [info] > git cat-file -s 605918731d3c65013c70732233a200dca9a014ab [2ms]
2023-10-18 10:20:39.733 [info] > git show --textconv :.git/COMMIT_EDITMSG [5ms]
2023-10-18 10:20:39.734 [info] > git ls-files --stage -- /home/stagiaire/klqngd/cours 2/Vsc Git/.git/COMMIT_EDITMSG [2ms]
2023-10-18 10:20:42.379 [info] > git show --textconv :README.md [5ms]
2023-10-18 10:20:42.380 [info] > git ls-files --stage -- /home/stagiaire/klqngd/cours 2/Vsc Git/README.md [1ms]
2023-10-18 10:20:42.387 [info] > git cat-file -s 605918731d3c65013c70732233a200dca9a014ab [1ms]
2023-10-18 10:23:27.415 [info] > git config --local branch.main.github-pr-owner-number [1ms]
2023-10-18 10:23:27.423 [info] > git config --get commit.template [4ms]
2023-10-18 10:23:27.424 [info] > git for-each-ref --format=%(refname)%00%(upstream:short)%00%(objectname)%00%(upstream:track)%00%(upstream:remotename)%00%(upstream:remoteref) refs/heads/main refs/remotes/main [1ms]
2023-10-18 10:23:27.428 [info] > git status -z -uall [1ms]
2023-10-18 10:25:24.301 [info] > git log --oneline --cherry main...main@{upstream} -- [2ms]
2023-10-18 10:25:25.209 [info] > git pull --tags origin main [902ms]
2023-10-18 10:25:25.209 [info] From https://github.com/Xenor23/Vsc-Git
 * branch            main       -> FETCH_HEAD
hint: You have divergent branches and need to specify how to reconcile them.
hint: You can do so by running one of the following commands sometime before
hint: your next pull:
hint: 
hint:   git config pull.rebase false  # merge (the default strategy)
hint:   git config pull.rebase true   # rebase
hint:   git config pull.ff only       # fast-forward only
hint: 
hint: You can replace "git config" with "git config --global" to set a default
hint: preference for all repositories. You can also pass --rebase, --no-rebase,
hint: or --ff-only on the command line to override the configured default per
hint: invocation.
fatal: Need to specify how to reconcile divergent branches.
2023-10-18 10:25:25.219 [info] > git config --get commit.template [4ms]
2023-10-18 10:25:25.220 [info] > git for-each-ref --format=%(refname)%00%(upstream:short)%00%(objectname)%00%(upstream:track)%00%(upstream:remotename)%00%(upstream:remoteref) refs/heads/main refs/remotes/main [1ms]
2023-10-18 10:25:25.226 [info] > git status -z -uall [1ms]
2023-10-18 10:25:29.011 [info] > git config --get commit.template [7ms]
2023-10-18 10:25:29.012 [info] > git for-each-ref --format=%(refname)%00%(upstream:short)%00%(objectname)%00%(upstream:track)%00%(upstream:remotename)%00%(upstream:remoteref) refs/heads/main refs/remotes/main [2ms]
2023-10-18 10:25:29.020 [info] > git status -z -uall [1ms]
2023-10-18 10:25:29.040 [info] > git ls-files --stage -- /home/stagiaire/klqngd/cours 2/Vsc Git/README.md [2ms]
2023-10-18 10:25:29.048 [info] > git cat-file -s 605918731d3c65013c70732233a200dca9a014ab [1ms]
2023-10-18 10:25:29.068 [info] > git show --textconv :README.md [1ms]
2023-10-18 10:25:33.093 [info] > git log --oneline --cherry main...main@{upstream} -- [1ms]
2023-10-18 10:25:34.137 [info] > git pull --tags origin main [1036ms]
2023-10-18 10:25:34.137 [info] From https://github.com/Xenor23/Vsc-Git
 * branch            main       -> FETCH_HEAD
hint: You have divergent branches and need to specify how to reconcile them.
hint: You can do so by running one of the following commands sometime before
hint: your next pull:
hint: 
hint:   git config pull.rebase false  # merge (the default strategy)
hint:   git config pull.rebase true   # rebase
hint:   git config pull.ff only       # fast-forward only
hint: 
hint: You can replace "git config" with "git config --global" to set a default
hint: preference for all repositories. You can also pass --rebase, --no-rebase,
hint: or --ff-only on the command line to override the configured default per
hint: invocation.
fatal: Need to specify how to reconcile divergent branches.
2023-10-18 10:25:34.148 [info] > git config --get commit.template [5ms]
2023-10-18 10:25:34.149 [info] > git for-each-ref --format=%(refname)%00%(upstream:short)%00%(objectname)%00%(upstream:track)%00%(upstream:remotename)%00%(upstream:remoteref) refs/heads/main refs/remotes/main [2ms]
2023-10-18 10:25:34.154 [info] > git status -z -uall [1ms]
2023-10-18 10:25:36.495 [info] > git config --get commit.template [12ms]
2023-10-18 10:25:36.507 [info] > git ls-files --stage -- /home/stagiaire/klqngd/cours 2/Vsc Git/README.md [2ms]
2023-10-18 10:25:36.516 [info] > git for-each-ref --format=%(refname)%00%(upstream:short)%00%(objectname)%00%(upstream:track)%00%(upstream:remotename)%00%(upstream:remoteref) refs/heads/main refs/remotes/main [20ms]
2023-10-18 10:25:36.527 [info] > git status -z -uall [1ms]
2023-10-18 10:25:36.528 [info] > git cat-file -s 605918731d3c65013c70732233a200dca9a014ab [13ms]
2023-10-18 10:25:36.543 [info] > git show --textconv :README.md [2ms]
2023-10-18 10:26:05.385 [info] > git add -A -- . [1ms]
2023-10-18 10:26:05.400 [info] > git config --get commit.template [8ms]
2023-10-18 10:26:05.401 [info] > git for-each-ref --format=%(refname)%00%(upstream:short)%00%(objectname)%00%(upstream:track)%00%(upstream:remotename)%00%(upstream:remoteref) refs/heads/main refs/remotes/main [2ms]
2023-10-18 10:26:05.410 [info] > git status -z -uall [2ms]
2023-10-18 10:26:05.769 [info] > git show --textconv :.git/COMMIT_EDITMSG [5ms]
2023-10-18 10:26:05.770 [info] > git ls-files --stage -- /home/stagiaire/klqngd/cours 2/Vsc Git/.git/COMMIT_EDITMSG [1ms]
2023-10-18 10:26:06.663 [info] > git ls-files --stage -- /home/stagiaire/klqngd/cours 2/Vsc Git/.git/COMMIT_EDITMSG [1ms]
2023-10-18 10:26:06.672 [info] > git show --textconv :.git/COMMIT_EDITMSG [1ms]
2023-10-18 10:26:21.625 [info] > git show --textconv HEAD:README.md [21ms]
2023-10-18 10:26:21.625 [info] > git show --textconv :README.md [13ms]
2023-10-18 10:26:21.625 [info] > git ls-tree -l HEAD -- /home/stagiaire/klqngd/cours 2/Vsc Git/README.md [7ms]
2023-10-18 10:26:21.628 [info] > git ls-files --stage -- /home/stagiaire/klqngd/cours 2/Vsc Git/README.md [2ms]
2023-10-18 10:26:21.633 [info] > git cat-file -s 01a7a78c8ea32889df6e29f570955e540223fb17 [1ms]
2023-10-18 10:26:22.132 [info] > git check-ignore -v -z --stdin [0ms]
2023-10-18 10:26:26.920 [info] > git show --textconv :.git/COMMIT_EDITMSG [5ms]
2023-10-18 10:26:26.921 [info] > git ls-files --stage -- /home/stagiaire/klqngd/cours 2/Vsc Git/.git/COMMIT_EDITMSG [1ms]
2023-10-18 10:26:27.292 [info] > git ls-tree -l HEAD -- /home/stagiaire/klqngd/cours 2/Vsc Git/README.md [7ms]
2023-10-18 10:26:27.294 [info] > git ls-files --stage -- /home/stagiaire/klqngd/cours 2/Vsc Git/README.md [3ms]
2023-10-18 10:26:27.301 [info] > git cat-file -s 01a7a78c8ea32889df6e29f570955e540223fb17 [1ms]
2023-10-18 10:26:29.502 [info] > git show --textconv :.git/COMMIT_EDITMSG [5ms]
2023-10-18 10:26:29.503 [info] > git ls-files --stage -- /home/stagiaire/klqngd/cours 2/Vsc Git/.git/COMMIT_EDITMSG [1ms]
2023-10-18 10:26:30.587 [info] > git show --textconv :README.md [6ms]
2023-10-18 10:26:30.588 [info] > git ls-files --stage -- /home/stagiaire/klqngd/cours 2/Vsc Git/README.md [1ms]
2023-10-18 10:26:30.593 [info] > git cat-file -s 01a7a78c8ea32889df6e29f570955e540223fb17 [0ms]
2023-10-18 10:26:31.226 [info] > git show --textconv :.git/COMMIT_EDITMSG [6ms]
2023-10-18 10:26:31.227 [info] > git ls-files --stage -- /home/stagiaire/klqngd/cours 2/Vsc Git/.git/COMMIT_EDITMSG [2ms]
2023-10-18 10:26:51.389 [info] > git -c user.useConfigOnly=true commit --quiet [45969ms]
2023-10-18 10:26:51.389 [info] Aborting commit due to empty commit message.
2023-10-18 10:26:51.401 [info] > git config --get commit.template [6ms]
2023-10-18 10:26:51.402 [info] > git for-each-ref --format=%(refname)%00%(upstream:short)%00%(objectname)%00%(upstream:track)%00%(upstream:remotename)%00%(upstream:remoteref) refs/heads/main refs/remotes/main [1ms]
2023-10-18 10:26:51.409 [info] > git status -z -uall [1ms]
2023-10-18 10:26:51.732 [info] > git show --textconv :README.md [7ms]
2023-10-18 10:26:51.733 [info] > git ls-files --stage -- /home/stagiaire/klqngd/cours 2/Vsc Git/README.md [1ms]
2023-10-18 10:26:51.739 [info] > git cat-file -s 01a7a78c8ea32889df6e29f570955e540223fb17 [1ms]
2023-10-18 10:28:27.443 [info] > git config --local branch.main.github-pr-owner-number [1ms]
2023-10-18 10:28:27.455 [info] > git config --get commit.template [6ms]
2023-10-18 10:28:27.456 [info] > git for-each-ref --format=%(refname)%00%(upstream:short)%00%(objectname)%00%(upstream:track)%00%(upstream:remotename)%00%(upstream:remoteref) refs/heads/main refs/remotes/main [1ms]
2023-10-18 10:28:27.463 [info] > git status -z -uall [1ms]
2023-10-18 10:29:27.814 [info] > git show --textconv :README.md [5ms]
2023-10-18 10:29:27.815 [info] > git ls-files --stage -- /home/stagiaire/klqngd/cours 2/Vsc Git/README.md [1ms]
2023-10-18 10:29:27.819 [info] > git cat-file -s 01a7a78c8ea32889df6e29f570955e540223fb17 [1ms]
2023-10-18 10:29:34.581 [info] > git config --get commit.template [4ms]
2023-10-18 10:29:34.581 [info] > git for-each-ref --format=%(refname)%00%(upstream:short)%00%(objectname)%00%(upstream:track)%00%(upstream:remotename)%00%(upstream:remoteref) refs/heads/main refs/remotes/main [1ms]
2023-10-18 10:29:34.586 [info] > git status -z -uall [1ms]
2023-10-18 10:33:27.470 [info] > git config --local branch.main.github-pr-owner-number [1ms]
2023-10-18 10:33:27.477 [info] > git config --get commit.template [3ms]
2023-10-18 10:33:27.478 [info] > git for-each-ref --format=%(refname)%00%(upstream:short)%00%(objectname)%00%(upstream:track)%00%(upstream:remotename)%00%(upstream:remoteref) refs/heads/main refs/remotes/main [1ms]
2023-10-18 10:33:27.482 [info] > git status -z -uall [1ms]
2023-10-18 10:38:27.489 [info] > git config --local branch.main.github-pr-owner-number [1ms]
2023-10-18 10:38:27.497 [info] > git config --get commit.template [4ms]
2023-10-18 10:38:27.497 [info] > git for-each-ref --format=%(refname)%00%(upstream:short)%00%(objectname)%00%(upstream:track)%00%(upstream:remotename)%00%(upstream:remoteref) refs/heads/main refs/remotes/main [1ms]
2023-10-18 10:38:27.502 [info] > git status -z -uall [1ms]
2023-10-18 10:40:14.678 [info] > git config --get commit.template [6ms]
2023-10-18 10:40:14.679 [info] > git for-each-ref --format=%(refname)%00%(upstream:short)%00%(objectname)%00%(upstream:track)%00%(upstream:remotename)%00%(upstream:remoteref) refs/heads/main refs/remotes/main [2ms]
2023-10-18 10:40:14.685 [info] > git status -z -uall [1ms]
2023-10-18 10:40:18.658 [info] > git show --textconv :.git/COMMIT_EDITMSG [6ms]
2023-10-18 10:40:18.659 [info] > git ls-files --stage -- /home/stagiaire/klqngd/cours 2/Vsc Git/.git/COMMIT_EDITMSG [1ms]
2023-10-18 10:40:19.503 [info] > git ls-files --stage -- /home/stagiaire/klqngd/cours 2/Vsc Git/.git/COMMIT_EDITMSG [1ms]
2023-10-18 10:40:19.509 [info] > git show --textconv :.git/COMMIT_EDITMSG [1ms]
2023-10-18 10:40:26.223 [info] > git show --textconv HEAD:README.md [20ms]
2023-10-18 10:40:26.223 [info] > git show --textconv :README.md [14ms]
2023-10-18 10:40:26.223 [info] > git ls-tree -l HEAD -- /home/stagiaire/klqngd/cours 2/Vsc Git/README.md [8ms]
2023-10-18 10:40:26.224 [info] > git ls-files --stage -- /home/stagiaire/klqngd/cours 2/Vsc Git/README.md [2ms]
2023-10-18 10:40:26.230 [info] > git cat-file -s 01a7a78c8ea32889df6e29f570955e540223fb17 [0ms]
2023-10-18 10:40:28.895 [info] > git show --textconv :README.md [8ms]
2023-10-18 10:40:28.896 [info] > git ls-files --stage -- /home/stagiaire/klqngd/cours 2/Vsc Git/README.md [1ms]
2023-10-18 10:40:28.902 [info] > git cat-file -s 01a7a78c8ea32889df6e29f570955e540223fb17 [1ms]
