2023-10-18 11:57:01.126 [info] Reading sessions from keychain...
2023-10-18 11:57:01.126 [info] Getting sessions for all scopes...
2023-10-18 11:57:01.126 [info] Got stored sessions!
2023-10-18 11:57:01.126 [info] Got 1 verified sessions.
2023-10-18 11:57:01.126 [info] Got 1 sessions for ...
2023-10-18 11:57:01.309 [info] Getting sessions for all scopes...
2023-10-18 11:57:01.309 [info] Got 1 sessions for ...
2023-10-18 11:57:01.309 [info] Getting sessions for all scopes...
2023-10-18 11:57:01.309 [info] Got 1 sessions for ...
2023-10-18 11:57:01.333 [info] Getting sessions for read:user,repo,user:email,workflow...
2023-10-18 11:57:01.333 [info] Got 1 sessions for read:user,repo,user:email,workflow...
2023-10-18 11:57:01.333 [info] Getting sessions for read:user,repo,user:email,workflow...
2023-10-18 11:57:01.333 [info] Got 1 sessions for read:user,repo,user:email,workflow...
2023-10-18 11:57:02.349 [info] Getting sessions for read:user,repo,user:email,workflow...
2023-10-18 11:57:02.349 [info] Got 1 sessions for read:user,repo,user:email,workflow...
2023-10-18 11:57:25.170 [info] Getting sessions for read:user,repo,user:email,workflow...
2023-10-18 11:57:25.170 [info] Got 1 sessions for read:user,repo,user:email,workflow...
2023-10-18 12:00:16.065 [info] Reading sessions from keychain...
2023-10-18 12:00:16.065 [info] Getting sessions for all scopes...
2023-10-18 12:00:16.065 [info] Got stored sessions!
2023-10-18 12:00:16.065 [info] Got 1 verified sessions.
2023-10-18 12:00:16.065 [info] Got 1 sessions for ...
2023-10-18 12:00:16.094 [info] Getting sessions for all scopes...
2023-10-18 12:00:16.094 [info] Got 1 sessions for ...
2023-10-18 12:00:16.106 [info] Getting sessions for read:user,repo,user:email,workflow...
2023-10-18 12:00:16.106 [info] Got 1 sessions for read:user,repo,user:email,workflow...
2023-10-18 12:00:16.218 [info] Getting sessions for read:user,repo,user:email,workflow...
2023-10-18 12:00:16.218 [info] Got 1 sessions for read:user,repo,user:email,workflow...
