2023-10-18 10:40:48.234 [info] Reading sessions from keychain...
2023-10-18 10:40:48.234 [info] Getting sessions for all scopes...
2023-10-18 10:40:48.234 [info] Getting sessions for all scopes...
2023-10-18 10:40:48.234 [info] Got stored sessions!
2023-10-18 10:40:48.234 [info] Got 1 verified sessions.
2023-10-18 10:40:48.234 [info] Got 1 sessions for ...
2023-10-18 10:40:48.234 [info] Got 1 sessions for ...
2023-10-18 10:40:48.234 [info] Getting sessions for all scopes...
2023-10-18 10:40:48.234 [info] Got 1 sessions for ...
2023-10-18 10:40:48.234 [info] Getting sessions for read:user,repo,user:email,workflow...
2023-10-18 10:40:48.234 [info] Got 1 sessions for read:user,repo,user:email,workflow...
2023-10-18 10:40:48.301 [info] Getting sessions for read:user,repo,user:email,workflow...
2023-10-18 10:40:48.301 [info] Got 1 sessions for read:user,repo,user:email,workflow...
2023-10-18 10:40:48.746 [info] Getting sessions for read:user,repo,user:email,workflow...
2023-10-18 10:40:48.746 [info] Got 1 sessions for read:user,repo,user:email,workflow...
2023-10-18 10:41:16.647 [info] Getting sessions for read:user,repo,user:email,workflow...
2023-10-18 10:41:16.647 [info] Got 1 sessions for read:user,repo,user:email,workflow...
2023-10-18 10:41:26.194 [info] Getting sessions for read:user,repo,user:email,workflow...
2023-10-18 10:41:26.194 [info] Got 1 sessions for read:user,repo,user:email,workflow...
2023-10-18 10:41:52.337 [info] Getting sessions for read:user,repo,user:email,workflow...
2023-10-18 10:41:52.337 [info] Got 1 sessions for read:user,repo,user:email,workflow...
2023-10-18 10:42:33.362 [info] Getting sessions for read:user,repo,user:email,workflow...
2023-10-18 10:42:33.362 [info] Got 1 sessions for read:user,repo,user:email,workflow...
2023-10-18 10:42:53.180 [info] Getting sessions for read:user,repo,user:email,workflow...
2023-10-18 10:42:53.180 [info] Got 1 sessions for read:user,repo,user:email,workflow...
2023-10-18 10:43:00.679 [info] Getting sessions for read:user,repo,user:email,workflow...
2023-10-18 10:43:00.679 [info] Got 1 sessions for read:user,repo,user:email,workflow...
2023-10-18 10:47:26.820 [info] Getting sessions for read:user,repo,user:email,workflow...
2023-10-18 10:47:26.820 [info] Got 1 sessions for read:user,repo,user:email,workflow...
2023-10-18 10:49:11.217 [info] Getting sessions for read:user,repo,user:email,workflow...
2023-10-18 10:49:11.217 [info] Got 1 sessions for read:user,repo,user:email,workflow...
2023-10-18 10:49:19.658 [info] Getting sessions for read:user,repo,user:email,workflow...
2023-10-18 10:49:19.658 [info] Got 1 sessions for read:user,repo,user:email,workflow...
2023-10-18 10:49:50.703 [info] Getting sessions for read:user,repo,user:email,workflow...
2023-10-18 10:49:50.703 [info] Got 1 sessions for read:user,repo,user:email,workflow...
2023-10-18 10:50:29.913 [info] Getting sessions for read:user,repo,user:email,workflow...
2023-10-18 10:50:29.913 [info] Got 1 sessions for read:user,repo,user:email,workflow...
