2023-10-18 11:42:06.878 [info] Log level: Info
2023-10-18 11:42:06.878 [info] Validating found git in: "git"
2023-10-18 11:42:06.878 [info] Using git "2.34.1" from "git"
2023-10-18 11:42:11.361 [info] Log level: Info
2023-10-18 11:42:11.361 [info] Validating found git in: "git"
2023-10-18 11:42:11.361 [info] Using git "2.34.1" from "git"
2023-10-18 11:42:11.361 [info] > git rev-parse --show-toplevel [15ms]
2023-10-18 11:42:11.367 [info] > git rev-parse --git-dir --git-common-dir [1ms]
2023-10-18 11:42:11.377 [info] Open repository: /home/stagiaire
2023-10-18 11:42:11.390 [info] > git config --get commit.template [2ms]
2023-10-18 11:42:11.397 [info] > git for-each-ref --format=%(refname)%00%(upstream:short)%00%(objectname)%00%(upstream:track)%00%(upstream:remotename)%00%(upstream:remoteref) refs/heads/master refs/remotes/master [1ms]
2023-10-18 11:42:11.495 [info] > git status -z -uall [93ms]
2023-10-18 11:42:11.532 [info] > git config --get commit.template [18ms]
2023-10-18 11:42:11.541 [info] > git for-each-ref --format=%(refname)%00%(upstream:short)%00%(objectname)%00%(upstream:track)%00%(upstream:remotename)%00%(upstream:remoteref) refs/heads/master refs/remotes/master [4ms]
2023-10-18 11:42:11.624 [info] > git status -z -uall [78ms]
2023-10-18 11:42:12.267 [info] > git config --local branch.master.github-pr-owner-number [15ms]
2023-10-18 11:42:12.281 [info] > git config --get commit.template [8ms]
2023-10-18 11:42:12.287 [info] > git for-each-ref --format=%(refname)%00%(upstream:short)%00%(objectname)%00%(upstream:track)%00%(upstream:remotename)%00%(upstream:remoteref) refs/heads/master refs/remotes/master [1ms]
2023-10-18 11:42:12.382 [info] > git status -z -uall [89ms]
2023-10-18 11:42:14.377 [info] > git config --get commit.template [7ms]
2023-10-18 11:42:14.378 [info] > git for-each-ref --format=%(refname)%00%(upstream:short)%00%(objectname)%00%(upstream:track)%00%(upstream:remotename)%00%(upstream:remoteref) refs/heads/master refs/remotes/master [2ms]
2023-10-18 11:42:14.465 [info] > git status -z -uall [82ms]
2023-10-18 11:42:14.806 [info] > git check-ignore -v -z --stdin [14ms]
2023-10-18 11:42:19.481 [info] > git config --get commit.template [7ms]
2023-10-18 11:42:19.482 [info] > git for-each-ref --format=%(refname)%00%(upstream:short)%00%(objectname)%00%(upstream:track)%00%(upstream:remotename)%00%(upstream:remoteref) refs/heads/master refs/remotes/master [1ms]
2023-10-18 11:42:19.560 [info] > git status -z -uall [73ms]
2023-10-18 11:42:24.578 [info] > git config --get commit.template [7ms]
2023-10-18 11:42:24.578 [info] > git for-each-ref --format=%(refname)%00%(upstream:short)%00%(objectname)%00%(upstream:track)%00%(upstream:remotename)%00%(upstream:remoteref) refs/heads/master refs/remotes/master [1ms]
2023-10-18 11:42:24.657 [info] > git status -z -uall [74ms]
2023-10-18 11:42:29.670 [info] > git config --get commit.template [5ms]
2023-10-18 11:42:29.670 [info] > git for-each-ref --format=%(refname)%00%(upstream:short)%00%(objectname)%00%(upstream:track)%00%(upstream:remotename)%00%(upstream:remoteref) refs/heads/master refs/remotes/master [1ms]
2023-10-18 11:42:29.742 [info] > git status -z -uall [67ms]
2023-10-18 11:42:34.756 [info] > git config --get commit.template [4ms]
2023-10-18 11:42:34.757 [info] > git for-each-ref --format=%(refname)%00%(upstream:short)%00%(objectname)%00%(upstream:track)%00%(upstream:remotename)%00%(upstream:remoteref) refs/heads/master refs/remotes/master [1ms]
2023-10-18 11:42:34.831 [info] > git status -z -uall [71ms]
2023-10-18 11:42:39.844 [info] > git config --get commit.template [5ms]
2023-10-18 11:42:39.844 [info] > git for-each-ref --format=%(refname)%00%(upstream:short)%00%(objectname)%00%(upstream:track)%00%(upstream:remotename)%00%(upstream:remoteref) refs/heads/master refs/remotes/master [1ms]
2023-10-18 11:42:39.917 [info] > git status -z -uall [69ms]
2023-10-18 11:42:40.996 [info] > git show --textconv :klqngd/cours 2/ahhh/README.md [11ms]
2023-10-18 11:42:40.996 [info] > git ls-files --stage -- /home/stagiaire/klqngd/cours 2/ahhh/README.md [4ms]
2023-10-18 11:42:41.152 [info] > git check-ignore -v -z --stdin [3ms]
2023-10-18 11:42:44.934 [info] > git config --get commit.template [4ms]
2023-10-18 11:42:44.934 [info] > git for-each-ref --format=%(refname)%00%(upstream:short)%00%(objectname)%00%(upstream:track)%00%(upstream:remotename)%00%(upstream:remoteref) refs/heads/master refs/remotes/master [1ms]
2023-10-18 11:42:45.006 [info] > git status -z -uall [66ms]
2023-10-18 11:42:46.083 [info] > git check-ignore -v -z --stdin [14ms]
2023-10-18 11:42:47.503 [info] > git check-ignore -v -z --stdin [6ms]
2023-10-18 11:42:48.386 [info] > git check-ignore -v -z --stdin [7ms]
2023-10-18 11:42:50.023 [info] > git config --get commit.template [5ms]
2023-10-18 11:42:50.023 [info] > git for-each-ref --format=%(refname)%00%(upstream:short)%00%(objectname)%00%(upstream:track)%00%(upstream:remotename)%00%(upstream:remoteref) refs/heads/master refs/remotes/master [1ms]
2023-10-18 11:42:50.101 [info] > git status -z -uall [73ms]
2023-10-18 11:42:53.162 [info] > git show --textconv HEAD:klqngd/cours 2/FONCTIONNE/test.md [7ms]
2023-10-18 11:42:53.164 [info] > git ls-tree -l HEAD -- /home/stagiaire/klqngd/cours 2/FONCTIONNE/test.md [2ms]
2023-10-18 11:42:53.674 [info] > git check-ignore -v -z --stdin [5ms]
2023-10-18 11:42:55.118 [info] > git config --get commit.template [7ms]
2023-10-18 11:42:55.118 [info] > git for-each-ref --format=%(refname)%00%(upstream:short)%00%(objectname)%00%(upstream:track)%00%(upstream:remotename)%00%(upstream:remoteref) refs/heads/master refs/remotes/master [1ms]
2023-10-18 11:42:55.195 [info] > git status -z -uall [71ms]
2023-10-18 11:42:57.114 [info] > git show --textconv :klqngd/cours 2/ahhh/README.md [6ms]
2023-10-18 11:42:57.117 [info] > git ls-files --stage -- /home/stagiaire/klqngd/cours 2/ahhh/README.md [4ms]
2023-10-18 11:42:58.422 [info] > git show --textconv HEAD:klqngd/cours 2/ahhh/README.md [7ms]
2023-10-18 11:42:58.423 [info] > git ls-tree -l HEAD -- /home/stagiaire/klqngd/cours 2/ahhh/README.md [1ms]
2023-10-18 11:43:00.211 [info] > git config --get commit.template [7ms]
2023-10-18 11:43:00.212 [info] > git for-each-ref --format=%(refname)%00%(upstream:short)%00%(objectname)%00%(upstream:track)%00%(upstream:remotename)%00%(upstream:remoteref) refs/heads/master refs/remotes/master [1ms]
2023-10-18 11:43:00.293 [info] > git status -z -uall [75ms]
2023-10-18 11:43:04.646 [info] > git check-ignore -v -z --stdin [11ms]
2023-10-18 11:43:06.461 [info] > git config --get commit.template [6ms]
2023-10-18 11:43:06.462 [info] > git for-each-ref --format=%(refname)%00%(upstream:short)%00%(objectname)%00%(upstream:track)%00%(upstream:remotename)%00%(upstream:remoteref) refs/heads/master refs/remotes/master [1ms]
2023-10-18 11:43:06.541 [info] > git status -z -uall [74ms]
2023-10-18 11:43:11.557 [info] > git config --get commit.template [6ms]
2023-10-18 11:43:11.557 [info] > git for-each-ref --format=%(refname)%00%(upstream:short)%00%(objectname)%00%(upstream:track)%00%(upstream:remotename)%00%(upstream:remoteref) refs/heads/master refs/remotes/master [1ms]
2023-10-18 11:43:11.634 [info] > git status -z -uall [72ms]
2023-10-18 11:43:15.049 [info] > git show --textconv :klqngd/cours 2/ahhh/README.md [5ms]
2023-10-18 11:43:15.052 [info] > git ls-files --stage -- /home/stagiaire/klqngd/cours 2/ahhh/README.md [3ms]
2023-10-18 11:43:16.652 [info] > git config --get commit.template [7ms]
2023-10-18 11:43:16.652 [info] > git for-each-ref --format=%(refname)%00%(upstream:short)%00%(objectname)%00%(upstream:track)%00%(upstream:remotename)%00%(upstream:remoteref) refs/heads/master refs/remotes/master [1ms]
2023-10-18 11:43:16.732 [info] > git status -z -uall [74ms]
2023-10-18 11:43:21.750 [info] > git config --get commit.template [8ms]
2023-10-18 11:43:21.751 [info] > git for-each-ref --format=%(refname)%00%(upstream:short)%00%(objectname)%00%(upstream:track)%00%(upstream:remotename)%00%(upstream:remoteref) refs/heads/master refs/remotes/master [2ms]
2023-10-18 11:43:21.831 [info] > git status -z -uall [73ms]
2023-10-18 11:43:26.845 [info] > git config --get commit.template [6ms]
2023-10-18 11:43:26.846 [info] > git for-each-ref --format=%(refname)%00%(upstream:short)%00%(objectname)%00%(upstream:track)%00%(upstream:remotename)%00%(upstream:remoteref) refs/heads/master refs/remotes/master [1ms]
2023-10-18 11:43:26.925 [info] > git status -z -uall [73ms]
2023-10-18 11:43:31.940 [info] > git config --get commit.template [6ms]
2023-10-18 11:43:31.940 [info] > git for-each-ref --format=%(refname)%00%(upstream:short)%00%(objectname)%00%(upstream:track)%00%(upstream:remotename)%00%(upstream:remoteref) refs/heads/master refs/remotes/master [1ms]
2023-10-18 11:43:32.017 [info] > git status -z -uall [72ms]
2023-10-18 11:43:37.035 [info] > git config --get commit.template [7ms]
2023-10-18 11:43:37.035 [info] > git for-each-ref --format=%(refname)%00%(upstream:short)%00%(objectname)%00%(upstream:track)%00%(upstream:remotename)%00%(upstream:remoteref) refs/heads/master refs/remotes/master [1ms]
2023-10-18 11:43:37.114 [info] > git status -z -uall [73ms]
2023-10-18 11:43:37.779 [info] > git -c user.useConfigOnly=true commit --quiet --allow-empty-message --file - [88ms]
2023-10-18 11:43:37.779 [info] warning: The last gc run reported the following. Please correct the root cause
and remove .git/gc.log
Automatic cleanup will not be performed until the file is removed.

warning: There are too many unreachable loose objects; run 'git prune' to remove them.
2023-10-18 11:43:37.787 [info] > git config --get commit.template [1ms]
2023-10-18 11:43:37.794 [info] > git config --get commit.template [1ms]
2023-10-18 11:43:37.801 [info] > git for-each-ref --format=%(refname)%00%(upstream:short)%00%(objectname)%00%(upstream:track)%00%(upstream:remotename)%00%(upstream:remoteref) refs/heads/master refs/remotes/master [1ms]
2023-10-18 11:43:37.882 [info] > git status -z -uall [75ms]
2023-10-18 11:43:37.998 [info] > git config --get commit.template [17ms]
2023-10-18 11:43:38.006 [info] > git for-each-ref --format=%(refname)%00%(upstream:short)%00%(objectname)%00%(upstream:track)%00%(upstream:remotename)%00%(upstream:remoteref) refs/heads/master refs/remotes/master [2ms]
2023-10-18 11:43:38.103 [info] > git status -z -uall [91ms]
2023-10-18 11:43:38.274 [info] > git config --local branch.master.github-pr-owner-number [10ms]
2023-10-18 11:43:38.286 [info] > git config --get commit.template [5ms]
2023-10-18 11:43:38.286 [info] > git for-each-ref --format=%(refname)%00%(upstream:short)%00%(objectname)%00%(upstream:track)%00%(upstream:remotename)%00%(upstream:remoteref) refs/heads/master refs/remotes/master [1ms]
2023-10-18 11:43:38.366 [info] > git status -z -uall [75ms]
2023-10-18 11:43:39.109 [info] > git ls-files --stage -- /home/stagiaire/klqngd/cours 2/ahhh/README.md [3ms]
2023-10-18 11:43:39.119 [info] > git show --textconv :klqngd/cours 2/ahhh/README.md [3ms]
2023-10-18 11:43:42.131 [info] > git config --get commit.template [7ms]
2023-10-18 11:43:42.132 [info] > git for-each-ref --format=%(refname)%00%(upstream:short)%00%(objectname)%00%(upstream:track)%00%(upstream:remotename)%00%(upstream:remoteref) refs/heads/master refs/remotes/master [1ms]
2023-10-18 11:43:42.209 [info] > git status -z -uall [71ms]
2023-10-18 11:43:47.226 [info] > git config --get commit.template [6ms]
2023-10-18 11:43:47.227 [info] > git for-each-ref --format=%(refname)%00%(upstream:short)%00%(objectname)%00%(upstream:track)%00%(upstream:remotename)%00%(upstream:remoteref) refs/heads/master refs/remotes/master [1ms]
2023-10-18 11:43:47.304 [info] > git status -z -uall [71ms]
2023-10-18 11:43:52.944 [info] > git add -A -- . [1174ms]
2023-10-18 11:43:53.000 [info] > git -c user.useConfigOnly=true commit --quiet --allow-empty-message --file - [49ms]
2023-10-18 11:43:53.000 [info] warning: The last gc run reported the following. Please correct the root cause
and remove .git/gc.log
Automatic cleanup will not be performed until the file is removed.

warning: There are too many unreachable loose objects; run 'git prune' to remove them.
2023-10-18 11:43:53.007 [info] > git config --get commit.template [0ms]
2023-10-18 11:43:53.015 [info] > git config --get commit.template [1ms]
2023-10-18 11:43:53.022 [info] > git for-each-ref --format=%(refname)%00%(upstream:short)%00%(objectname)%00%(upstream:track)%00%(upstream:remotename)%00%(upstream:remoteref) refs/heads/master refs/remotes/master [1ms]
2023-10-18 11:43:53.067 [info] > git status -z -uall [39ms]
2023-10-18 11:43:53.101 [info] > git push [20ms]
2023-10-18 11:43:53.101 [info] fatal: The current branch master has no upstream branch.
To push the current branch and set the remote as upstream, use

    git push --set-upstream origin master
2023-10-18 11:43:53.110 [info] > git config --get commit.template [8ms]
2023-10-18 11:43:53.117 [info] > git config --get commit.template [8ms]
2023-10-18 11:43:53.124 [info] > git for-each-ref --format=%(refname)%00%(upstream:short)%00%(objectname)%00%(upstream:track)%00%(upstream:remotename)%00%(upstream:remoteref) refs/heads/master refs/remotes/master [8ms]
2023-10-18 11:43:53.125 [info] > git for-each-ref --format=%(refname)%00%(upstream:short)%00%(objectname)%00%(upstream:track)%00%(upstream:remotename)%00%(upstream:remoteref) refs/heads/master refs/remotes/master [2ms]
2023-10-18 11:43:53.173 [info] > git status -z -uall [42ms]
2023-10-18 11:43:53.503 [info] > git config --local branch.master.github-pr-owner-number [16ms]
2023-10-18 11:43:53.524 [info] > git config --get commit.template [13ms]
2023-10-18 11:43:53.532 [info] > git for-each-ref --format=%(refname)%00%(upstream:short)%00%(objectname)%00%(upstream:track)%00%(upstream:remotename)%00%(upstream:remoteref) refs/heads/master refs/remotes/master [1ms]
2023-10-18 11:43:53.582 [info] > git status -z -uall [43ms]
2023-10-18 11:43:59.111 [info] > git ls-files --stage -- /home/stagiaire/klqngd/cours 2/ahhh/README.md [3ms]
2023-10-18 11:43:59.120 [info] > git cat-file -s 6ca994b15a66e5c8c291c194457d1d4a4fd14de9 [1ms]
2023-10-18 11:43:59.132 [info] > git show --textconv :klqngd/cours 2/ahhh/README.md [3ms]
