2023-10-18 10:02:49.189 [info] Extension host with pid 8008 started
2023-10-18 10:02:49.308 [info] ExtensionService#_doActivateExtension vscode.git-base, startup: true, activationEvent: '*', root cause: vscode.git
2023-10-18 10:02:49.369 [info] ExtensionService#_doActivateExtension vscode.git, startup: true, activationEvent: '*'
2023-10-18 10:02:49.440 [info] ExtensionService#_doActivateExtension vscode.github, startup: true, activationEvent: '*'
2023-10-18 10:02:49.522 [info] Eager extensions activated
2023-10-18 10:02:49.529 [info] ExtensionService#_doActivateExtension vscode.debug-auto-launch, startup: false, activationEvent: 'onStartupFinished'
2023-10-18 10:02:49.530 [info] ExtensionService#_doActivateExtension vscode.merge-conflict, startup: false, activationEvent: 'onStartupFinished'
2023-10-18 10:02:53.144 [info] ExtensionService#_doActivateExtension vscode.json-language-features, startup: false, activationEvent: 'onLanguage:jsonc'
2023-10-18 10:02:53.189 [info] ExtensionService#_doActivateExtension vscode.typescript-language-features, startup: false, activationEvent: 'onLanguage:jsonc'
2023-10-18 10:02:53.232 [info] ExtensionService#_doActivateExtension vscode.emmet, startup: false, activationEvent: 'onLanguage'
2023-10-18 10:03:08.745 [info] ExtensionService#_doActivateExtension ritwickdey.LiveServer, startup: false, activationEvent: 'onStartupFinished'
2023-10-18 10:05:29.350 [info] ExtensionService#_doActivateExtension vscode.github-authentication, startup: false, activationEvent: 'onStartupFinished', root cause: GitHub.vscode-pull-request-github
2023-10-18 10:05:29.400 [info] ExtensionService#_doActivateExtension GitHub.vscode-pull-request-github, startup: false, activationEvent: 'onStartupFinished'
2023-10-18 10:06:09.148 [info] Extension host terminating: renderer closed the MessagePort
2023-10-18 10:06:09.165 [error] Canceled: Canceled
	at new g (/snap/code/143/usr/share/code/resources/app/out/vs/workbench/api/node/extensionHostProcess.js:125:57216)
	at i.U (/snap/code/143/usr/share/code/resources/app/out/vs/workbench/api/node/extensionHostProcess.js:134:10864)
	at M.<computed>.j.charCodeAt.M.<computed> (/snap/code/143/usr/share/code/resources/app/out/vs/workbench/api/node/extensionHostProcess.js:134:8315)
	at n.g (/snap/code/143/usr/share/code/resources/app/out/vs/workbench/api/node/extensionHostProcess.js:125:83747)
	at n.executeCommand (/snap/code/143/usr/share/code/resources/app/out/vs/workbench/api/node/extensionHostProcess.js:125:83185)
	at b.registerCommand.description (/snap/code/143/usr/share/code/resources/app/out/vs/workbench/api/node/extensionHostProcess.js:125:82506)
	at n.h (/snap/code/143/usr/share/code/resources/app/out/vs/workbench/api/node/extensionHostProcess.js:125:84283)
	at n.g (/snap/code/143/usr/share/code/resources/app/out/vs/workbench/api/node/extensionHostProcess.js:125:83278)
	at n.executeCommand (/snap/code/143/usr/share/code/resources/app/out/vs/workbench/api/node/extensionHostProcess.js:125:83185)
	at Object.executeCommand (/snap/code/143/usr/share/code/resources/app/out/vs/workbench/api/node/extensionHostProcess.js:140:21282)
	at c0.reset (/home/stagiaire/.vscode/extensions/github.vscode-pull-request-github-0.74.0/dist/extension.js:1805:3944)
	at c0.dispose (/home/stagiaire/.vscode/extensions/github.vscode-pull-request-github-0.74.0/dist/extension.js:1805:4183)
	at o (/snap/code/143/usr/share/code/resources/app/out/vs/workbench/api/node/extensionHostProcess.js:30:754)
	at s.cb (/snap/code/143/usr/share/code/resources/app/out/vs/workbench/api/node/extensionHostProcess.js:136:9846)
	at /snap/code/143/usr/share/code/resources/app/out/vs/workbench/api/node/extensionHostProcess.js:136:7796
	at Array.map (<anonymous>)
	at s.Y (/snap/code/143/usr/share/code/resources/app/out/vs/workbench/api/node/extensionHostProcess.js:136:7784)
	at s.terminate (/snap/code/143/usr/share/code/resources/app/out/vs/workbench/api/node/extensionHostProcess.js:136:8054)
	at o.terminate (/snap/code/143/usr/share/code/resources/app/out/vs/workbench/api/node/extensionHostProcess.js:140:1513)
	at l (/snap/code/143/usr/share/code/resources/app/out/vs/workbench/api/node/extensionHostProcess.js:153:9801)
	at MessagePortMain.<anonymous> (/snap/code/143/usr/share/code/resources/app/out/vs/workbench/api/node/extensionHostProcess.js:153:6226)
	at MessagePortMain.emit (node:events:513:28)
	at MessagePortMain._internalPort.emit (node:electron/js2c/utility_init:2:367) setContext undefined
2023-10-18 10:06:09.168 [info] Extension host with pid 8008 exiting with code 0
2023-10-18 10:06:09.820 [info] Extension host with pid 8335 started
2023-10-18 10:06:09.820 [info] Skipping acquiring lock for /home/stagiaire/.config/Code/User/workspaceStorage/71ee94d4cf16861a32c4717224ac5b53.
2023-10-18 10:06:09.849 [info] ExtensionService#_doActivateExtension vscode.git-base, startup: true, activationEvent: '*'
2023-10-18 10:06:09.852 [info] ExtensionService#_doActivateExtension vscode.github, startup: true, activationEvent: '*'
2023-10-18 10:06:09.862 [info] Eager extensions activated
2023-10-18 10:06:09.899 [info] ExtensionService#_doActivateExtension vscode.debug-auto-launch, startup: false, activationEvent: 'onStartupFinished'
2023-10-18 10:06:09.900 [info] ExtensionService#_doActivateExtension vscode.merge-conflict, startup: false, activationEvent: 'onStartupFinished'
2023-10-18 10:06:09.906 [info] ExtensionService#_doActivateExtension vscode.github-authentication, startup: false, activationEvent: 'onStartupFinished', root cause: GitHub.vscode-pull-request-github
2023-10-18 10:06:09.921 [info] ExtensionService#_doActivateExtension GitHub.vscode-pull-request-github, startup: false, activationEvent: 'onStartupFinished'
2023-10-18 10:06:11.133 [info] ExtensionService#_doActivateExtension vscode.git, startup: false, activationEvent: 'api', root cause: vscode.github
2023-10-18 10:06:11.172 [info] ExtensionService#_doActivateExtension ritwickdey.LiveServer, startup: false, activationEvent: 'onStartupFinished'
2023-10-18 10:06:57.757 [info] ExtensionService#_doActivateExtension vscode.extension-editing, startup: false, activationEvent: 'onLanguage:markdown'
2023-10-18 10:06:57.771 [info] ExtensionService#_doActivateExtension vscode.markdown-language-features, startup: false, activationEvent: 'onLanguage:markdown'
2023-10-18 10:06:57.844 [info] ExtensionService#_doActivateExtension vscode.emmet, startup: false, activationEvent: 'onLanguage'
2023-10-18 10:06:58.115 [info] ExtensionService#_doActivateExtension vscode.markdown-math, startup: false, activationEvent: 'api', root cause: vscode.markdown-language-features
2023-10-18 10:10:00.814 [info] ExtensionService#_doActivateExtension vscode-icons-team.vscode-icons, startup: false, activationEvent: 'onStartupFinished'
2023-10-18 10:10:57.956 [info] ExtensionService#_doActivateExtension vscode.json-language-features, startup: false, activationEvent: 'onLanguage:jsonc'
2023-10-18 10:10:57.969 [info] ExtensionService#_doActivateExtension vscode.typescript-language-features, startup: false, activationEvent: 'onLanguage:jsonc'
2023-10-18 10:19:23.040 [error] {"message":"Failed to execute git","stdout":"","stderr":"error: remote origin already exists.\n","exitCode":3,"gitCommand":"remote","gitArgs":["remote","add","origin","https://github.com/Xenor23/Vsc-Git-test.git"]}
2023-10-18 10:40:44.770 [info] Extension host terminating: renderer closed the MessagePort
2023-10-18 10:40:44.798 [error] Canceled: Canceled
	at new g (/snap/code/143/usr/share/code/resources/app/out/vs/workbench/api/node/extensionHostProcess.js:125:57216)
	at i.U (/snap/code/143/usr/share/code/resources/app/out/vs/workbench/api/node/extensionHostProcess.js:134:10864)
	at M.<computed>.j.charCodeAt.M.<computed> (/snap/code/143/usr/share/code/resources/app/out/vs/workbench/api/node/extensionHostProcess.js:134:8315)
	at n.g (/snap/code/143/usr/share/code/resources/app/out/vs/workbench/api/node/extensionHostProcess.js:125:83747)
	at n.executeCommand (/snap/code/143/usr/share/code/resources/app/out/vs/workbench/api/node/extensionHostProcess.js:125:83185)
	at b.registerCommand.description (/snap/code/143/usr/share/code/resources/app/out/vs/workbench/api/node/extensionHostProcess.js:125:82506)
	at n.h (/snap/code/143/usr/share/code/resources/app/out/vs/workbench/api/node/extensionHostProcess.js:125:84283)
	at n.g (/snap/code/143/usr/share/code/resources/app/out/vs/workbench/api/node/extensionHostProcess.js:125:83278)
	at n.executeCommand (/snap/code/143/usr/share/code/resources/app/out/vs/workbench/api/node/extensionHostProcess.js:125:83185)
	at Object.executeCommand (/snap/code/143/usr/share/code/resources/app/out/vs/workbench/api/node/extensionHostProcess.js:140:21282)
	at s.D [as value] (/snap/code/143/usr/share/code/resources/app/extensions/git/dist/main.js:2:1312800)
	at c.z (/snap/code/143/usr/share/code/resources/app/out/vs/workbench/api/node/extensionHostProcess.js:80:1902)
	at c.A (/snap/code/143/usr/share/code/resources/app/out/vs/workbench/api/node/extensionHostProcess.js:80:1972)
	at c.fire (/snap/code/143/usr/share/code/resources/app/out/vs/workbench/api/node/extensionHostProcess.js:80:2188)
	at Object.m [as dispose] (/snap/code/143/usr/share/code/resources/app/extensions/git/dist/main.js:2:1328588)
	at /snap/code/143/usr/share/code/resources/app/extensions/git/dist/main.js:2:1333429
	at Array.forEach (<anonymous>)
	at g.dispose (/snap/code/143/usr/share/code/resources/app/extensions/git/dist/main.js:2:1333415)
	at v.<anonymous> (/snap/code/143/usr/share/code/resources/app/out/vs/workbench/api/node/extensionHostProcess.js:121:3521)
	at v.dispose (/snap/code/143/usr/share/code/resources/app/out/vs/workbench/api/node/extensionHostProcess.js:121:3618)
	at v.<anonymous> (/snap/code/143/usr/share/code/resources/app/extensions/git/dist/main.js:2:1314812)
	at v.dispose (/snap/code/143/usr/share/code/resources/app/out/vs/workbench/api/node/extensionHostProcess.js:121:3618)
	at o (/snap/code/143/usr/share/code/resources/app/out/vs/workbench/api/node/extensionHostProcess.js:30:754)
	at s.cb (/snap/code/143/usr/share/code/resources/app/out/vs/workbench/api/node/extensionHostProcess.js:136:9846)
	at /snap/code/143/usr/share/code/resources/app/out/vs/workbench/api/node/extensionHostProcess.js:136:7796
	at Array.map (<anonymous>)
	at s.Y (/snap/code/143/usr/share/code/resources/app/out/vs/workbench/api/node/extensionHostProcess.js:136:7784)
	at s.terminate (/snap/code/143/usr/share/code/resources/app/out/vs/workbench/api/node/extensionHostProcess.js:136:8054)
	at o.terminate (/snap/code/143/usr/share/code/resources/app/out/vs/workbench/api/node/extensionHostProcess.js:140:1513)
	at l (/snap/code/143/usr/share/code/resources/app/out/vs/workbench/api/node/extensionHostProcess.js:153:9801)
	at MessagePortMain.<anonymous> (/snap/code/143/usr/share/code/resources/app/out/vs/workbench/api/node/extensionHostProcess.js:153:6226)
	at MessagePortMain.emit (node:events:513:28)
	at MessagePortMain._internalPort.emit (node:electron/js2c/utility_init:2:367) setContext undefined
2023-10-18 10:40:44.798 [error] Canceled: Canceled
	at new g (/snap/code/143/usr/share/code/resources/app/out/vs/workbench/api/node/extensionHostProcess.js:125:57216)
	at i.U (/snap/code/143/usr/share/code/resources/app/out/vs/workbench/api/node/extensionHostProcess.js:134:10864)
	at M.<computed>.j.charCodeAt.M.<computed> (/snap/code/143/usr/share/code/resources/app/out/vs/workbench/api/node/extensionHostProcess.js:134:8315)
	at n.g (/snap/code/143/usr/share/code/resources/app/out/vs/workbench/api/node/extensionHostProcess.js:125:83747)
	at n.executeCommand (/snap/code/143/usr/share/code/resources/app/out/vs/workbench/api/node/extensionHostProcess.js:125:83185)
	at b.registerCommand.description (/snap/code/143/usr/share/code/resources/app/out/vs/workbench/api/node/extensionHostProcess.js:125:82506)
	at n.h (/snap/code/143/usr/share/code/resources/app/out/vs/workbench/api/node/extensionHostProcess.js:125:84283)
	at n.g (/snap/code/143/usr/share/code/resources/app/out/vs/workbench/api/node/extensionHostProcess.js:125:83278)
	at n.executeCommand (/snap/code/143/usr/share/code/resources/app/out/vs/workbench/api/node/extensionHostProcess.js:125:83185)
	at Object.executeCommand (/snap/code/143/usr/share/code/resources/app/out/vs/workbench/api/node/extensionHostProcess.js:140:21282)
	at set b [as b] (/snap/code/143/usr/share/code/resources/app/extensions/github/dist/extension.js:2:714415)
	at /snap/code/143/usr/share/code/resources/app/extensions/github/dist/extension.js:2:715056
	at s.value (/snap/code/143/usr/share/code/resources/app/extensions/git/dist/main.js:2:1402040)
	at c.z (/snap/code/143/usr/share/code/resources/app/out/vs/workbench/api/node/extensionHostProcess.js:80:1902)
	at c.A (/snap/code/143/usr/share/code/resources/app/out/vs/workbench/api/node/extensionHostProcess.js:80:1972)
	at c.fire (/snap/code/143/usr/share/code/resources/app/out/vs/workbench/api/node/extensionHostProcess.js:80:2188)
	at Object.m [as dispose] (/snap/code/143/usr/share/code/resources/app/extensions/git/dist/main.js:2:1328588)
	at /snap/code/143/usr/share/code/resources/app/extensions/git/dist/main.js:2:1333429
	at Array.forEach (<anonymous>)
	at g.dispose (/snap/code/143/usr/share/code/resources/app/extensions/git/dist/main.js:2:1333415)
	at v.<anonymous> (/snap/code/143/usr/share/code/resources/app/out/vs/workbench/api/node/extensionHostProcess.js:121:3521)
	at v.dispose (/snap/code/143/usr/share/code/resources/app/out/vs/workbench/api/node/extensionHostProcess.js:121:3618)
	at v.<anonymous> (/snap/code/143/usr/share/code/resources/app/extensions/git/dist/main.js:2:1314812)
	at v.dispose (/snap/code/143/usr/share/code/resources/app/out/vs/workbench/api/node/extensionHostProcess.js:121:3618)
	at o (/snap/code/143/usr/share/code/resources/app/out/vs/workbench/api/node/extensionHostProcess.js:30:754)
	at s.cb (/snap/code/143/usr/share/code/resources/app/out/vs/workbench/api/node/extensionHostProcess.js:136:9846)
	at /snap/code/143/usr/share/code/resources/app/out/vs/workbench/api/node/extensionHostProcess.js:136:7796
	at Array.map (<anonymous>)
	at s.Y (/snap/code/143/usr/share/code/resources/app/out/vs/workbench/api/node/extensionHostProcess.js:136:7784)
	at s.terminate (/snap/code/143/usr/share/code/resources/app/out/vs/workbench/api/node/extensionHostProcess.js:136:8054)
	at o.terminate (/snap/code/143/usr/share/code/resources/app/out/vs/workbench/api/node/extensionHostProcess.js:140:1513)
	at l (/snap/code/143/usr/share/code/resources/app/out/vs/workbench/api/node/extensionHostProcess.js:153:9801)
	at MessagePortMain.<anonymous> (/snap/code/143/usr/share/code/resources/app/out/vs/workbench/api/node/extensionHostProcess.js:153:6226)
	at MessagePortMain.emit (node:events:513:28)
	at MessagePortMain._internalPort.emit (node:electron/js2c/utility_init:2:367) setContext undefined
2023-10-18 10:40:44.798 [error] Canceled: Canceled
	at new g (/snap/code/143/usr/share/code/resources/app/out/vs/workbench/api/node/extensionHostProcess.js:125:57216)
	at i.U (/snap/code/143/usr/share/code/resources/app/out/vs/workbench/api/node/extensionHostProcess.js:134:10864)
	at M.<computed>.j.charCodeAt.M.<computed> (/snap/code/143/usr/share/code/resources/app/out/vs/workbench/api/node/extensionHostProcess.js:134:8315)
	at n.g (/snap/code/143/usr/share/code/resources/app/out/vs/workbench/api/node/extensionHostProcess.js:125:83747)
	at n.executeCommand (/snap/code/143/usr/share/code/resources/app/out/vs/workbench/api/node/extensionHostProcess.js:125:83185)
	at b.registerCommand.description (/snap/code/143/usr/share/code/resources/app/out/vs/workbench/api/node/extensionHostProcess.js:125:82506)
	at n.h (/snap/code/143/usr/share/code/resources/app/out/vs/workbench/api/node/extensionHostProcess.js:125:84283)
	at n.g (/snap/code/143/usr/share/code/resources/app/out/vs/workbench/api/node/extensionHostProcess.js:125:83278)
	at n.executeCommand (/snap/code/143/usr/share/code/resources/app/out/vs/workbench/api/node/extensionHostProcess.js:125:83185)
	at Object.executeCommand (/snap/code/143/usr/share/code/resources/app/out/vs/workbench/api/node/extensionHostProcess.js:140:21282)
	at e (/home/stagiaire/.vscode/extensions/github.vscode-pull-request-github-0.74.0/dist/extension.js:1655:1445)
	at Object.n [as setContext] (/home/stagiaire/.vscode/extensions/github.vscode-pull-request-github-0.74.0/dist/extension.js:1655:1560)
	at qc.updateActiveReviewCount (/home/stagiaire/.vscode/extensions/github.vscode-pull-request-github-0.74.0/dist/extension.js:1708:22584)
	at qc.removeRepo (/home/stagiaire/.vscode/extensions/github.vscode-pull-request-github-0.74.0/dist/extension.js:1708:23711)
	at s.value (/home/stagiaire/.vscode/extensions/github.vscode-pull-request-github-0.74.0/dist/extension.js:1818:4126)
	at c.z (/snap/code/143/usr/share/code/resources/app/out/vs/workbench/api/node/extensionHostProcess.js:80:1902)
	at c.A (/snap/code/143/usr/share/code/resources/app/out/vs/workbench/api/node/extensionHostProcess.js:80:1972)
	at c.fire (/snap/code/143/usr/share/code/resources/app/out/vs/workbench/api/node/extensionHostProcess.js:80:2188)
	at s.value (/home/stagiaire/.vscode/extensions/github.vscode-pull-request-github-0.74.0/dist/extension.js:1624:461993)
	at c.z (/snap/code/143/usr/share/code/resources/app/out/vs/workbench/api/node/extensionHostProcess.js:80:1902)
	at c.fire (/snap/code/143/usr/share/code/resources/app/out/vs/workbench/api/node/extensionHostProcess.js:80:2119)
	at /home/stagiaire/.vscode/extensions/github.vscode-pull-request-github-0.74.0/dist/extension.js:1708:27425
	at s.value (/snap/code/143/usr/share/code/resources/app/extensions/git/dist/main.js:2:1402040)
	at c.z (/snap/code/143/usr/share/code/resources/app/out/vs/workbench/api/node/extensionHostProcess.js:80:1902)
	at c.A (/snap/code/143/usr/share/code/resources/app/out/vs/workbench/api/node/extensionHostProcess.js:80:1972)
	at c.fire (/snap/code/143/usr/share/code/resources/app/out/vs/workbench/api/node/extensionHostProcess.js:80:2188)
	at Object.m [as dispose] (/snap/code/143/usr/share/code/resources/app/extensions/git/dist/main.js:2:1328588)
	at /snap/code/143/usr/share/code/resources/app/extensions/git/dist/main.js:2:1333429
	at Array.forEach (<anonymous>)
	at g.dispose (/snap/code/143/usr/share/code/resources/app/extensions/git/dist/main.js:2:1333415)
	at v.<anonymous> (/snap/code/143/usr/share/code/resources/app/out/vs/workbench/api/node/extensionHostProcess.js:121:3521)
	at v.dispose (/snap/code/143/usr/share/code/resources/app/out/vs/workbench/api/node/extensionHostProcess.js:121:3618)
	at v.<anonymous> (/snap/code/143/usr/share/code/resources/app/extensions/git/dist/main.js:2:1314812)
	at v.dispose (/snap/code/143/usr/share/code/resources/app/out/vs/workbench/api/node/extensionHostProcess.js:121:3618)
	at o (/snap/code/143/usr/share/code/resources/app/out/vs/workbench/api/node/extensionHostProcess.js:30:754)
	at s.cb (/snap/code/143/usr/share/code/resources/app/out/vs/workbench/api/node/extensionHostProcess.js:136:9846)
	at /snap/code/143/usr/share/code/resources/app/out/vs/workbench/api/node/extensionHostProcess.js:136:7796
	at Array.map (<anonymous>)
	at s.Y (/snap/code/143/usr/share/code/resources/app/out/vs/workbench/api/node/extensionHostProcess.js:136:7784)
	at s.terminate (/snap/code/143/usr/share/code/resources/app/out/vs/workbench/api/node/extensionHostProcess.js:136:8054)
	at o.terminate (/snap/code/143/usr/share/code/resources/app/out/vs/workbench/api/node/extensionHostProcess.js:140:1513)
	at l (/snap/code/143/usr/share/code/resources/app/out/vs/workbench/api/node/extensionHostProcess.js:153:9801)
	at MessagePortMain.<anonymous> (/snap/code/143/usr/share/code/resources/app/out/vs/workbench/api/node/extensionHostProcess.js:153:6226)
	at MessagePortMain.emit (node:events:513:28)
	at MessagePortMain._internalPort.emit (node:electron/js2c/utility_init:2:367) setContext undefined
2023-10-18 10:40:44.798 [error] Canceled: Canceled
	at new g (/snap/code/143/usr/share/code/resources/app/out/vs/workbench/api/node/extensionHostProcess.js:125:57216)
	at i.U (/snap/code/143/usr/share/code/resources/app/out/vs/workbench/api/node/extensionHostProcess.js:134:10864)
	at M.<computed>.j.charCodeAt.M.<computed> (/snap/code/143/usr/share/code/resources/app/out/vs/workbench/api/node/extensionHostProcess.js:134:8315)
	at n.g (/snap/code/143/usr/share/code/resources/app/out/vs/workbench/api/node/extensionHostProcess.js:125:83747)
	at n.executeCommand (/snap/code/143/usr/share/code/resources/app/out/vs/workbench/api/node/extensionHostProcess.js:125:83185)
	at b.registerCommand.description (/snap/code/143/usr/share/code/resources/app/out/vs/workbench/api/node/extensionHostProcess.js:125:82506)
	at n.h (/snap/code/143/usr/share/code/resources/app/out/vs/workbench/api/node/extensionHostProcess.js:125:84283)
	at n.g (/snap/code/143/usr/share/code/resources/app/out/vs/workbench/api/node/extensionHostProcess.js:125:83278)
	at n.executeCommand (/snap/code/143/usr/share/code/resources/app/out/vs/workbench/api/node/extensionHostProcess.js:125:83185)
	at Object.executeCommand (/snap/code/143/usr/share/code/resources/app/out/vs/workbench/api/node/extensionHostProcess.js:140:21282)
	at c0.reset (/home/stagiaire/.vscode/extensions/github.vscode-pull-request-github-0.74.0/dist/extension.js:1805:3944)
	at c0.dispose (/home/stagiaire/.vscode/extensions/github.vscode-pull-request-github-0.74.0/dist/extension.js:1805:4183)
	at o (/snap/code/143/usr/share/code/resources/app/out/vs/workbench/api/node/extensionHostProcess.js:30:754)
	at s.cb (/snap/code/143/usr/share/code/resources/app/out/vs/workbench/api/node/extensionHostProcess.js:136:9846)
	at /snap/code/143/usr/share/code/resources/app/out/vs/workbench/api/node/extensionHostProcess.js:136:7796
	at Array.map (<anonymous>)
	at s.Y (/snap/code/143/usr/share/code/resources/app/out/vs/workbench/api/node/extensionHostProcess.js:136:7784)
	at s.terminate (/snap/code/143/usr/share/code/resources/app/out/vs/workbench/api/node/extensionHostProcess.js:136:8054)
	at o.terminate (/snap/code/143/usr/share/code/resources/app/out/vs/workbench/api/node/extensionHostProcess.js:140:1513)
	at l (/snap/code/143/usr/share/code/resources/app/out/vs/workbench/api/node/extensionHostProcess.js:153:9801)
	at MessagePortMain.<anonymous> (/snap/code/143/usr/share/code/resources/app/out/vs/workbench/api/node/extensionHostProcess.js:153:6226)
	at MessagePortMain.emit (node:events:513:28)
	at MessagePortMain._internalPort.emit (node:electron/js2c/utility_init:2:367) setContext undefined
2023-10-18 10:40:44.803 [info] Extension host with pid 8335 exiting with code 0
