2023-10-18 11:51:13.585 [info] Reading sessions from keychain...
2023-10-18 11:51:13.585 [info] Getting sessions for all scopes...
2023-10-18 11:51:13.585 [info] Got stored sessions!
2023-10-18 11:51:13.585 [info] Got 1 verified sessions.
2023-10-18 11:51:13.585 [info] Got 1 sessions for ...
2023-10-18 11:51:13.636 [info] Getting sessions for all scopes...
2023-10-18 11:51:13.636 [info] Got 1 sessions for ...
2023-10-18 11:51:13.710 [info] Getting sessions for read:user,repo,user:email,workflow...
2023-10-18 11:51:13.710 [info] Got 1 sessions for read:user,repo,user:email,workflow...
2023-10-18 11:51:13.711 [info] Getting sessions for read:user,repo,user:email,workflow...
2023-10-18 11:51:13.711 [info] Got 1 sessions for read:user,repo,user:email,workflow...
2023-10-18 11:51:36.632 [info] Getting sessions for read:user,repo,user:email,workflow...
2023-10-18 11:51:36.632 [info] Got 1 sessions for read:user,repo,user:email,workflow...
2023-10-18 11:51:54.908 [info] Reading sessions from keychain...
2023-10-18 11:51:54.908 [info] Getting sessions for all scopes...
2023-10-18 11:51:54.908 [info] Got stored sessions!
2023-10-18 11:51:54.908 [info] Got 1 verified sessions.
2023-10-18 11:51:54.908 [info] Got 1 sessions for ...
2023-10-18 11:51:54.908 [info] Getting sessions for all scopes...
2023-10-18 11:51:54.908 [info] Got 1 sessions for ...
2023-10-18 11:51:55.048 [info] Getting sessions for read:user,repo,user:email,workflow...
2023-10-18 11:51:55.048 [info] Got 1 sessions for read:user,repo,user:email,workflow...
2023-10-18 11:51:55.048 [info] Getting sessions for read:user,repo,user:email,workflow...
2023-10-18 11:51:55.048 [info] Got 1 sessions for read:user,repo,user:email,workflow...
2023-10-18 11:51:56.731 [info] Getting sessions for read:user,repo,user:email,workflow...
2023-10-18 11:51:56.731 [info] Got 1 sessions for read:user,repo,user:email,workflow...
