2023-10-18 10:02:48.568 [info] Added views:workbench.panel.markers.view in workbench.panel.markers
2023-10-18 10:02:48.569 [info] Added views:workbench.panel.output in workbench.panel.output
2023-10-18 10:02:48.569 [info] Added views:terminal in terminal
2023-10-18 10:02:48.569 [info] Added views:outline in workbench.view.explorer
2023-10-18 10:02:48.569 [info] Added views:workbench.scm in workbench.view.scm
2023-10-18 10:02:48.569 [info] Added views:workbench.view.search in workbench.view.search
2023-10-18 10:02:48.569 [info] Added views:timeline in workbench.view.explorer
2023-10-18 10:02:48.569 [info] Added views:workbench.explorer.emptyView in workbench.view.explorer
2023-10-18 10:02:48.647 [info] Added views:workbench.debug.variablesView,workbench.debug.watchExpressionsView,workbench.debug.callStackView,workbench.debug.breakPointsView in workbench.view.debug
2023-10-18 10:02:49.249 [info] Added views:~remote.forwardedPorts in ~remote.forwardedPortsContainer
2023-10-18 10:02:49.304 [info] Added views:workbench.panel.repl.view in workbench.panel.repl
2023-10-18 10:02:49.306 [info] Removed views:workbench.debug.breakPointsView,workbench.debug.callStackView,workbench.debug.watchExpressionsView,workbench.debug.variablesView from workbench.view.debug
2023-10-18 10:02:49.307 [info] Added views:workbench.debug.welcome in workbench.view.debug
2023-10-18 10:02:56.793 [info] Added views:workbench.views.extensions.installed,workbench.views.extensions.popular,extensions.recommendedList in workbench.view.extensions
2023-10-18 10:02:56.794 [info] Removed views:workbench.views.extensions.popular from workbench.view.extensions
2023-10-18 10:02:56.972 [info] Added views:workbench.views.extensions.popular in workbench.view.extensions
2023-10-18 10:02:59.548 [info] Removed views:extensions.recommendedList,workbench.views.extensions.popular,workbench.views.extensions.installed from workbench.view.extensions
2023-10-18 10:02:59.556 [info] Added views:workbench.views.extensions.marketplace in workbench.view.extensions
2023-10-18 10:03:00.234 [info] Removed views:workbench.views.extensions.marketplace from workbench.view.extensions
2023-10-18 10:03:00.254 [info] Added views:workbench.views.extensions.installed,workbench.views.extensions.popular,extensions.recommendedList in workbench.view.extensions
2023-10-18 10:03:01.180 [info] Removed views:extensions.recommendedList,workbench.views.extensions.popular,workbench.views.extensions.installed from workbench.view.extensions
2023-10-18 10:03:01.188 [info] Added views:workbench.views.extensions.marketplace in workbench.view.extensions
2023-10-18 10:05:29.309 [info] Added views:pr:github,issues:github in workbench.view.extension.github-pull-requests
2023-10-18 10:06:09.509 [info] Added views:workbench.panel.markers.view in workbench.panel.markers
2023-10-18 10:06:09.509 [info] Added views:workbench.panel.output in workbench.panel.output
2023-10-18 10:06:09.509 [info] Added views:terminal in terminal
2023-10-18 10:06:09.509 [info] Added views:outline in workbench.view.explorer
2023-10-18 10:06:09.509 [info] Added views:workbench.scm in workbench.view.scm
2023-10-18 10:06:09.509 [info] Added views:workbench.view.search in workbench.view.search
2023-10-18 10:06:09.509 [info] Added views:timeline in workbench.view.explorer
2023-10-18 10:06:09.509 [info] Added views:workbench.explorer.fileView in workbench.view.explorer
2023-10-18 10:06:09.621 [info] Added views:pr:github,issues:github in workbench.view.extension.github-pull-requests
2023-10-18 10:06:09.722 [info] Added views:workbench.debug.variablesView,workbench.debug.watchExpressionsView,workbench.debug.callStackView,workbench.debug.breakPointsView in workbench.view.debug
2023-10-18 10:06:09.796 [info] Added views:~remote.forwardedPorts in ~remote.forwardedPortsContainer
2023-10-18 10:06:09.846 [info] Added views:workbench.panel.repl.view in workbench.panel.repl
2023-10-18 10:06:09.848 [info] Removed views:workbench.debug.breakPointsView,workbench.debug.callStackView,workbench.debug.watchExpressionsView,workbench.debug.variablesView from workbench.view.debug
2023-10-18 10:06:09.848 [info] Added views:workbench.debug.welcome in workbench.view.debug
2023-10-18 10:08:27.406 [info] Added views:github:activePullRequest:welcome in workbench.view.extension.github-pull-request
2023-10-18 10:08:27.476 [info] Removed views:github:activePullRequest:welcome from workbench.view.extension.github-pull-request
2023-10-18 10:08:27.579 [info] Added views:workbench.panel.comments in workbench.panel.comments
2023-10-18 10:09:50.467 [info] Added views:workbench.views.extensions.installed,workbench.views.extensions.popular,extensions.recommendedList in workbench.view.extensions
2023-10-18 10:09:50.469 [info] Removed views:workbench.views.extensions.popular from workbench.view.extensions
2023-10-18 10:09:52.965 [info] Removed views:extensions.recommendedList,workbench.views.extensions.installed from workbench.view.extensions
2023-10-18 10:09:52.974 [info] Added views:workbench.views.extensions.marketplace in workbench.view.extensions
2023-10-18 10:18:11.255 [info] Removed views:pr:github from workbench.view.extension.github-pull-requests
