2023-10-18 11:42:06.992 [info] Reading sessions from keychain...
2023-10-18 11:42:06.992 [info] Getting sessions for all scopes...
2023-10-18 11:42:06.992 [info] Getting sessions for all scopes...
2023-10-18 11:42:06.992 [info] Got stored sessions!
2023-10-18 11:42:06.992 [info] Got 1 verified sessions.
2023-10-18 11:42:06.992 [info] Got 1 sessions for ...
2023-10-18 11:42:06.992 [info] Got 1 sessions for ...
2023-10-18 11:42:07.028 [info] Getting sessions for read:user,repo,user:email,workflow...
2023-10-18 11:42:07.028 [info] Got 1 sessions for read:user,repo,user:email,workflow...
2023-10-18 11:42:09.932 [info] Reading sessions from keychain...
2023-10-18 11:42:09.932 [info] Getting sessions for all scopes...
2023-10-18 11:42:09.932 [info] Got stored sessions!
2023-10-18 11:42:09.932 [info] Got 1 verified sessions.
2023-10-18 11:42:09.932 [info] Got 1 sessions for ...
2023-10-18 11:42:10.021 [info] Getting sessions for all scopes...
2023-10-18 11:42:10.021 [info] Got 1 sessions for ...
2023-10-18 11:42:10.077 [info] Getting sessions for read:user,repo,user:email,workflow...
2023-10-18 11:42:10.078 [info] Got 1 sessions for read:user,repo,user:email,workflow...
2023-10-18 11:42:11.532 [info] Getting sessions for read:user,repo,user:email,workflow...
2023-10-18 11:42:11.532 [info] Got 1 sessions for read:user,repo,user:email,workflow...
