2023-10-18 11:42:06.992 [warning] /home/stagiaire/.ssh/config: ENOENT: no such file or directory, open '/home/stagiaire/.ssh/config'
2023-10-18 11:42:07.132 [info] Looking for git repository
2023-10-18 11:42:07.132 [info] Found 0 repositories during activation
2023-10-18 11:42:07.132 [info] Git repository found, initializing review manager and pr tree view.
2023-10-18 11:42:07.133 [info] Registering git provider
2023-10-18 11:42:10.064 [warning] /home/stagiaire/.ssh/config: ENOENT: no such file or directory, open '/home/stagiaire/.ssh/config'
2023-10-18 11:42:10.129 [info] Looking for git repository
2023-10-18 11:42:10.129 [info] Found 0 repositories during activation
2023-10-18 11:42:10.129 [info] Git repository found, initializing review manager and pr tree view.
2023-10-18 11:42:11.335 [info] Registering git provider
2023-10-18 11:42:11.377 [info] Repository file:///home/stagiaire has been opened
2023-10-18 11:42:11.378 [info] Git initialization state changed: state=initialized
2023-10-18 11:42:11.378 [info] Review> Validate state in progress
2023-10-18 11:42:11.378 [info] Review> Validating state...
2023-10-18 11:42:11.378 [warning] No remotes found. The following remotes are missing: origin, upstream
2023-10-18 11:42:11.378 [info] No GitHub remotes found for folder /home/stagiaire
2023-10-18 11:42:11.503 [info] Review> Validate state in progress
2023-10-18 11:42:11.503 [info] Review> Validating state...
2023-10-18 11:42:11.503 [info] Repo state for file:///home/stagiaire changed.
2023-10-18 11:42:11.503 [info] Repo file:///home/stagiaire has already been setup.
2023-10-18 11:42:11.515 [info] Found GitHub remote for folder /home/stagiaire
2023-10-18 11:42:11.959 [warning] Unable to resolve remote: HttpError: Not Found
2023-10-18 11:42:12.238 [info] Missing upstream check failed: HttpError: Not Found
2023-10-18 11:42:12.241 [info] Trying to use globalState for assignableUsers.
2023-10-18 11:42:12.273 [info] Using globalState assignableUsers for 1.
2023-10-18 11:42:12.385 [info] Review> No matching pull request metadata found locally for current branch master
2023-10-18 11:42:12.385 [info] Review> no matching pull request metadata found for current branch master
2023-10-18 11:42:12.385 [info] Review> No matching pull request metadata found on GitHub for current branch master
2023-10-18 11:42:12.683 [error] GitHubRepository> Unable to fetch issues: Error: GraphQL error: Could not resolve to a Repository with the name 'Xenor23/Vsc-Git-test'.
2023-10-18 11:42:12.960 [warning] GitHubRepository> Fetching default branch failed: HttpError: Not Found
2023-10-18 11:42:13.014 [error] GitHubRepository> Unable to fetch issues without milestone: Error: GraphQL error: Could not resolve to a Repository with the name 'Xenor23/Vsc-Git-test'.
2023-10-18 11:42:13.236 [warning] GitHubRepository> Fetching default branch failed: HttpError: Not Found
2023-10-18 11:42:13.294 [error] GitHubRepository> Unable to fetch issues with query: Error: GraphQL error: Could not resolve to a Repository with the name 'Xenor23/Vsc-Git-test'.
2023-10-18 11:43:37.885 [info] Review> Validate state in progress
2023-10-18 11:43:37.885 [info] Review> Validating state...
2023-10-18 11:43:37.962 [info] Found GitHub remote for folder /home/stagiaire
2023-10-18 11:43:38.215 [error] GitHubRepository> Unable to fetch issues: Error: GraphQL error: Could not resolve to a Repository with the name 'Xenor23/Vsc-Git-test'.
2023-10-18 11:43:38.215 [error] GitHubRepository> Unable to fetch issues: Error: GraphQL error: Could not resolve to a Repository with the name 'Xenor23/Vsc-Git-test'.
2023-10-18 11:43:38.257 [warning] Unable to resolve remote: HttpError: Not Found
2023-10-18 11:43:38.257 [info] Using in-memory cached assignable users.
2023-10-18 11:43:38.369 [info] Review> No matching pull request metadata found locally for current branch master
2023-10-18 11:43:38.369 [info] Review> no matching pull request metadata found for current branch master
2023-10-18 11:43:38.370 [info] Review> No matching pull request metadata found on GitHub for current branch master
2023-10-18 11:43:38.500 [warning] GitHubRepository> Fetching default branch failed: HttpError: Not Found
2023-10-18 11:43:38.533 [error] GitHubRepository> Unable to fetch issues without milestone: Error: GraphQL error: Could not resolve to a Repository with the name 'Xenor23/Vsc-Git-test'.
2023-10-18 11:43:38.533 [error] GitHubRepository> Unable to fetch issues without milestone: Error: GraphQL error: Could not resolve to a Repository with the name 'Xenor23/Vsc-Git-test'.
2023-10-18 11:43:38.563 [error] GitHubRepository> Unable to fetch issues: Error: GraphQL error: Could not resolve to a Repository with the name 'Xenor23/Vsc-Git-test'.
2023-10-18 11:43:38.563 [error] GitHubRepository> Unable to fetch issues: Error: GraphQL error: Could not resolve to a Repository with the name 'Xenor23/Vsc-Git-test'.
2023-10-18 11:43:38.670 [warning] GitHubRepository> Fetching default branch failed: HttpError: Not Found
2023-10-18 11:43:38.770 [warning] GitHubRepository> Fetching default branch failed: HttpError: Not Found
2023-10-18 11:43:38.806 [error] GitHubRepository> Unable to fetch issues with query: Error: GraphQL error: Could not resolve to a Repository with the name 'Xenor23/Vsc-Git-test'.
2023-10-18 11:43:38.806 [error] GitHubRepository> Unable to fetch issues with query: Error: GraphQL error: Could not resolve to a Repository with the name 'Xenor23/Vsc-Git-test'.
2023-10-18 11:43:38.817 [warning] GitHubRepository> Fetching default branch failed: HttpError: Not Found
2023-10-18 11:43:38.873 [error] GitHubRepository> Unable to fetch issues without milestone: Error: GraphQL error: Could not resolve to a Repository with the name 'Xenor23/Vsc-Git-test'.
2023-10-18 11:43:38.873 [error] GitHubRepository> Unable to fetch issues without milestone: Error: GraphQL error: Could not resolve to a Repository with the name 'Xenor23/Vsc-Git-test'.
2023-10-18 11:43:38.920 [warning] GitHubRepository> Fetching default branch failed: HttpError: Not Found
2023-10-18 11:43:38.995 [warning] GitHubRepository> Fetching default branch failed: HttpError: Not Found
2023-10-18 11:43:39.149 [error] GitHubRepository> Unable to fetch issues with query: Error: GraphQL error: Could not resolve to a Repository with the name 'Xenor23/Vsc-Git-test'.
2023-10-18 11:43:39.149 [error] GitHubRepository> Unable to fetch issues with query: Error: GraphQL error: Could not resolve to a Repository with the name 'Xenor23/Vsc-Git-test'.
2023-10-18 11:43:39.193 [warning] GitHubRepository> Fetching default branch failed: HttpError: Not Found
2023-10-18 11:43:39.316 [warning] GitHubRepository> Fetching default branch failed: HttpError: Not Found
