2023-10-18 10:58:32.023 [info] Added views:workbench.panel.markers.view in workbench.panel.markers
2023-10-18 10:58:32.023 [info] Added views:workbench.panel.output in workbench.panel.output
2023-10-18 10:58:32.023 [info] Added views:terminal in terminal
2023-10-18 10:58:32.023 [info] Added views:workbench.scm in workbench.view.scm
2023-10-18 10:58:32.023 [info] Added views:outline in workbench.view.scm
2023-10-18 10:58:32.023 [info] Added views:workbench.view.search in workbench.view.search
2023-10-18 10:58:32.023 [info] Added views:timeline in workbench.view.scm
2023-10-18 10:58:32.023 [info] Added views:workbench.explorer.openEditorsView in workbench.view.scm
2023-10-18 10:58:32.023 [info] Added views:workbench.explorer.emptyView in workbench.view.explorer
2023-10-18 10:58:32.150 [info] Added views:issues:github in workbench.view.extension.github-pull-requests
2023-10-18 10:58:32.297 [info] Added views:workbench.debug.variablesView,workbench.debug.watchExpressionsView,workbench.debug.callStackView,workbench.debug.breakPointsView in workbench.view.debug
2023-10-18 10:58:32.328 [info] Added views:workbench.panel.repl.view in workbench.panel.repl
2023-10-18 10:58:32.330 [info] Removed views:workbench.debug.breakPointsView,workbench.debug.callStackView,workbench.debug.watchExpressionsView,workbench.debug.variablesView from workbench.view.debug
2023-10-18 10:58:32.330 [info] Added views:workbench.debug.welcome in workbench.view.debug
2023-10-18 10:58:32.375 [info] Added views:~remote.forwardedPorts in ~remote.forwardedPortsContainer
2023-10-18 10:58:38.556 [info] Added views:workbench.panel.markers.view in workbench.panel.markers
2023-10-18 10:58:38.556 [info] Added views:workbench.panel.output in workbench.panel.output
2023-10-18 10:58:38.556 [info] Added views:terminal in terminal
2023-10-18 10:58:38.556 [info] Added views:workbench.scm in workbench.view.scm
2023-10-18 10:58:38.556 [info] Added views:outline in workbench.view.scm
2023-10-18 10:58:38.556 [info] Added views:workbench.view.search in workbench.view.search
2023-10-18 10:58:38.556 [info] Added views:timeline in workbench.view.scm
2023-10-18 10:58:38.556 [info] Added views:workbench.explorer.openEditorsView in workbench.view.scm
2023-10-18 10:58:38.557 [info] Added views:workbench.explorer.fileView in workbench.views.service.sidebar.917efc5c-968e-4fc6-9173-43ee6ea9f60d
2023-10-18 10:58:38.654 [info] Added views:issues:github in workbench.view.extension.github-pull-requests
2023-10-18 10:58:38.819 [info] Added views:workbench.debug.variablesView,workbench.debug.watchExpressionsView,workbench.debug.callStackView,workbench.debug.breakPointsView in workbench.view.debug
2023-10-18 10:58:38.850 [info] Added views:workbench.panel.repl.view in workbench.panel.repl
2023-10-18 10:58:38.851 [info] Removed views:workbench.debug.breakPointsView,workbench.debug.callStackView,workbench.debug.watchExpressionsView,workbench.debug.variablesView from workbench.view.debug
2023-10-18 10:58:38.851 [info] Added views:workbench.debug.welcome in workbench.view.debug
2023-10-18 10:58:38.961 [info] Added views:~remote.forwardedPorts in ~remote.forwardedPortsContainer
2023-10-18 10:58:40.509 [info] Added views:github:activePullRequest:welcome in workbench.view.extension.github-pull-request
2023-10-18 10:58:40.510 [info] Removed views:github:activePullRequest:welcome from workbench.view.extension.github-pull-request
2023-10-18 11:00:20.859 [info] Showing view workbench.scm.repositories in the container workbench.view.scm
2023-10-18 11:00:20.871 [info] Added views:workbench.scm.repositories in workbench.view.scm
2023-10-18 11:01:56.373 [info] Added views:workbench.panel.comments in workbench.panel.comments
2023-10-18 11:06:37.600 [info] Added views:workbench.views.extensions.installed,workbench.views.extensions.popular,extensions.recommendedList in workbench.view.extensions
2023-10-18 11:06:37.603 [info] Removed views:workbench.views.extensions.popular from workbench.view.extensions
2023-10-18 11:11:16.191 [info] Removed views:workbench.scm.repositories from workbench.view.scm
2023-10-18 11:11:19.341 [info] Removed views:workbench.explorer.openEditorsView from workbench.view.scm
2023-10-18 11:11:20.877 [info] Removed views:outline from workbench.view.scm
2023-10-18 11:11:22.390 [info] Removed views:timeline from workbench.view.scm
2023-10-18 11:17:50.798 [info] Added views:github:createPullRequestWebview,github:compareChangesFiles,github:compareChangesCommits in workbench.view.extension.github-pull-request
