2023-10-18 10:57:05.066 [info] Added views:workbench.panel.markers.view in workbench.panel.markers
2023-10-18 10:57:05.066 [info] Added views:workbench.panel.output in workbench.panel.output
2023-10-18 10:57:05.066 [info] Added views:terminal in terminal
2023-10-18 10:57:05.066 [info] Added views:outline in workbench.view.explorer
2023-10-18 10:57:05.066 [info] Added views:workbench.scm in workbench.view.scm
2023-10-18 10:57:05.066 [info] Added views:workbench.view.search in workbench.view.search
2023-10-18 10:57:05.066 [info] Added views:timeline in workbench.view.explorer
2023-10-18 10:57:05.066 [info] Added views:workbench.explorer.fileView in workbench.view.explorer
2023-10-18 10:57:05.186 [info] Added views:issues:github in workbench.view.extension.github-pull-requests
2023-10-18 10:57:05.342 [info] Added views:workbench.debug.welcome in workbench.view.debug
2023-10-18 10:57:05.363 [info] Added views:workbench.panel.repl.view in workbench.panel.repl
2023-10-18 10:57:05.806 [info] Added views:~remote.forwardedPorts in ~remote.forwardedPortsContainer
2023-10-18 10:57:05.970 [info] Added views:workbench.panel.comments in workbench.panel.comments
2023-10-18 10:57:05.976 [info] Added views:github:activePullRequest:welcome in workbench.view.extension.github-pull-request
2023-10-18 10:57:19.014 [info] Removed views:timeline,outline,workbench.explorer.fileView from workbench.view.explorer
2023-10-18 10:57:19.049 [info] Added views:workbench.explorer.openEditorsView,workbench.explorer.fileView,outline,timeline in workbench.view.scm
2023-10-18 10:57:19.056 [info] Moved view workbench.explorer.openEditorsView to workbench.scm in workbench.view.scm
2023-10-18 10:57:19.062 [info] Moved view workbench.explorer.fileView to workbench.scm in workbench.view.scm
2023-10-18 10:57:19.065 [info] Moved view outline to workbench.scm in workbench.view.scm
2023-10-18 10:57:19.071 [info] Moved view timeline to workbench.scm in workbench.view.scm
2023-10-18 10:57:41.859 [info] Removed views:workbench.explorer.fileView from workbench.view.scm
2023-10-18 10:57:41.864 [info] Added views:workbench.explorer.fileView in workbench.views.service.sidebar.917efc5c-968e-4fc6-9173-43ee6ea9f60d
