2023-10-18 11:55:04.359 [info] Reading sessions from keychain...
2023-10-18 11:55:04.359 [info] Getting sessions for all scopes...
2023-10-18 11:55:04.359 [info] Getting sessions for all scopes...
2023-10-18 11:55:04.400 [info] Got stored sessions!
2023-10-18 11:55:04.400 [info] Got 1 verified sessions.
2023-10-18 11:55:04.400 [info] Got 1 sessions for ...
2023-10-18 11:55:04.401 [info] Got 1 sessions for ...
2023-10-18 11:55:04.522 [info] Getting sessions for read:user,repo,user:email,workflow...
2023-10-18 11:55:04.522 [info] Got 1 sessions for read:user,repo,user:email,workflow...
2023-10-18 11:55:14.578 [info] Reading sessions from keychain...
2023-10-18 11:55:14.578 [info] Getting sessions for all scopes...
2023-10-18 11:55:14.578 [info] Got stored sessions!
2023-10-18 11:55:14.578 [info] Got 1 verified sessions.
2023-10-18 11:55:14.578 [info] Got 1 sessions for ...
2023-10-18 11:55:14.633 [info] Getting sessions for all scopes...
2023-10-18 11:55:14.633 [info] Got 1 sessions for ...
2023-10-18 11:55:14.753 [info] Getting sessions for read:user,repo,user:email,workflow...
2023-10-18 11:55:14.753 [info] Got 1 sessions for read:user,repo,user:email,workflow...
2023-10-18 11:55:16.911 [info] Getting sessions for read:user,repo,user:email,workflow...
2023-10-18 11:55:16.911 [info] Got 1 sessions for read:user,repo,user:email,workflow...
2023-10-18 11:55:18.839 [info] Getting sessions for read:user,repo,user:email,workflow...
2023-10-18 11:55:18.839 [info] Got 1 sessions for read:user,repo,user:email,workflow...
