2023-10-18 12:00:34.956 [info] Log level: Info
2023-10-18 12:00:34.956 [info] Validating found git in: "git"
2023-10-18 12:00:34.956 [info] Using git "2.34.1" from "git"
2023-10-18 12:00:34.956 [info] > git rev-parse --show-toplevel [3ms]
2023-10-18 12:00:34.956 [info] > git rev-parse --git-dir --git-common-dir [2ms]
2023-10-18 12:00:34.956 [info] Open repository: /home/stagiaire
2023-10-18 12:00:34.958 [info] > git rev-parse --show-toplevel [9ms]
2023-10-18 12:00:34.958 [info] fatal: this operation must be run in a work tree
2023-10-18 12:00:34.959 [info] > git config --get commit.template [17ms]
2023-10-18 12:00:34.976 [info] > git for-each-ref --format=%(refname)%00%(upstream:short)%00%(objectname)%00%(upstream:track)%00%(upstream:remotename)%00%(upstream:remoteref) refs/heads/master refs/remotes/master [2ms]
2023-10-18 12:00:35.153 [info] > git status -z -uall [171ms]
2023-10-18 12:00:35.218 [info] > git config --get commit.template [14ms]
2023-10-18 12:00:35.238 [info] > git for-each-ref --format=%(refname)%00%(upstream:short)%00%(objectname)%00%(upstream:track)%00%(upstream:remotename)%00%(upstream:remoteref) refs/heads/master refs/remotes/master [13ms]
2023-10-18 12:00:35.342 [info] > git status -z -uall [97ms]
2023-10-18 12:00:35.514 [info] > git check-ignore -v -z --stdin [51ms]
2023-10-18 12:00:35.750 [info] > git show --textconv :.git/COMMIT_EDITMSG [9ms]
2023-10-18 12:00:35.751 [info] > git ls-files --stage -- /home/stagiaire/.git/COMMIT_EDITMSG [4ms]
2023-10-18 12:00:36.126 [info] > git config --local branch.master.github-pr-owner-number [14ms]
2023-10-18 12:00:36.140 [info] > git config --get commit.template [8ms]
2023-10-18 12:00:36.146 [info] > git for-each-ref --format=%(refname)%00%(upstream:short)%00%(objectname)%00%(upstream:track)%00%(upstream:remotename)%00%(upstream:remoteref) refs/heads/master refs/remotes/master [1ms]
2023-10-18 12:00:36.214 [info] > git status -z -uall [64ms]
2023-10-18 12:00:38.229 [info] > git config --get commit.template [7ms]
2023-10-18 12:00:38.229 [info] > git for-each-ref --format=%(refname)%00%(upstream:short)%00%(objectname)%00%(upstream:track)%00%(upstream:remotename)%00%(upstream:remoteref) refs/heads/master refs/remotes/master [1ms]
2023-10-18 12:00:38.296 [info] > git status -z -uall [62ms]
2023-10-18 12:00:39.753 [info] > git show --textconv :klqngd/cours 2/ahhh/README.md [13ms]
2023-10-18 12:00:39.753 [info] > git ls-files --stage -- /home/stagiaire/klqngd/cours 2/ahhh/README.md [5ms]
2023-10-18 12:00:39.766 [info] > git cat-file -s 6ca994b15a66e5c8c291c194457d1d4a4fd14de9 [7ms]
2023-10-18 12:00:40.639 [info] > git check-ignore -v -z --stdin [11ms]
2023-10-18 12:00:43.310 [info] > git config --get commit.template [0ms]
2023-10-18 12:00:43.318 [info] > git for-each-ref --format=%(refname)%00%(upstream:short)%00%(objectname)%00%(upstream:track)%00%(upstream:remotename)%00%(upstream:remoteref) refs/heads/master refs/remotes/master [1ms]
2023-10-18 12:00:43.389 [info] > git status -z -uall [65ms]
2023-10-18 12:00:45.335 [info] > git -c user.useConfigOnly=true commit --quiet --allow-empty-message --file - [47ms]
2023-10-18 12:00:45.335 [info] warning: The last gc run reported the following. Please correct the root cause
and remove .git/gc.log
Automatic cleanup will not be performed until the file is removed.

warning: There are too many unreachable loose objects; run 'git prune' to remove them.
2023-10-18 12:00:45.345 [info] > git config --get commit.template [2ms]
2023-10-18 12:00:45.363 [info] > git config --get commit.template [9ms]
2023-10-18 12:00:45.364 [info] > git for-each-ref --format=%(refname)%00%(upstream:short)%00%(objectname)%00%(upstream:track)%00%(upstream:remotename)%00%(upstream:remoteref) refs/heads/master refs/remotes/master [1ms]
2023-10-18 12:00:45.429 [info] > git status -z -uall [55ms]
2023-10-18 12:00:45.462 [info] > git push [13ms]
2023-10-18 12:00:45.462 [info] fatal: The current branch master has no upstream branch.
To push the current branch and set the remote as upstream, use

    git push --set-upstream origin master
2023-10-18 12:00:45.473 [info] > git config --get commit.template [2ms]
2023-10-18 12:00:45.483 [info] > git for-each-ref --format=%(refname)%00%(upstream:short)%00%(objectname)%00%(upstream:track)%00%(upstream:remotename)%00%(upstream:remoteref) refs/heads/master refs/remotes/master [2ms]
2023-10-18 12:00:45.546 [info] > git status -z -uall [54ms]
2023-10-18 12:00:45.899 [info] > git config --local branch.master.github-pr-owner-number [12ms]
2023-10-18 12:00:45.915 [info] > git config --get commit.template [8ms]
2023-10-18 12:00:45.915 [info] > git for-each-ref --format=%(refname)%00%(upstream:short)%00%(objectname)%00%(upstream:track)%00%(upstream:remotename)%00%(upstream:remoteref) refs/heads/master refs/remotes/master [1ms]
2023-10-18 12:00:45.973 [info] > git status -z -uall [51ms]
2023-10-18 12:00:46.234 [info] > git check-ignore -v -z --stdin [21ms]
2023-10-18 12:00:48.811 [info] > git ls-files --stage -- /home/stagiaire/klqngd/cours 2/ahhh/README.md [3ms]
2023-10-18 12:00:48.821 [info] > git cat-file -s 6ca994b15a66e5c8c291c194457d1d4a4fd14de9 [1ms]
2023-10-18 12:00:48.834 [info] > git show --textconv :klqngd/cours 2/ahhh/README.md [4ms]
2023-10-18 12:00:55.395 [info] > git push -u jsp master [3459ms]
2023-10-18 12:00:55.395 [info] To https://github.com/Xenor23/TEST.git
   2287f00..61beadb  master -> master
2023-10-18 12:00:55.411 [info] > git config --get commit.template [8ms]
2023-10-18 12:00:55.412 [info] > git for-each-ref --format=%(refname)%00%(upstream:short)%00%(objectname)%00%(upstream:track)%00%(upstream:remotename)%00%(upstream:remoteref) refs/heads/master refs/remotes/master [1ms]
2023-10-18 12:00:55.466 [info] > git status -z -uall [47ms]
2023-10-18 12:00:55.564 [info] > git config --get commit.template [15ms]
2023-10-18 12:00:55.564 [info] > git for-each-ref --format=%(refname)%00%(upstream:short)%00%(objectname)%00%(upstream:track)%00%(upstream:remotename)%00%(upstream:remoteref) refs/heads/master refs/remotes/master [3ms]
2023-10-18 12:00:55.636 [info] > git status -z -uall [60ms]
2023-10-18 12:00:55.659 [info] > git config --get commit.template [5ms]
2023-10-18 12:00:55.671 [info] > git for-each-ref --format=%(refname)%00%(upstream:short)%00%(objectname)%00%(upstream:track)%00%(upstream:remotename)%00%(upstream:remoteref) refs/heads/master refs/remotes/master [1ms]
2023-10-18 12:00:55.734 [info] > git status -z -uall [53ms]
2023-10-18 12:00:56.351 [info] > git config --local branch.master.github-pr-owner-number [29ms]
2023-10-18 12:00:56.374 [info] > git config --get commit.template [14ms]
2023-10-18 12:00:56.382 [info] > git for-each-ref --format=%(refname)%00%(upstream:short)%00%(objectname)%00%(upstream:track)%00%(upstream:remotename)%00%(upstream:remoteref) refs/heads/master refs/remotes/master [1ms]
2023-10-18 12:00:56.446 [info] > git status -z -uall [55ms]
2023-10-18 12:00:56.694 [info] > git ls-files --stage -- /home/stagiaire/klqngd/cours 2/ahhh/README.md [9ms]
2023-10-18 12:00:56.703 [info] > git cat-file -s 6ca994b15a66e5c8c291c194457d1d4a4fd14de9 [1ms]
2023-10-18 12:00:56.716 [info] > git show --textconv :klqngd/cours 2/ahhh/README.md [4ms]
2023-10-18 12:01:00.755 [info] > git config --get commit.template [7ms]
2023-10-18 12:01:00.756 [info] > git for-each-ref --format=%(refname)%00%(upstream:short)%00%(objectname)%00%(upstream:track)%00%(upstream:remotename)%00%(upstream:remoteref) refs/heads/master refs/remotes/master [1ms]
2023-10-18 12:01:00.813 [info] > git status -z -uall [51ms]
2023-10-18 12:01:04.279 [info] > git for-each-ref --format=%(refname)%00%(upstream:short)%00%(objectname)%00%(upstream:track)%00%(upstream:remotename)%00%(upstream:remoteref) refs/heads/master refs/remotes/master [2ms]
2023-10-18 12:01:04.353 [info] > git config --local branch.master.github-pr-base-branch [2ms]
2023-10-18 12:01:04.370 [info] > git config --get commit.template [9ms]
2023-10-18 12:01:04.371 [info] > git for-each-ref --format=%(refname)%00%(upstream:short)%00%(objectname)%00%(upstream:track)%00%(upstream:remotename)%00%(upstream:remoteref) refs/heads/master refs/remotes/master [2ms]
2023-10-18 12:01:04.436 [info] > git status -z -uall [58ms]
2023-10-18 12:01:04.462 [info] > git for-each-ref --format=%(refname)%00%(upstream:short)%00%(objectname)%00%(upstream:track)%00%(upstream:remotename)%00%(upstream:remoteref) refs/heads/master refs/remotes/master [12ms]
2023-10-18 12:01:04.492 [info] > git show -s --format=%H%n%aN%n%aE%n%at%n%ct%n%P%n%D%n%B -z 61beadbf2512a300ea0df338c96635f93de4c641 [22ms]
2023-10-18 12:01:06.118 [info] > git config --get commit.template [1ms]
2023-10-18 12:01:06.125 [info] > git for-each-ref --format=%(refname)%00%(upstream:short)%00%(objectname)%00%(upstream:track)%00%(upstream:remotename)%00%(upstream:remoteref) refs/heads/master refs/remotes/master [2ms]
2023-10-18 12:01:06.175 [info] > git status -z -uall [46ms]
2023-10-18 12:01:07.663 [info] > git for-each-ref --format=%(refname)%00%(upstream:short)%00%(objectname)%00%(upstream:track)%00%(upstream:remotename)%00%(upstream:remoteref) refs/heads/master refs/remotes/master [1ms]
2023-10-18 12:01:11.191 [info] > git config --get commit.template [6ms]
2023-10-18 12:01:11.191 [info] > git for-each-ref --format=%(refname)%00%(upstream:short)%00%(objectname)%00%(upstream:track)%00%(upstream:remotename)%00%(upstream:remoteref) refs/heads/master refs/remotes/master [1ms]
2023-10-18 12:01:11.245 [info] > git status -z -uall [49ms]
2023-10-18 12:01:14.926 [info] > git for-each-ref --format=%(refname)%00%(upstream:short)%00%(objectname)%00%(upstream:track)%00%(upstream:remotename)%00%(upstream:remoteref) refs/heads/master refs/remotes/master [1ms]
2023-10-18 12:01:16.551 [info] > git config --get commit.template [5ms]
2023-10-18 12:01:16.552 [info] > git for-each-ref --format=%(refname)%00%(upstream:short)%00%(objectname)%00%(upstream:track)%00%(upstream:remotename)%00%(upstream:remoteref) refs/heads/master refs/remotes/master [1ms]
2023-10-18 12:01:16.602 [info] > git status -z -uall [46ms]
2023-10-18 12:01:40.288 [info] > git config --get commit.template [8ms]
2023-10-18 12:01:40.289 [info] > git for-each-ref --format=%(refname)%00%(upstream:short)%00%(objectname)%00%(upstream:track)%00%(upstream:remotename)%00%(upstream:remoteref) refs/heads/master refs/remotes/master [2ms]
2023-10-18 12:01:40.347 [info] > git status -z -uall [53ms]
2023-10-18 12:01:42.496 [info] > git check-ignore -v -z --stdin [9ms]
2023-10-18 12:01:45.365 [info] > git config --get commit.template [6ms]
2023-10-18 12:01:45.366 [info] > git for-each-ref --format=%(refname)%00%(upstream:short)%00%(objectname)%00%(upstream:track)%00%(upstream:remotename)%00%(upstream:remoteref) refs/heads/master refs/remotes/master [2ms]
2023-10-18 12:01:45.431 [info] > git status -z -uall [60ms]
