2023-10-18 11:21:28.962 [info] Reading sessions from keychain...
2023-10-18 11:21:28.962 [info] Getting sessions for all scopes...
2023-10-18 11:21:28.962 [info] Getting sessions for all scopes...
2023-10-18 11:21:28.962 [info] Got stored sessions!
2023-10-18 11:21:28.962 [info] Got 1 verified sessions.
2023-10-18 11:21:28.962 [info] Got 1 sessions for ...
2023-10-18 11:21:28.962 [info] Got 1 sessions for ...
2023-10-18 11:21:29.014 [info] Getting sessions for read:user,repo,user:email,workflow...
2023-10-18 11:21:29.014 [info] Got 1 sessions for read:user,repo,user:email,workflow...
2023-10-18 11:21:29.115 [info] Getting sessions for all scopes...
2023-10-18 11:21:29.115 [info] Got 1 sessions for ...
2023-10-18 11:21:30.050 [info] Getting sessions for read:user,repo,user:email,workflow...
2023-10-18 11:21:30.050 [info] Got 1 sessions for read:user,repo,user:email,workflow...
2023-10-18 11:21:49.962 [info] Getting sessions for read:user,repo,user:email,workflow...
2023-10-18 11:21:49.962 [info] Got 1 sessions for read:user,repo,user:email,workflow...
2023-10-18 11:22:02.831 [info] Getting sessions for read:user,repo,user:email,workflow...
2023-10-18 11:22:02.831 [info] Got 1 sessions for read:user,repo,user:email,workflow...
2023-10-18 11:24:25.299 [info] Getting sessions for read:user,repo,user:email,workflow...
2023-10-18 11:24:25.299 [info] Got 1 sessions for read:user,repo,user:email,workflow...
2023-10-18 11:25:32.730 [info] Getting sessions for read:user,repo,user:email,workflow...
2023-10-18 11:25:32.730 [info] Got 1 sessions for read:user,repo,user:email,workflow...
2023-10-18 11:27:07.949 [info] Getting sessions for read:user,repo,user:email,workflow...
2023-10-18 11:27:07.949 [info] Got 1 sessions for read:user,repo,user:email,workflow...
2023-10-18 11:27:36.207 [info] Getting sessions for read:user,repo,user:email,workflow...
2023-10-18 11:27:36.207 [info] Got 1 sessions for read:user,repo,user:email,workflow...
2023-10-18 11:29:09.971 [info] Getting sessions for read:user,repo,user:email,workflow...
2023-10-18 11:29:09.971 [info] Got 1 sessions for read:user,repo,user:email,workflow...
2023-10-18 11:36:54.296 [info] Getting sessions for read:user,repo,user:email,workflow...
2023-10-18 11:36:54.296 [info] Got 1 sessions for read:user,repo,user:email,workflow...
2023-10-18 11:38:20.078 [info] Getting sessions for read:user,repo,user:email,workflow...
2023-10-18 11:38:20.078 [info] Got 1 sessions for read:user,repo,user:email,workflow...
