2023-10-18 10:40:48.234 [warning] /home/stagiaire/.ssh/config: ENOENT: no such file or directory, open '/home/stagiaire/.ssh/config'
2023-10-18 10:40:48.343 [info] Looking for git repository
2023-10-18 10:40:48.343 [info] Found 0 repositories during activation
2023-10-18 10:40:48.343 [info] Git repository found, initializing review manager and pr tree view.
2023-10-18 10:40:48.346 [info] Registering git provider
2023-10-18 10:40:48.346 [info] Review> Validate state in progress
2023-10-18 10:40:48.346 [info] Review> Validating state...
2023-10-18 10:40:48.358 [info] Found GitHub remote for folder /home/stagiaire/klqngd/cours 2/Vsc Git
2023-10-18 10:40:48.698 [info] Trying to use globalState for assignableUsers.
2023-10-18 10:40:48.759 [info] Using globalState assignableUsers for 1.
2023-10-18 10:40:48.797 [info] Repo state for file:///home/stagiaire/klqngd/cours%202/Vsc%20Git changed.
2023-10-18 10:40:48.797 [info] Repo file:///home/stagiaire/klqngd/cours%202/Vsc%20Git has already been setup.
2023-10-18 10:40:48.799 [info] Review> No matching pull request metadata found locally for current branch main
2023-10-18 10:40:48.799 [info] Review> no matching pull request metadata found for current branch main
2023-10-18 10:40:49.183 [info] Review> No matching pull request metadata found on GitHub for current branch main
2023-10-18 10:40:56.852 [info] Review> Validate state in progress
2023-10-18 10:40:56.852 [info] Review> Validating state...
2023-10-18 10:40:56.898 [info] Found GitHub remote for folder /home/stagiaire/klqngd/cours 2/Vsc Git
2023-10-18 10:40:56.899 [info] Using in-memory cached assignable users.
2023-10-18 10:40:56.944 [info] Review> No matching pull request metadata found locally for current branch main
2023-10-18 10:40:56.944 [info] Review> no matching pull request metadata found for current branch main
2023-10-18 10:40:57.334 [info] Review> No matching pull request metadata found on GitHub for current branch main
2023-10-18 10:41:47.152 [info] Review> Validate state in progress
2023-10-18 10:41:47.152 [info] Review> Validating state...
2023-10-18 10:41:47.213 [info] Found GitHub remote for folder /home/stagiaire/klqngd/cours 2/Vsc Git
2023-10-18 10:41:47.213 [info] Using in-memory cached assignable users.
2023-10-18 10:41:47.263 [info] Review> No matching pull request metadata found locally for current branch main
2023-10-18 10:41:47.263 [info] Review> no matching pull request metadata found for current branch main
2023-10-18 10:41:47.605 [info] Review> No matching pull request metadata found on GitHub for current branch main
