2023-10-18 11:46:51.618 [info] Log level: Info
2023-10-18 11:46:51.618 [info] Validating found git in: "git"
2023-10-18 11:46:51.618 [info] Using git "2.34.1" from "git"
2023-10-18 11:46:51.618 [info] > git rev-parse --show-toplevel [7ms]
2023-10-18 11:46:51.618 [info] > git rev-parse --git-dir --git-common-dir [13ms]
2023-10-18 11:46:51.618 [info] Open repository: /home/stagiaire
2023-10-18 11:46:51.620 [info] > git config --get commit.template [7ms]
2023-10-18 11:46:51.642 [info] > git rev-parse --show-toplevel [25ms]
2023-10-18 11:46:51.652 [info] > git for-each-ref --format=%(refname)%00%(upstream:short)%00%(objectname)%00%(upstream:track)%00%(upstream:remotename)%00%(upstream:remoteref) refs/heads/master refs/remotes/master [2ms]
2023-10-18 11:46:51.748 [info] > git status -z -uall [90ms]
2023-10-18 11:46:51.794 [info] > git config --get commit.template [29ms]
2023-10-18 11:46:51.838 [info] > git for-each-ref --format=%(refname)%00%(upstream:short)%00%(objectname)%00%(upstream:track)%00%(upstream:remotename)%00%(upstream:remoteref) refs/heads/master refs/remotes/master [22ms]
2023-10-18 11:46:51.954 [info] > git status -z -uall [112ms]
2023-10-18 11:46:52.154 [info] > git check-ignore -v -z --stdin [4ms]
2023-10-18 11:46:52.289 [info] > git show --textconv :klqngd/cours 2/ahhh/README.md [7ms]
2023-10-18 11:46:52.292 [info] > git ls-files --stage -- /home/stagiaire/klqngd/cours 2/ahhh/README.md [4ms]
2023-10-18 11:46:52.300 [info] > git cat-file -s 6ca994b15a66e5c8c291c194457d1d4a4fd14de9 [1ms]
2023-10-18 11:46:53.354 [info] > git check-ignore -v -z --stdin [15ms]
2023-10-18 11:46:54.026 [info] > git for-each-ref --sort -committerdate --format %(refname) %(objectname) %(*objectname) [1ms]
2023-10-18 11:46:54.902 [info] > git config --local branch.master.github-pr-owner-number [17ms]
2023-10-18 11:46:54.919 [info] > git config --get commit.template [8ms]
2023-10-18 11:46:54.926 [info] > git for-each-ref --format=%(refname)%00%(upstream:short)%00%(objectname)%00%(upstream:track)%00%(upstream:remotename)%00%(upstream:remoteref) refs/heads/master refs/remotes/master [1ms]
2023-10-18 11:46:55.006 [info] > git status -z -uall [74ms]
2023-10-18 11:46:55.645 [info] > git check-ignore -v -z --stdin [3ms]
2023-10-18 11:46:56.385 [info] > git config --get commit.template [5ms]
2023-10-18 11:46:56.385 [info] > git for-each-ref --format=%(refname)%00%(upstream:short)%00%(objectname)%00%(upstream:track)%00%(upstream:remotename)%00%(upstream:remoteref) refs/heads/master refs/remotes/master [1ms]
2023-10-18 11:46:56.468 [info] > git status -z -uall [77ms]
2023-10-18 11:47:01.843 [info] > git config --get commit.template [8ms]
2023-10-18 11:47:01.843 [info] > git for-each-ref --format=%(refname)%00%(upstream:short)%00%(objectname)%00%(upstream:track)%00%(upstream:remotename)%00%(upstream:remoteref) refs/heads/master refs/remotes/master [1ms]
2023-10-18 11:47:01.922 [info] > git status -z -uall [73ms]
2023-10-18 11:47:04.334 [info] > git checkout -q -b jpp --no-track HEAD [85ms]
2023-10-18 11:47:04.348 [info] > git config --get commit.template [7ms]
2023-10-18 11:47:04.349 [info] > git for-each-ref --format=%(refname)%00%(upstream:short)%00%(objectname)%00%(upstream:track)%00%(upstream:remotename)%00%(upstream:remoteref) refs/heads/jpp refs/remotes/jpp [1ms]
2023-10-18 11:47:04.428 [info] > git status -z -uall [73ms]
2023-10-18 11:47:05.194 [info] > git config --local branch.jpp.github-pr-owner-number [13ms]
2023-10-18 11:47:05.210 [info] > git config --get commit.template [8ms]
2023-10-18 11:47:05.210 [info] > git for-each-ref --format=%(refname)%00%(upstream:short)%00%(objectname)%00%(upstream:track)%00%(upstream:remotename)%00%(upstream:remoteref) refs/heads/jpp refs/remotes/jpp [1ms]
2023-10-18 11:47:05.293 [info] > git status -z -uall [76ms]
2023-10-18 11:47:05.609 [info] > git ls-files --stage -- /home/stagiaire/klqngd/cours 2/ahhh/README.md [3ms]
2023-10-18 11:47:05.617 [info] > git cat-file -s 6ca994b15a66e5c8c291c194457d1d4a4fd14de9 [1ms]
2023-10-18 11:47:05.629 [info] > git show --textconv :klqngd/cours 2/ahhh/README.md [3ms]
2023-10-18 11:47:06.434 [info] > git for-each-ref --sort -committerdate --format %(refname) %(objectname) %(*objectname) [2ms]
2023-10-18 11:47:06.936 [info] > git config --get commit.template [6ms]
2023-10-18 11:47:06.936 [info] > git for-each-ref --format=%(refname)%00%(upstream:short)%00%(objectname)%00%(upstream:track)%00%(upstream:remotename)%00%(upstream:remoteref) refs/heads/jpp refs/remotes/jpp [1ms]
2023-10-18 11:47:07.017 [info] > git status -z -uall [76ms]
2023-10-18 11:47:12.037 [info] > git config --get commit.template [8ms]
2023-10-18 11:47:12.038 [info] > git for-each-ref --format=%(refname)%00%(upstream:short)%00%(objectname)%00%(upstream:track)%00%(upstream:remotename)%00%(upstream:remoteref) refs/heads/jpp refs/remotes/jpp [1ms]
2023-10-18 11:47:12.119 [info] > git status -z -uall [75ms]
2023-10-18 11:47:12.757 [info] > git check-ignore -v -z --stdin [4ms]
2023-10-18 11:47:14.295 [info] > git for-each-ref --sort -committerdate --format %(refname) %(objectname) %(*objectname) [1ms]
2023-10-18 11:47:17.138 [info] > git config --get commit.template [8ms]
2023-10-18 11:47:17.138 [info] > git for-each-ref --format=%(refname)%00%(upstream:short)%00%(objectname)%00%(upstream:track)%00%(upstream:remotename)%00%(upstream:remoteref) refs/heads/jpp refs/remotes/jpp [1ms]
2023-10-18 11:47:17.220 [info] > git status -z -uall [75ms]
2023-10-18 11:47:17.858 [info] > git check-ignore -v -z --stdin [4ms]
2023-10-18 11:47:20.164 [info] > git for-each-ref --sort -committerdate --format %(refname) %(objectname) %(*objectname) refs/heads [1ms]
2023-10-18 11:47:22.235 [info] > git config --get commit.template [6ms]
2023-10-18 11:47:22.236 [info] > git for-each-ref --format=%(refname)%00%(upstream:short)%00%(objectname)%00%(upstream:track)%00%(upstream:remotename)%00%(upstream:remoteref) refs/heads/jpp refs/remotes/jpp [1ms]
2023-10-18 11:47:22.327 [info] > git status -z -uall [86ms]
2023-10-18 11:47:22.927 [info] > git for-each-ref --sort -committerdate --format %(refname) %(objectname) %(*objectname) [1ms]
2023-10-18 11:47:24.474 [info] > git checkout -q master [90ms]
2023-10-18 11:47:24.488 [info] > git config --get commit.template [7ms]
2023-10-18 11:47:24.489 [info] > git for-each-ref --format=%(refname)%00%(upstream:short)%00%(objectname)%00%(upstream:track)%00%(upstream:remotename)%00%(upstream:remoteref) refs/heads/master refs/remotes/master [1ms]
2023-10-18 11:47:24.568 [info] > git status -z -uall [73ms]
2023-10-18 11:47:25.382 [info] > git config --local branch.master.github-pr-owner-number [12ms]
2023-10-18 11:47:25.395 [info] > git config --get commit.template [7ms]
2023-10-18 11:47:25.395 [info] > git for-each-ref --format=%(refname)%00%(upstream:short)%00%(objectname)%00%(upstream:track)%00%(upstream:remotename)%00%(upstream:remoteref) refs/heads/master refs/remotes/master [1ms]
2023-10-18 11:47:25.478 [info] > git status -z -uall [77ms]
2023-10-18 11:47:25.776 [info] > git ls-files --stage -- /home/stagiaire/klqngd/cours 2/ahhh/README.md [3ms]
2023-10-18 11:47:25.782 [info] > git cat-file -s 6ca994b15a66e5c8c291c194457d1d4a4fd14de9 [1ms]
2023-10-18 11:47:25.793 [info] > git show --textconv :klqngd/cours 2/ahhh/README.md [4ms]
2023-10-18 11:47:27.429 [info] > git config --get commit.template [7ms]
2023-10-18 11:47:27.429 [info] > git for-each-ref --format=%(refname)%00%(upstream:short)%00%(objectname)%00%(upstream:track)%00%(upstream:remotename)%00%(upstream:remoteref) refs/heads/master refs/remotes/master [1ms]
2023-10-18 11:47:27.513 [info] > git status -z -uall [77ms]
