2023-10-18 11:57:01.132 [warning] /home/stagiaire/.ssh/config: ENOENT: no such file or directory, open '/home/stagiaire/.ssh/config'
2023-10-18 11:57:01.383 [info] Looking for git repository
2023-10-18 11:57:01.383 [info] Found 0 repositories during activation
2023-10-18 11:57:01.383 [info] Git repository found, initializing review manager and pr tree view.
2023-10-18 11:57:01.385 [info] Registering git provider
2023-10-18 11:57:01.385 [info] Review> Validate state in progress
2023-10-18 11:57:01.385 [info] Review> Validating state...
2023-10-18 11:57:01.463 [info] Found GitHub remote for folder /home/stagiaire/klqngd/cours 2/TEST
2023-10-18 11:57:02.435 [info] Trying to use globalState for assignableUsers.
2023-10-18 11:57:02.481 [info] Using globalState assignableUsers for 1.
2023-10-18 11:57:02.502 [info] Repo state for file:///home/stagiaire/klqngd/cours%202/TEST changed.
2023-10-18 11:57:02.502 [info] Repo file:///home/stagiaire/klqngd/cours%202/TEST has already been setup.
2023-10-18 11:57:02.504 [info] Review> No matching pull request metadata found locally for current branch main
2023-10-18 11:57:02.504 [info] Review> no matching pull request metadata found for current branch main
2023-10-18 11:57:03.509 [info] Review> No matching pull request metadata found on GitHub for current branch main
2023-10-18 11:57:12.082 [info] CreatePullRequestViewProvider> Initializing "create" view: {"defaultBaseRemote":{"owner":"Xenor23","repositoryName":"TEST"},"defaultBaseBranch":"main","defaultCompareRemote":{"owner":"Xenor23","repositoryName":"TEST"},"defaultCompareBranch":"main","defaultTitle":"Main","defaultDescription":"","defaultMergeMethod":"merge","remoteCount":1,"allowAutoMerge":false,"mergeMethodsAvailability":{"merge":true,"squash":true,"rebase":true},"autoMergeDefault":false,"createError":"","labels":[],"isDraftDefault":false,"isDarkTheme":true,"creating":false}
2023-10-18 11:57:23.939 [info] Review> Validate state in progress
2023-10-18 11:57:23.939 [info] Review> Validating state...
2023-10-18 11:57:24.027 [info] Found GitHub remote for folder /home/stagiaire/klqngd/cours 2/TEST
2023-10-18 11:57:24.027 [info] Using in-memory cached assignable users.
2023-10-18 11:57:24.107 [info] Review> No matching pull request metadata found locally for current branch main
2023-10-18 11:57:24.107 [info] Review> no matching pull request metadata found for current branch main
2023-10-18 11:57:25.577 [info] Review> No matching pull request metadata found on GitHub for current branch main
2023-10-18 11:57:26.318 [info] Review> Validate state in progress
2023-10-18 11:57:26.318 [info] Review> Validating state...
2023-10-18 11:57:26.343 [info] Found GitHub remote for folder /home/stagiaire/klqngd/cours 2/TEST
2023-10-18 11:57:26.344 [info] Using in-memory cached assignable users.
2023-10-18 11:57:26.419 [info] Review> No matching pull request metadata found locally for current branch main
2023-10-18 11:57:26.419 [info] Review> no matching pull request metadata found for current branch main
2023-10-18 11:57:27.957 [info] Review> No matching pull request metadata found on GitHub for current branch main
2023-10-18 12:00:16.095 [warning] /home/stagiaire/.ssh/config: ENOENT: no such file or directory, open '/home/stagiaire/.ssh/config'
2023-10-18 12:00:16.223 [info] Looking for git repository
2023-10-18 12:00:16.223 [info] Found 0 repositories during activation
2023-10-18 12:00:16.223 [info] Git repository found, initializing review manager and pr tree view.
2023-10-18 12:00:16.226 [info] Registering git provider
2023-10-18 12:00:16.226 [info] Review> Validate state in progress
2023-10-18 12:00:16.226 [info] Review> Validating state...
2023-10-18 12:00:16.269 [info] Found GitHub remote for folder /home/stagiaire
2023-10-18 12:00:16.388 [info] Repo state for file:///home/stagiaire changed.
2023-10-18 12:00:16.388 [info] Repo file:///home/stagiaire has already been setup.
2023-10-18 12:00:16.720 [warning] Unable to resolve remote: HttpError: Not Found
2023-10-18 12:00:17.048 [info] Missing upstream check failed: HttpError: Not Found
2023-10-18 12:00:17.050 [info] Trying to use globalState for assignableUsers.
2023-10-18 12:00:17.085 [info] Using globalState assignableUsers for 1.
2023-10-18 12:00:17.190 [info] Review> No matching pull request metadata found locally for current branch master
2023-10-18 12:00:17.190 [info] Review> no matching pull request metadata found for current branch master
2023-10-18 12:00:17.190 [info] Review> No matching pull request metadata found on GitHub for current branch master
2023-10-18 12:00:17.456 [error] GitHubRepository> Unable to fetch issues: Error: GraphQL error: Could not resolve to a Repository with the name 'Xenor23/Vsc-Git-test'.
2023-10-18 12:00:17.456 [error] GitHubRepository> Unable to fetch issues: Error: GraphQL error: Could not resolve to a Repository with the name 'Xenor23/Vsc-Git-test'.
2023-10-18 12:00:17.743 [warning] GitHubRepository> Fetching default branch failed: HttpError: Not Found
2023-10-18 12:00:17.786 [error] GitHubRepository> Unable to fetch issues without milestone: Error: GraphQL error: Could not resolve to a Repository with the name 'Xenor23/Vsc-Git-test'.
2023-10-18 12:00:17.786 [error] GitHubRepository> Unable to fetch issues without milestone: Error: GraphQL error: Could not resolve to a Repository with the name 'Xenor23/Vsc-Git-test'.
2023-10-18 12:00:17.790 [warning] GitHubRepository> Fetching default branch failed: HttpError: Not Found
2023-10-18 12:00:18.055 [warning] GitHubRepository> Fetching default branch failed: HttpError: Not Found
2023-10-18 12:00:18.067 [warning] GitHubRepository> Fetching default branch failed: HttpError: Not Found
2023-10-18 12:00:18.084 [error] GitHubRepository> Unable to fetch issues with query: Error: GraphQL error: Could not resolve to a Repository with the name 'Xenor23/Vsc-Git-test'.
2023-10-18 12:00:18.084 [error] GitHubRepository> Unable to fetch issues with query: Error: GraphQL error: Could not resolve to a Repository with the name 'Xenor23/Vsc-Git-test'.
