2023-10-18 11:55:04.239 [info] Log level: Info
2023-10-18 11:55:04.239 [info] Validating found git in: "git"
2023-10-18 11:55:04.239 [info] Using git "2.34.1" from "git"
2023-10-18 11:55:16.843 [info] Log level: Info
2023-10-18 11:55:16.843 [info] Validating found git in: "git"
2023-10-18 11:55:16.843 [info] Using git "2.34.1" from "git"
2023-10-18 11:55:16.843 [info] > git rev-parse --show-toplevel [3ms]
2023-10-18 11:55:16.850 [info] > git rev-parse --git-dir --git-common-dir [1ms]
2023-10-18 11:55:16.859 [info] Open repository: /home/stagiaire/klqngd/cours 2/TEST
2023-10-18 11:55:16.872 [info] > git config --get commit.template [2ms]
2023-10-18 11:55:16.880 [info] > git for-each-ref --format=%(refname)%00%(upstream:short)%00%(objectname)%00%(upstream:track)%00%(upstream:remotename)%00%(upstream:remoteref) refs/heads/main refs/remotes/main [1ms]
2023-10-18 11:55:16.888 [info] > git status -z -uall [2ms]
2023-10-18 11:55:16.902 [info] > git config --get commit.template [1ms]
2023-10-18 11:55:16.928 [info] > git for-each-ref --format=%(refname)%00%(upstream:short)%00%(objectname)%00%(upstream:track)%00%(upstream:remotename)%00%(upstream:remoteref) refs/heads/main refs/remotes/main [12ms]
2023-10-18 11:55:16.934 [info] > git status -z -uall [1ms]
2023-10-18 11:55:18.577 [info] > git config --local branch.main.github-pr-owner-number [33ms]
2023-10-18 11:55:18.590 [info] > git config --get commit.template [7ms]
2023-10-18 11:55:18.596 [info] > git for-each-ref --format=%(refname)%00%(upstream:short)%00%(objectname)%00%(upstream:track)%00%(upstream:remotename)%00%(upstream:remoteref) refs/heads/main refs/remotes/main [1ms]
2023-10-18 11:55:18.601 [info] > git status -z -uall [1ms]
2023-10-18 11:55:18.719 [info] > git check-ignore -v -z --stdin [0ms]
2023-10-18 11:55:20.851 [info] > git show --textconv :aledFonctionne [7ms]
2023-10-18 11:55:20.852 [info] > git ls-files --stage -- /home/stagiaire/klqngd/cours 2/TEST/aledFonctionne [2ms]
2023-10-18 11:55:20.858 [info] > git cat-file -s 4c6fab2a6c8e474e58b94f4da11b175e06328469 [0ms]
