2023-10-18 12:00:35.246 [warning] /home/stagiaire/.ssh/config: ENOENT: no such file or directory, open '/home/stagiaire/.ssh/config'
2023-10-18 12:00:35.510 [info] Looking for git repository
2023-10-18 12:00:35.510 [info] Found 0 repositories during activation
2023-10-18 12:00:35.510 [info] Git repository found, initializing review manager and pr tree view.
2023-10-18 12:00:35.513 [info] Registering git provider
2023-10-18 12:00:35.513 [info] Review> Validate state in progress
2023-10-18 12:00:35.513 [info] Review> Validating state...
2023-10-18 12:00:35.522 [info] Found GitHub remote for folder /home/stagiaire
2023-10-18 12:00:35.810 [warning] Unable to resolve remote: HttpError: Not Found
2023-10-18 12:00:36.098 [info] Missing upstream check failed: HttpError: Not Found
2023-10-18 12:00:36.100 [info] Trying to use globalState for assignableUsers.
2023-10-18 12:00:36.132 [info] Using globalState assignableUsers for 1.
2023-10-18 12:00:36.218 [info] Repo state for file:///home/stagiaire changed.
2023-10-18 12:00:36.218 [info] Repo file:///home/stagiaire has already been setup.
2023-10-18 12:00:36.220 [info] Review> No matching pull request metadata found locally for current branch master
2023-10-18 12:00:36.220 [info] Review> no matching pull request metadata found for current branch master
2023-10-18 12:00:36.221 [info] Review> No matching pull request metadata found on GitHub for current branch master
2023-10-18 12:00:36.419 [error] GitHubRepository> Unable to fetch issues: Error: GraphQL error: Could not resolve to a Repository with the name 'Xenor23/Vsc-Git-test'.
2023-10-18 12:00:36.419 [error] GitHubRepository> Unable to fetch issues: Error: GraphQL error: Could not resolve to a Repository with the name 'Xenor23/Vsc-Git-test'.
2023-10-18 12:00:36.668 [warning] GitHubRepository> Fetching default branch failed: HttpError: Not Found
2023-10-18 12:00:36.742 [error] GitHubRepository> Unable to fetch issues without milestone: Error: GraphQL error: Could not resolve to a Repository with the name 'Xenor23/Vsc-Git-test'.
2023-10-18 12:00:36.742 [error] GitHubRepository> Unable to fetch issues without milestone: Error: GraphQL error: Could not resolve to a Repository with the name 'Xenor23/Vsc-Git-test'.
2023-10-18 12:00:36.810 [warning] GitHubRepository> Fetching default branch failed: HttpError: Not Found
2023-10-18 12:00:37.012 [warning] GitHubRepository> Fetching default branch failed: HttpError: Not Found
2023-10-18 12:00:37.038 [error] GitHubRepository> Unable to fetch issues with query: Error: GraphQL error: Could not resolve to a Repository with the name 'Xenor23/Vsc-Git-test'.
2023-10-18 12:00:37.038 [error] GitHubRepository> Unable to fetch issues with query: Error: GraphQL error: Could not resolve to a Repository with the name 'Xenor23/Vsc-Git-test'.
2023-10-18 12:00:37.088 [warning] GitHubRepository> Fetching default branch failed: HttpError: Not Found
2023-10-18 12:00:45.433 [info] Review> Validate state in progress
2023-10-18 12:00:45.433 [info] Review> Validating state...
2023-10-18 12:00:45.596 [info] Found GitHub remote for folder /home/stagiaire
2023-10-18 12:00:45.775 [error] GitHubRepository> Unable to fetch issues: Error: GraphQL error: Could not resolve to a Repository with the name 'Xenor23/Vsc-Git-test'.
2023-10-18 12:00:45.775 [error] GitHubRepository> Unable to fetch issues: Error: GraphQL error: Could not resolve to a Repository with the name 'Xenor23/Vsc-Git-test'.
2023-10-18 12:00:45.878 [warning] Unable to resolve remote: HttpError: Not Found
2023-10-18 12:00:45.878 [info] Using in-memory cached assignable users.
2023-10-18 12:00:45.976 [info] Review> No matching pull request metadata found locally for current branch master
2023-10-18 12:00:45.976 [info] Review> no matching pull request metadata found for current branch master
2023-10-18 12:00:45.977 [info] Review> No matching pull request metadata found on GitHub for current branch master
2023-10-18 12:00:46.034 [warning] GitHubRepository> Fetching default branch failed: HttpError: Not Found
2023-10-18 12:00:46.093 [error] GitHubRepository> Unable to fetch issues without milestone: Error: GraphQL error: Could not resolve to a Repository with the name 'Xenor23/Vsc-Git-test'.
2023-10-18 12:00:46.093 [error] GitHubRepository> Unable to fetch issues without milestone: Error: GraphQL error: Could not resolve to a Repository with the name 'Xenor23/Vsc-Git-test'.
2023-10-18 12:00:46.099 [warning] GitHubRepository> Fetching default branch failed: HttpError: Not Found
2023-10-18 12:00:46.191 [error] GitHubRepository> Unable to fetch issues: Error: GraphQL error: Could not resolve to a Repository with the name 'Xenor23/Vsc-Git-test'.
2023-10-18 12:00:46.191 [error] GitHubRepository> Unable to fetch issues: Error: GraphQL error: Could not resolve to a Repository with the name 'Xenor23/Vsc-Git-test'.
2023-10-18 12:00:46.321 [warning] GitHubRepository> Fetching default branch failed: HttpError: Not Found
2023-10-18 12:00:46.358 [error] GitHubRepository> Unable to fetch issues with query: Error: GraphQL error: Could not resolve to a Repository with the name 'Xenor23/Vsc-Git-test'.
2023-10-18 12:00:46.359 [error] GitHubRepository> Unable to fetch issues with query: Error: GraphQL error: Could not resolve to a Repository with the name 'Xenor23/Vsc-Git-test'.
2023-10-18 12:00:46.403 [warning] GitHubRepository> Fetching default branch failed: HttpError: Not Found
2023-10-18 12:00:46.492 [warning] GitHubRepository> Fetching default branch failed: HttpError: Not Found
2023-10-18 12:00:46.512 [error] GitHubRepository> Unable to fetch issues without milestone: Error: GraphQL error: Could not resolve to a Repository with the name 'Xenor23/Vsc-Git-test'.
2023-10-18 12:00:46.512 [error] GitHubRepository> Unable to fetch issues without milestone: Error: GraphQL error: Could not resolve to a Repository with the name 'Xenor23/Vsc-Git-test'.
2023-10-18 12:00:46.531 [warning] GitHubRepository> Fetching default branch failed: HttpError: Not Found
2023-10-18 12:00:46.745 [warning] GitHubRepository> Fetching default branch failed: HttpError: Not Found
2023-10-18 12:00:46.782 [error] GitHubRepository> Unable to fetch issues with query: Error: GraphQL error: Could not resolve to a Repository with the name 'Xenor23/Vsc-Git-test'.
2023-10-18 12:00:46.782 [error] GitHubRepository> Unable to fetch issues with query: Error: GraphQL error: Could not resolve to a Repository with the name 'Xenor23/Vsc-Git-test'.
2023-10-18 12:00:46.841 [warning] GitHubRepository> Fetching default branch failed: HttpError: Not Found
2023-10-18 12:00:55.469 [info] Review> Validate state in progress
2023-10-18 12:00:55.469 [info] Review> Validating state...
2023-10-18 12:00:55.517 [info] Found GitHub remote for folder /home/stagiaire
2023-10-18 12:00:55.905 [warning] Unable to resolve remote: HttpError: Not Found
2023-10-18 12:00:56.314 [info] Trying to use globalState for assignableUsers.
2023-10-18 12:00:56.360 [info] Using globalState assignableUsers for 2.
2023-10-18 12:00:56.448 [info] Review> No matching pull request metadata found locally for current branch master
2023-10-18 12:00:56.449 [info] Review> no matching pull request metadata found for current branch master
2023-10-18 12:00:56.646 [warning] GitHubRepository> Fetching default branch failed: HttpError: Not Found
2023-10-18 12:00:56.654 [warning] GitHubRepository> Fetching default branch failed: HttpError: Not Found
2023-10-18 12:00:56.687 [error] GitHubRepository> Unable to fetch issues with query: Error: GraphQL error: Could not resolve to a Repository with the name 'Xenor23/Vsc-Git-test'.
2023-10-18 12:00:56.687 [error] GitHubRepository> Unable to fetch issues: Error: GraphQL error: Could not resolve to a Repository with the name 'Xenor23/Vsc-Git-test'.
2023-10-18 12:00:56.800 [info] Review> No matching pull request metadata found on GitHub for current branch master
2023-10-18 12:00:57.333 [error] GitHubRepository> Unable to fetch issues without milestone: Error: GraphQL error: Could not resolve to a Repository with the name 'Xenor23/Vsc-Git-test'.
2023-10-18 12:01:04.981 [error] GitHubRepository> Unable to compare commits between Xenor23:main and Xenor23:master: HttpError: No common ancestor between Xenor23:main and Xenor23:master.
2023-10-18 12:01:04.982 [info] CreatePullRequestViewProvider> Initializing "create" view: {"defaultBaseRemote":{"owner":"Xenor23","repositoryName":"TEST"},"defaultBaseBranch":"main","defaultCompareRemote":{"owner":"Xenor23","repositoryName":"TEST"},"defaultCompareBranch":"master","defaultTitle":"iuh","defaultDescription":"","defaultMergeMethod":"merge","remoteCount":2,"allowAutoMerge":false,"mergeMethodsAvailability":{"merge":true,"squash":true,"rebase":true},"autoMergeDefault":false,"createError":"","labels":[],"isDraftDefault":false,"isDarkTheme":true,"creating":false}
2023-10-18 12:01:08.295 [error] GitHubRepository> Unable to create PR: Error: GraphQL error: The master branch has no history in common with main
2023-10-18 12:01:08.295 [error] FolderRepositoryManager> Creating pull requests failed: Error: GraphQL error: The master branch has no history in common with main
2023-10-18 12:01:15.462 [error] GitHubRepository> Unable to create PR: Error: GraphQL error: The master branch has no history in common with main
2023-10-18 12:01:15.463 [error] FolderRepositoryManager> Creating pull requests failed: Error: GraphQL error: The master branch has no history in common with main
