2023-10-18 11:57:00.619 [info] Added views:workbench.panel.markers.view in workbench.panel.markers
2023-10-18 11:57:00.619 [info] Added views:workbench.panel.output in workbench.panel.output
2023-10-18 11:57:00.619 [info] Added views:terminal in terminal
2023-10-18 11:57:00.619 [info] Added views:workbench.scm in workbench.view.scm
2023-10-18 11:57:00.619 [info] Added views:workbench.view.search in workbench.view.search
2023-10-18 11:57:00.619 [info] Added views:workbench.explorer.fileView in workbench.views.service.sidebar.917efc5c-968e-4fc6-9173-43ee6ea9f60d
2023-10-18 11:57:00.741 [info] Added views:issues:github in workbench.view.extension.github-pull-requests
2023-10-18 11:57:00.886 [info] Added views:workbench.debug.welcome in workbench.view.debug
2023-10-18 11:57:00.909 [info] Added views:workbench.panel.repl.view in workbench.panel.repl
2023-10-18 11:57:00.986 [info] Added views:workbench.scm.repositories in workbench.view.scm
2023-10-18 11:57:01.267 [info] Added views:~remote.forwardedPorts in ~remote.forwardedPortsContainer
2023-10-18 11:57:01.468 [info] Added views:workbench.panel.comments in workbench.panel.comments
2023-10-18 11:57:01.485 [info] Added views:github:activePullRequest:welcome in workbench.view.extension.github-pull-request
2023-10-18 11:57:03.514 [info] Removed views:github:activePullRequest:welcome from workbench.view.extension.github-pull-request
2023-10-18 11:57:09.669 [info] Added views:github:createPullRequestWebview,github:compareChangesFiles,github:compareChangesCommits in workbench.view.extension.github-pull-request
2023-10-18 12:00:14.724 [info] Removed views:workbench.scm.repositories from workbench.view.scm
2023-10-18 12:00:15.129 [info] Added views:workbench.panel.markers.view in workbench.panel.markers
2023-10-18 12:00:15.129 [info] Added views:workbench.panel.output in workbench.panel.output
2023-10-18 12:00:15.129 [info] Added views:terminal in terminal
2023-10-18 12:00:15.129 [info] Added views:workbench.scm in workbench.view.scm
2023-10-18 12:00:15.129 [info] Added views:workbench.view.search in workbench.view.search
2023-10-18 12:00:15.129 [info] Added views:workbench.explorer.fileView in workbench.views.service.sidebar.917efc5c-968e-4fc6-9173-43ee6ea9f60d
2023-10-18 12:00:15.202 [info] Added views:workbench.debug.welcome in workbench.view.debug
2023-10-18 12:00:15.307 [info] Added views:issues:github in workbench.view.extension.github-pull-requests
2023-10-18 12:00:15.468 [info] Added views:workbench.panel.repl.view in workbench.panel.repl
2023-10-18 12:00:15.926 [info] Added views:~remote.forwardedPorts in ~remote.forwardedPortsContainer
2023-10-18 12:00:15.973 [info] Added views:workbench.scm.repositories in workbench.view.scm
2023-10-18 12:00:16.276 [info] Added views:workbench.panel.comments in workbench.panel.comments
2023-10-18 12:00:17.202 [info] Added views:github:activePullRequest:welcome in workbench.view.extension.github-pull-request
2023-10-18 12:00:17.203 [info] Removed views:github:activePullRequest:welcome from workbench.view.extension.github-pull-request
