2023-10-18 11:52:09.310 [info] Log level: Info
2023-10-18 11:52:09.310 [info] Validating found git in: "git"
2023-10-18 11:52:09.310 [info] Using git "2.34.1" from "git"
2023-10-18 11:52:09.310 [info] > git rev-parse --show-toplevel [3ms]
2023-10-18 11:52:09.310 [info] > git rev-parse --git-dir --git-common-dir [4ms]
2023-10-18 11:52:09.319 [info] Open repository: /home/stagiaire/klqngd/cours 2/ahhh/TEST
2023-10-18 11:52:09.364 [info] > git config --get commit.template [38ms]
2023-10-18 11:52:09.404 [info] > git for-each-ref --format=%(refname)%00%(upstream:short)%00%(objectname)%00%(upstream:track)%00%(upstream:remotename)%00%(upstream:remoteref) refs/heads/main refs/remotes/main [2ms]
2023-10-18 11:52:09.432 [info] > git status -z -uall [23ms]
2023-10-18 11:52:09.473 [info] > git config --get commit.template [24ms]
2023-10-18 11:52:09.479 [info] > git for-each-ref --format=%(refname)%00%(upstream:short)%00%(objectname)%00%(upstream:track)%00%(upstream:remotename)%00%(upstream:remoteref) refs/heads/main refs/remotes/main [2ms]
2023-10-18 11:52:09.491 [info] > git status -z -uall [7ms]
2023-10-18 11:52:09.680 [info] > git show --textconv :aledFonctionne [8ms]
2023-10-18 11:52:09.680 [info] > git ls-files --stage -- /home/stagiaire/klqngd/cours 2/ahhh/TEST/aledFonctionne [3ms]
2023-10-18 11:52:09.697 [info] > git cat-file -s 5df99a4d37d5b06d6afd2d6b95b8fffe123f84d1 [12ms]
2023-10-18 11:52:09.867 [info] > git check-ignore -v -z --stdin [1ms]
2023-10-18 11:52:10.923 [info] > git config --get commit.template [5ms]
2023-10-18 11:52:10.923 [info] > git for-each-ref --format=%(refname)%00%(upstream:short)%00%(objectname)%00%(upstream:track)%00%(upstream:remotename)%00%(upstream:remoteref) refs/heads/main refs/remotes/main [1ms]
2023-10-18 11:52:10.929 [info] > git status -z -uall [2ms]
2023-10-18 11:52:11.834 [info] > git config --local branch.main.github-pr-owner-number [29ms]
2023-10-18 11:52:11.849 [info] > git config --get commit.template [8ms]
2023-10-18 11:52:11.855 [info] > git for-each-ref --format=%(refname)%00%(upstream:short)%00%(objectname)%00%(upstream:track)%00%(upstream:remotename)%00%(upstream:remoteref) refs/heads/main refs/remotes/main [0ms]
2023-10-18 11:52:11.860 [info] > git status -z -uall [1ms]
2023-10-18 11:52:39.233 [info] > git add -A -- . [2ms]
2023-10-18 11:52:39.243 [info] > git -c user.useConfigOnly=true commit --quiet --allow-empty-message --file - [3ms]
2023-10-18 11:52:39.253 [info] > git config --get commit.template [1ms]
2023-10-18 11:52:39.262 [info] > git config --get commit.template [2ms]
2023-10-18 11:52:39.270 [info] > git for-each-ref --format=%(refname)%00%(upstream:short)%00%(objectname)%00%(upstream:track)%00%(upstream:remotename)%00%(upstream:remoteref) refs/heads/main refs/remotes/main [1ms]
2023-10-18 11:52:39.279 [info] > git status -z -uall [2ms]
2023-10-18 11:52:39.353 [info] > git config --local branch.main.github-pr-owner-number [3ms]
2023-10-18 11:52:39.372 [info] > git config --get commit.template [8ms]
2023-10-18 11:52:39.372 [info] > git for-each-ref --format=%(refname)%00%(upstream:short)%00%(objectname)%00%(upstream:track)%00%(upstream:remotename)%00%(upstream:remoteref) refs/heads/main refs/remotes/main [1ms]
2023-10-18 11:52:39.381 [info] > git status -z -uall [2ms]
2023-10-18 11:52:40.467 [info] > git ls-files --stage -- /home/stagiaire/klqngd/cours 2/ahhh/TEST/aledFonctionne [2ms]
2023-10-18 11:52:40.474 [info] > git cat-file -s 4c6fab2a6c8e474e58b94f4da11b175e06328469 [1ms]
2023-10-18 11:52:40.482 [info] > git show --textconv :aledFonctionne [1ms]
2023-10-18 11:52:42.344 [info] > git push origin main:main [3051ms]
2023-10-18 11:52:42.344 [info] To https://github.com/Xenor23/TEST.git
   55d1887..b05d715  main -> main
2023-10-18 11:52:42.355 [info] > git config --get commit.template [5ms]
2023-10-18 11:52:42.356 [info] > git for-each-ref --format=%(refname)%00%(upstream:short)%00%(objectname)%00%(upstream:track)%00%(upstream:remotename)%00%(upstream:remoteref) refs/heads/main refs/remotes/main [1ms]
2023-10-18 11:52:42.361 [info] > git status -z -uall [1ms]
2023-10-18 11:52:42.435 [info] > git config --local branch.main.github-pr-owner-number [28ms]
2023-10-18 11:52:42.451 [info] > git config --get commit.template [7ms]
2023-10-18 11:52:42.451 [info] > git config --get commit.template [1ms]
2023-10-18 11:52:42.463 [info] > git for-each-ref --format=%(refname)%00%(upstream:short)%00%(objectname)%00%(upstream:track)%00%(upstream:remotename)%00%(upstream:remoteref) refs/heads/main refs/remotes/main [6ms]
2023-10-18 11:52:42.472 [info] > git for-each-ref --format=%(refname)%00%(upstream:short)%00%(objectname)%00%(upstream:track)%00%(upstream:remotename)%00%(upstream:remoteref) refs/heads/main refs/remotes/main [10ms]
2023-10-18 11:52:42.479 [info] > git status -z -uall [1ms]
2023-10-18 11:52:43.546 [info] > git ls-files --stage -- /home/stagiaire/klqngd/cours 2/ahhh/TEST/aledFonctionne [1ms]
2023-10-18 11:52:43.550 [info] > git cat-file -s 4c6fab2a6c8e474e58b94f4da11b175e06328469 [1ms]
2023-10-18 11:52:43.555 [info] > git show --textconv :aledFonctionne [1ms]
2023-10-18 11:53:42.810 [info] > git for-each-ref --sort -committerdate --format %(refname) %(objectname) %(*objectname) [1ms]
