2023-10-16T11:12:24.731Z 0: 

----------------------------------------------
2023-10-16T11:12:24.735Z 1: Discord starting: {"releaseChannel":"stable","version":"0.0.31"}, modulepath: /home/stagiaire/snap/discord/158/.config/discord/0.0.31/modules
2023-10-16T11:12:24.737Z 2: ✅ webContents.created web1 ""
2023-10-16T11:12:24.739Z 3: ✅ window.created win1 "discord"
2023-10-16T11:12:24.944Z 4: ✅ webContents.did-finish-load web1
2023-10-16T11:12:36.612Z 5: ✅ webContents.created web2 ""
2023-10-16T11:12:36.616Z 6: ✅ window.created win2 "Discord"
2023-10-16T11:12:40.356Z 7: ✅ webContents.did-finish-load web2
2023-10-16T11:12:40.456Z 8: window.close win1
2023-10-16T11:12:40.520Z 9: webContents.destroyed web1
2023-10-16T11:12:40.523Z 10: window.closed win1
2023-10-16T14:34:34.263Z 11: window.close win2
2023-10-16T14:34:42.872Z 0: 

----------------------------------------------
2023-10-16T14:34:42.885Z 1: Discord starting: {"releaseChannel":"stable","version":"0.0.31"}, modulepath: /home/stagiaire/snap/discord/158/.config/discord/0.0.31/modules
2023-10-16T14:34:53.343Z 12: window.close win2
2023-10-16T14:34:54.756Z 0: 

----------------------------------------------
2023-10-16T14:34:54.770Z 1: Discord starting: {"releaseChannel":"stable","version":"0.0.31"}, modulepath: /home/stagiaire/snap/discord/158/.config/discord/0.0.31/modules
2023-10-16T14:34:58.470Z 13: window.close win2
2023-10-17T07:22:06.015Z 0: 

----------------------------------------------
2023-10-17T07:22:06.041Z 1: Discord starting: {"releaseChannel":"stable","version":"0.0.31"}, modulepath: /home/stagiaire/snap/discord/158/.config/discord/0.0.31/modules
2023-10-17T07:22:06.044Z 2: ✅ webContents.created web1 ""
2023-10-17T07:22:06.047Z 3: ✅ window.created win1 "discord"
2023-10-17T07:22:06.369Z 4: ✅ webContents.did-finish-load web1
2023-10-17T07:44:12.777Z 5: ✅ webContents.created web2 ""
2023-10-17T07:44:12.784Z 6: ✅ window.created win2 "Discord"
2023-10-17T07:44:17.808Z 7: ✅ webContents.did-finish-load web2
2023-10-17T07:44:17.909Z 8: window.close win1
2023-10-17T07:44:17.935Z 9: webContents.destroyed web1
2023-10-17T07:44:17.938Z 10: window.closed win1
2023-10-17T14:51:32.600Z 11: window.close win2
2023-10-18T06:39:42.557Z 0: 

----------------------------------------------
2023-10-18T06:39:42.581Z 1: Discord starting: {"releaseChannel":"stable","version":"0.0.31"}, modulepath: /home/stagiaire/snap/discord/158/.config/discord/0.0.31/modules
2023-10-18T06:39:42.585Z 2: ✅ webContents.created web1 ""
2023-10-18T06:39:42.587Z 3: ✅ window.created win1 "discord"
2023-10-18T06:39:42.851Z 4: ✅ webContents.did-finish-load web1
2023-10-18T06:40:13.874Z 5: ✅ webContents.created web2 ""
2023-10-18T06:40:13.877Z 6: ✅ window.created win2 "Discord"
2023-10-18T06:40:17.193Z 7: ✅ webContents.did-finish-load web2
2023-10-18T06:40:17.292Z 8: window.close win1
2023-10-18T06:40:17.313Z 9: webContents.destroyed web1
2023-10-18T06:40:17.316Z 10: window.closed win1
