2023-10-18 10:40:47.783 [info] Log level: Info
2023-10-18 10:40:47.783 [info] Validating found git in: "git"
2023-10-18 10:40:47.783 [info] Using git "2.34.1" from "git"
2023-10-18 10:40:47.783 [info] > git rev-parse --show-toplevel [1ms]
2023-10-18 10:40:47.783 [info] > git rev-parse --git-dir --git-common-dir [1ms]
2023-10-18 10:40:47.783 [info] Open repository: /home/stagiaire/klqngd/cours 2/Vsc Git
2023-10-18 10:40:47.783 [info] > git config --get commit.template [7ms]
2023-10-18 10:40:47.783 [info] > git show --textconv HEAD:README.md [7ms]
2023-10-18 10:40:47.783 [info] > git ls-tree -l HEAD -- /home/stagiaire/klqngd/cours 2/Vsc Git/README.md [8ms]
2023-10-18 10:40:47.783 [info] > git for-each-ref --format=%(refname)%00%(upstream:short)%00%(objectname)%00%(upstream:track)%00%(upstream:remotename)%00%(upstream:remoteref) refs/heads/main refs/remotes/main [3ms]
2023-10-18 10:40:47.783 [info] > git status -z -uall [3ms]
2023-10-18 10:40:47.798 [info] > git ls-files --stage -- /home/stagiaire/klqngd/cours 2/Vsc Git/README.md [2ms]
2023-10-18 10:40:47.804 [info] > git cat-file -s 01a7a78c8ea32889df6e29f570955e540223fb17 [1ms]
2023-10-18 10:40:47.816 [info] > git show --textconv :README.md [1ms]
2023-10-18 10:40:47.865 [info] > git config --get commit.template [2ms]
2023-10-18 10:40:47.872 [info] > git for-each-ref --format=%(refname)%00%(upstream:short)%00%(objectname)%00%(upstream:track)%00%(upstream:remotename)%00%(upstream:remoteref) refs/heads/main refs/remotes/main [2ms]
2023-10-18 10:40:47.878 [info] > git status -z -uall [1ms]
2023-10-18 10:40:48.299 [info] > git check-ignore -v -z --stdin [11ms]
2023-10-18 10:40:48.747 [info] > git config --local branch.main.github-pr-owner-number [36ms]
2023-10-18 10:40:48.758 [info] > git config --get commit.template [2ms]
2023-10-18 10:40:48.786 [info] > git for-each-ref --format=%(refname)%00%(upstream:short)%00%(objectname)%00%(upstream:track)%00%(upstream:remotename)%00%(upstream:remoteref) refs/heads/main refs/remotes/main [2ms]
2023-10-18 10:40:48.794 [info] > git status -z -uall [1ms]
2023-10-18 10:40:56.811 [info] > git -c user.useConfigOnly=true commit --quiet --allow-empty-message --file - [3ms]
2023-10-18 10:40:56.820 [info] > git config --get commit.template [1ms]
2023-10-18 10:40:56.831 [info] > git config --get commit.template [3ms]
2023-10-18 10:40:56.841 [info] > git for-each-ref --format=%(refname)%00%(upstream:short)%00%(objectname)%00%(upstream:track)%00%(upstream:remotename)%00%(upstream:remoteref) refs/heads/main refs/remotes/main [2ms]
2023-10-18 10:40:56.850 [info] > git status -z -uall [2ms]
2023-10-18 10:40:56.911 [info] > git config --local branch.main.github-pr-owner-number [2ms]
2023-10-18 10:40:56.931 [info] > git config --get commit.template [3ms]
2023-10-18 10:40:56.931 [info] > git config --get commit.template [11ms]
2023-10-18 10:40:56.944 [info] > git for-each-ref --format=%(refname)%00%(upstream:short)%00%(objectname)%00%(upstream:track)%00%(upstream:remotename)%00%(upstream:remoteref) refs/heads/main refs/remotes/main [7ms]
2023-10-18 10:40:56.951 [info] > git for-each-ref --format=%(refname)%00%(upstream:short)%00%(objectname)%00%(upstream:track)%00%(upstream:remotename)%00%(upstream:remoteref) refs/heads/main refs/remotes/main [8ms]
2023-10-18 10:40:56.959 [info] > git status -z -uall [1ms]
2023-10-18 10:40:58.037 [info] > git ls-tree -l HEAD -- /home/stagiaire/klqngd/cours 2/Vsc Git/README.md [1ms]
2023-10-18 10:40:58.044 [info] > git show --textconv HEAD:README.md [1ms]
2023-10-18 10:40:59.046 [info] > git config --get commit.template [7ms]
2023-10-18 10:40:59.046 [info] > git for-each-ref --format=%(refname)%00%(upstream:short)%00%(objectname)%00%(upstream:track)%00%(upstream:remotename)%00%(upstream:remoteref) refs/heads/main refs/remotes/main [1ms]
2023-10-18 10:40:59.054 [info] > git status -z -uall [1ms]
2023-10-18 10:41:06.550 [info] > git ls-tree -l HEAD -- /home/stagiaire/klqngd/cours 2/Vsc Git/README.md [1ms]
2023-10-18 10:41:17.049 [info] > git push origin main:main [797ms]
2023-10-18 10:41:17.049 [info] To https://github.com/Xenor23/Vsc-Git.git
 ! [rejected]        main -> main (non-fast-forward)
error: failed to push some refs to 'https://github.com/Xenor23/Vsc-Git.git'
hint: Updates were rejected because the tip of your current branch is behind
hint: its remote counterpart. Integrate the remote changes (e.g.
hint: 'git pull ...') before pushing again.
hint: See the 'Note about fast-forwards' in 'git push --help' for details.
2023-10-18 10:41:17.061 [info] > git config --get commit.template [5ms]
2023-10-18 10:41:17.061 [info] > git for-each-ref --format=%(refname)%00%(upstream:short)%00%(objectname)%00%(upstream:track)%00%(upstream:remotename)%00%(upstream:remoteref) refs/heads/main refs/remotes/main [1ms]
2023-10-18 10:41:17.067 [info] > git status -z -uall [1ms]
2023-10-18 10:41:22.462 [info] > git ls-tree -l HEAD -- /home/stagiaire/klqngd/cours 2/Vsc Git/README.md [2ms]
2023-10-18 10:41:25.788 [info] > git log --oneline --cherry main...main@{upstream} -- [2ms]
2023-10-18 10:41:26.767 [info] > git pull --tags origin main [973ms]
2023-10-18 10:41:26.767 [info] From https://github.com/Xenor23/Vsc-Git
 * branch            main       -> FETCH_HEAD
hint: You have divergent branches and need to specify how to reconcile them.
hint: You can do so by running one of the following commands sometime before
hint: your next pull:
hint: 
hint:   git config pull.rebase false  # merge (the default strategy)
hint:   git config pull.rebase true   # rebase
hint:   git config pull.ff only       # fast-forward only
hint: 
hint: You can replace "git config" with "git config --global" to set a default
hint: preference for all repositories. You can also pass --rebase, --no-rebase,
hint: or --ff-only on the command line to override the configured default per
hint: invocation.
fatal: Need to specify how to reconcile divergent branches.
2023-10-18 10:41:26.778 [info] > git config --get commit.template [1ms]
2023-10-18 10:41:26.787 [info] > git for-each-ref --format=%(refname)%00%(upstream:short)%00%(objectname)%00%(upstream:track)%00%(upstream:remotename)%00%(upstream:remoteref) refs/heads/main refs/remotes/main [2ms]
2023-10-18 10:41:26.797 [info] > git status -z -uall [2ms]
2023-10-18 10:41:29.785 [info] > git ls-tree -l HEAD -- /home/stagiaire/klqngd/cours 2/Vsc Git/README.md [7ms]
2023-10-18 10:41:29.794 [info] > git config --get commit.template [10ms]
2023-10-18 10:41:29.811 [info] > git show --textconv HEAD:README.md [9ms]
2023-10-18 10:41:29.811 [info] > git ls-tree -l HEAD -- /home/stagiaire/klqngd/cours 2/Vsc Git/README.md [18ms]
2023-10-18 10:41:29.813 [info] > git for-each-ref --format=%(refname)%00%(upstream:short)%00%(objectname)%00%(upstream:track)%00%(upstream:remotename)%00%(upstream:remoteref) refs/heads/main refs/remotes/main [2ms]
2023-10-18 10:41:29.831 [info] > git status -z -uall [10ms]
2023-10-18 10:41:29.834 [info] > git show --textconv HEAD:README.md [4ms]
2023-10-18 10:41:47.105 [info] > git add -A -- . [9ms]
2023-10-18 10:41:47.113 [info] > git ls-tree -l HEAD -- /home/stagiaire/klqngd/cours 2/Vsc Git/README.md [9ms]
2023-10-18 10:41:47.117 [info] > git -c user.useConfigOnly=true commit --quiet --allow-empty-message --file - [4ms]
2023-10-18 10:41:47.125 [info] > git config --get commit.template [1ms]
2023-10-18 10:41:47.139 [info] > git config --get commit.template [7ms]
2023-10-18 10:41:47.140 [info] > git for-each-ref --format=%(refname)%00%(upstream:short)%00%(objectname)%00%(upstream:track)%00%(upstream:remotename)%00%(upstream:remoteref) refs/heads/main refs/remotes/main [2ms]
2023-10-18 10:41:47.147 [info] > git status -z -uall [1ms]
2023-10-18 10:41:47.224 [info] > git config --local branch.main.github-pr-owner-number [2ms]
2023-10-18 10:41:47.244 [info] > git config --get commit.template [8ms]
2023-10-18 10:41:47.246 [info] > git config --get commit.template [3ms]
2023-10-18 10:41:47.262 [info] > git for-each-ref --format=%(refname)%00%(upstream:short)%00%(objectname)%00%(upstream:track)%00%(upstream:remotename)%00%(upstream:remoteref) refs/heads/main refs/remotes/main [9ms]
2023-10-18 10:41:47.272 [info] > git for-each-ref --format=%(refname)%00%(upstream:short)%00%(objectname)%00%(upstream:track)%00%(upstream:remotename)%00%(upstream:remoteref) refs/heads/main refs/remotes/main [11ms]
2023-10-18 10:41:47.280 [info] > git status -z -uall [1ms]
2023-10-18 10:41:48.332 [info] > git ls-tree -l HEAD -- /home/stagiaire/klqngd/cours 2/Vsc Git/README.md [1ms]
2023-10-18 10:41:48.342 [info] > git show --textconv HEAD:README.md [2ms]
2023-10-18 10:41:49.339 [info] > git config --get commit.template [7ms]
2023-10-18 10:41:49.340 [info] > git for-each-ref --format=%(refname)%00%(upstream:short)%00%(objectname)%00%(upstream:track)%00%(upstream:remotename)%00%(upstream:remoteref) refs/heads/main refs/remotes/main [1ms]
2023-10-18 10:41:49.350 [info] > git status -z -uall [1ms]
2023-10-18 10:41:52.683 [info] > git push origin main:main [725ms]
2023-10-18 10:41:52.683 [info] To https://github.com/Xenor23/Vsc-Git.git
 ! [rejected]        main -> main (non-fast-forward)
error: failed to push some refs to 'https://github.com/Xenor23/Vsc-Git.git'
hint: Updates were rejected because the tip of your current branch is behind
hint: its remote counterpart. Integrate the remote changes (e.g.
hint: 'git pull ...') before pushing again.
hint: See the 'Note about fast-forwards' in 'git push --help' for details.
2023-10-18 10:41:52.691 [info] > git config --get commit.template [1ms]
2023-10-18 10:41:52.699 [info] > git for-each-ref --format=%(refname)%00%(upstream:short)%00%(objectname)%00%(upstream:track)%00%(upstream:remotename)%00%(upstream:remoteref) refs/heads/main refs/remotes/main [1ms]
2023-10-18 10:41:52.707 [info] > git status -z -uall [1ms]
2023-10-18 10:42:08.227 [info] > git ls-tree -l HEAD -- /home/stagiaire/klqngd/cours 2/Vsc Git/README.md [1ms]
2023-10-18 10:42:16.653 [info] > git show --textconv :.git/COMMIT_EDITMSG [5ms]
2023-10-18 10:42:16.654 [info] > git ls-files --stage -- /home/stagiaire/klqngd/cours 2/Vsc Git/.git/COMMIT_EDITMSG [2ms]
2023-10-18 10:42:16.930 [info] > git check-ignore -v -z --stdin [1ms]
2023-10-18 10:42:17.214 [info] > git ls-tree -l HEAD -- /home/stagiaire/klqngd/cours 2/Vsc Git/README.md [2ms]
2023-10-18 10:42:20.609 [info] > git show --textconv :README.md [4ms]
2023-10-18 10:42:20.610 [info] > git ls-files --stage -- /home/stagiaire/klqngd/cours 2/Vsc Git/README.md [1ms]
2023-10-18 10:42:20.618 [info] > git cat-file -s 6ac9496ea7e5aa11f40d9ac9923434fea78e6edc [2ms]
2023-10-18 10:42:32.967 [info] > git log --oneline --cherry main...main@{upstream} -- [2ms]
2023-10-18 10:42:34.058 [info] > git pull --tags origin main [1085ms]
2023-10-18 10:42:34.058 [info] From https://github.com/Xenor23/Vsc-Git
 * branch            main       -> FETCH_HEAD
hint: You have divergent branches and need to specify how to reconcile them.
hint: You can do so by running one of the following commands sometime before
hint: your next pull:
hint: 
hint:   git config pull.rebase false  # merge (the default strategy)
hint:   git config pull.rebase true   # rebase
hint:   git config pull.ff only       # fast-forward only
hint: 
hint: You can replace "git config" with "git config --global" to set a default
hint: preference for all repositories. You can also pass --rebase, --no-rebase,
hint: or --ff-only on the command line to override the configured default per
hint: invocation.
fatal: Need to specify how to reconcile divergent branches.
2023-10-18 10:42:34.068 [info] > git config --get commit.template [1ms]
2023-10-18 10:42:34.077 [info] > git for-each-ref --format=%(refname)%00%(upstream:short)%00%(objectname)%00%(upstream:track)%00%(upstream:remotename)%00%(upstream:remoteref) refs/heads/main refs/remotes/main [1ms]
2023-10-18 10:42:34.088 [info] > git status -z -uall [2ms]
2023-10-18 10:42:40.606 [info] > git config --get commit.template [8ms]
2023-10-18 10:42:40.612 [info] > git ls-files --stage -- /home/stagiaire/klqngd/cours 2/Vsc Git/README.md [6ms]
2023-10-18 10:42:40.621 [info] > git for-each-ref --format=%(refname)%00%(upstream:short)%00%(objectname)%00%(upstream:track)%00%(upstream:remotename)%00%(upstream:remoteref) refs/heads/main refs/remotes/main [9ms]
2023-10-18 10:42:40.630 [info] > git status -z -uall [1ms]
2023-10-18 10:42:40.630 [info] > git cat-file -s 6ac9496ea7e5aa11f40d9ac9923434fea78e6edc [10ms]
2023-10-18 10:42:40.644 [info] > git show --textconv :README.md [1ms]
2023-10-18 10:42:52.808 [info] > git log --oneline --cherry main...main@{upstream} -- [2ms]
2023-10-18 10:42:53.718 [info] > git pull --tags origin main [901ms]
2023-10-18 10:42:53.718 [info] From https://github.com/Xenor23/Vsc-Git
 * branch            main       -> FETCH_HEAD
hint: You have divergent branches and need to specify how to reconcile them.
hint: You can do so by running one of the following commands sometime before
hint: your next pull:
hint: 
hint:   git config pull.rebase false  # merge (the default strategy)
hint:   git config pull.rebase true   # rebase
hint:   git config pull.ff only       # fast-forward only
hint: 
hint: You can replace "git config" with "git config --global" to set a default
hint: preference for all repositories. You can also pass --rebase, --no-rebase,
hint: or --ff-only on the command line to override the configured default per
hint: invocation.
fatal: Need to specify how to reconcile divergent branches.
2023-10-18 10:42:53.727 [info] > git config --get commit.template [1ms]
2023-10-18 10:42:53.736 [info] > git for-each-ref --format=%(refname)%00%(upstream:short)%00%(objectname)%00%(upstream:track)%00%(upstream:remotename)%00%(upstream:remoteref) refs/heads/main refs/remotes/main [2ms]
2023-10-18 10:42:53.746 [info] > git status -z -uall [2ms]
2023-10-18 10:42:56.196 [info] > git config --get commit.template [10ms]
2023-10-18 10:42:56.204 [info] > git ls-files --stage -- /home/stagiaire/klqngd/cours 2/Vsc Git/README.md [9ms]
2023-10-18 10:42:56.212 [info] > git for-each-ref --format=%(refname)%00%(upstream:short)%00%(objectname)%00%(upstream:track)%00%(upstream:remotename)%00%(upstream:remoteref) refs/heads/main refs/remotes/main [7ms]
2023-10-18 10:42:56.220 [info] > git status -z -uall [1ms]
2023-10-18 10:42:56.220 [info] > git cat-file -s 6ac9496ea7e5aa11f40d9ac9923434fea78e6edc [9ms]
2023-10-18 10:42:56.234 [info] > git show --textconv :README.md [1ms]
2023-10-18 10:43:01.088 [info] > git push origin main:main [802ms]
2023-10-18 10:43:01.089 [info] To https://github.com/Xenor23/Vsc-Git.git
 ! [rejected]        main -> main (non-fast-forward)
error: failed to push some refs to 'https://github.com/Xenor23/Vsc-Git.git'
hint: Updates were rejected because the tip of your current branch is behind
hint: its remote counterpart. Integrate the remote changes (e.g.
hint: 'git pull ...') before pushing again.
hint: See the 'Note about fast-forwards' in 'git push --help' for details.
2023-10-18 10:43:01.097 [info] > git config --get commit.template [1ms]
2023-10-18 10:43:01.105 [info] > git for-each-ref --format=%(refname)%00%(upstream:short)%00%(objectname)%00%(upstream:track)%00%(upstream:remotename)%00%(upstream:remoteref) refs/heads/main refs/remotes/main [2ms]
2023-10-18 10:43:01.114 [info] > git status -z -uall [1ms]
2023-10-18 10:45:48.354 [info] > git config --local branch.main.github-pr-owner-number [1ms]
2023-10-18 10:45:48.362 [info] > git config --get commit.template [1ms]
2023-10-18 10:45:48.369 [info] > git for-each-ref --format=%(refname)%00%(upstream:short)%00%(objectname)%00%(upstream:track)%00%(upstream:remotename)%00%(upstream:remoteref) refs/heads/main refs/remotes/main [1ms]
2023-10-18 10:45:48.377 [info] > git status -z -uall [1ms]
2023-10-18 10:47:26.418 [info] > git log --oneline --cherry main...main@{upstream} -- [2ms]
2023-10-18 10:47:27.314 [info] > git pull --tags origin main [889ms]
2023-10-18 10:47:27.314 [info] From https://github.com/Xenor23/Vsc-Git
 * branch            main       -> FETCH_HEAD
hint: You have divergent branches and need to specify how to reconcile them.
hint: You can do so by running one of the following commands sometime before
hint: your next pull:
hint: 
hint:   git config pull.rebase false  # merge (the default strategy)
hint:   git config pull.rebase true   # rebase
hint:   git config pull.ff only       # fast-forward only
hint: 
hint: You can replace "git config" with "git config --global" to set a default
hint: preference for all repositories. You can also pass --rebase, --no-rebase,
hint: or --ff-only on the command line to override the configured default per
hint: invocation.
fatal: Need to specify how to reconcile divergent branches.
2023-10-18 10:47:27.323 [info] > git config --get commit.template [1ms]
2023-10-18 10:47:27.332 [info] > git for-each-ref --format=%(refname)%00%(upstream:short)%00%(objectname)%00%(upstream:track)%00%(upstream:remotename)%00%(upstream:remoteref) refs/heads/main refs/remotes/main [1ms]
2023-10-18 10:47:27.343 [info] > git status -z -uall [2ms]
2023-10-18 10:47:30.367 [info] > git config --get commit.template [8ms]
2023-10-18 10:47:30.368 [info] > git for-each-ref --format=%(refname)%00%(upstream:short)%00%(objectname)%00%(upstream:track)%00%(upstream:remotename)%00%(upstream:remoteref) refs/heads/main refs/remotes/main [2ms]
2023-10-18 10:47:30.376 [info] > git status -z -uall [2ms]
2023-10-18 10:47:30.386 [info] > git ls-files --stage -- /home/stagiaire/klqngd/cours 2/Vsc Git/README.md [1ms]
2023-10-18 10:47:30.394 [info] > git cat-file -s 6ac9496ea7e5aa11f40d9ac9923434fea78e6edc [1ms]
2023-10-18 10:47:30.411 [info] > git show --textconv :README.md [2ms]
2023-10-18 10:47:35.395 [info] > git config --get commit.template [8ms]
2023-10-18 10:47:35.395 [info] > git for-each-ref --format=%(refname)%00%(upstream:short)%00%(objectname)%00%(upstream:track)%00%(upstream:remotename)%00%(upstream:remoteref) refs/heads/main refs/remotes/main [2ms]
2023-10-18 10:47:35.403 [info] > git status -z -uall [2ms]
2023-10-18 10:49:10.834 [info] > git log --oneline --cherry main...main@{upstream} -- [1ms]
2023-10-18 10:49:11.782 [info] > git pull --tags origin main [941ms]
2023-10-18 10:49:11.782 [info] From https://github.com/Xenor23/Vsc-Git
 * branch            main       -> FETCH_HEAD
hint: You have divergent branches and need to specify how to reconcile them.
hint: You can do so by running one of the following commands sometime before
hint: your next pull:
hint: 
hint:   git config pull.rebase false  # merge (the default strategy)
hint:   git config pull.rebase true   # rebase
hint:   git config pull.ff only       # fast-forward only
hint: 
hint: You can replace "git config" with "git config --global" to set a default
hint: preference for all repositories. You can also pass --rebase, --no-rebase,
hint: or --ff-only on the command line to override the configured default per
hint: invocation.
fatal: Need to specify how to reconcile divergent branches.
2023-10-18 10:49:11.792 [info] > git config --get commit.template [1ms]
2023-10-18 10:49:11.800 [info] > git for-each-ref --format=%(refname)%00%(upstream:short)%00%(objectname)%00%(upstream:track)%00%(upstream:remotename)%00%(upstream:remoteref) refs/heads/main refs/remotes/main [2ms]
2023-10-18 10:49:11.811 [info] > git status -z -uall [2ms]
2023-10-18 10:49:14.244 [info] > git config --get commit.template [2ms]
2023-10-18 10:49:14.260 [info] > git ls-files --stage -- /home/stagiaire/klqngd/cours 2/Vsc Git/README.md [9ms]
2023-10-18 10:49:14.272 [info] > git for-each-ref --format=%(refname)%00%(upstream:short)%00%(objectname)%00%(upstream:track)%00%(upstream:remotename)%00%(upstream:remoteref) refs/heads/main refs/remotes/main [12ms]
2023-10-18 10:49:14.285 [info] > git cat-file -s 6ac9496ea7e5aa11f40d9ac9923434fea78e6edc [13ms]
2023-10-18 10:49:14.287 [info] > git status -z -uall [3ms]
2023-10-18 10:49:14.303 [info] > git show --textconv :README.md [1ms]
2023-10-18 10:49:20.074 [info] > git push origin main:main [786ms]
2023-10-18 10:49:20.074 [info] To https://github.com/Xenor23/Vsc-Git.git
 ! [rejected]        main -> main (non-fast-forward)
error: failed to push some refs to 'https://github.com/Xenor23/Vsc-Git.git'
hint: Updates were rejected because the tip of your current branch is behind
hint: its remote counterpart. Integrate the remote changes (e.g.
hint: 'git pull ...') before pushing again.
hint: See the 'Note about fast-forwards' in 'git push --help' for details.
2023-10-18 10:49:20.082 [info] > git config --get commit.template [1ms]
2023-10-18 10:49:20.089 [info] > git for-each-ref --format=%(refname)%00%(upstream:short)%00%(objectname)%00%(upstream:track)%00%(upstream:remotename)%00%(upstream:remoteref) refs/heads/main refs/remotes/main [1ms]
2023-10-18 10:49:20.101 [info] > git status -z -uall [2ms]
2023-10-18 10:49:48.259 [info] > git for-each-ref --sort -committerdate --format %(refname) %(objectname) %(*objectname) [1ms]
2023-10-18 10:49:50.316 [info] > git log --oneline --cherry main...main@{upstream} -- [1ms]
2023-10-18 10:49:51.310 [info] > git pull --tags origin main [986ms]
2023-10-18 10:49:51.310 [info] From https://github.com/Xenor23/Vsc-Git
 * branch            main       -> FETCH_HEAD
hint: You have divergent branches and need to specify how to reconcile them.
hint: You can do so by running one of the following commands sometime before
hint: your next pull:
hint: 
hint:   git config pull.rebase false  # merge (the default strategy)
hint:   git config pull.rebase true   # rebase
hint:   git config pull.ff only       # fast-forward only
hint: 
hint: You can replace "git config" with "git config --global" to set a default
hint: preference for all repositories. You can also pass --rebase, --no-rebase,
hint: or --ff-only on the command line to override the configured default per
hint: invocation.
fatal: Need to specify how to reconcile divergent branches.
2023-10-18 10:49:51.320 [info] > git config --get commit.template [2ms]
2023-10-18 10:49:51.329 [info] > git for-each-ref --format=%(refname)%00%(upstream:short)%00%(objectname)%00%(upstream:track)%00%(upstream:remotename)%00%(upstream:remoteref) refs/heads/main refs/remotes/main [1ms]
2023-10-18 10:49:51.339 [info] > git status -z -uall [2ms]
2023-10-18 10:49:52.913 [info] > git config --get commit.template [2ms]
2023-10-18 10:49:52.931 [info] > git for-each-ref --format=%(refname)%00%(upstream:short)%00%(objectname)%00%(upstream:track)%00%(upstream:remotename)%00%(upstream:remoteref) refs/heads/main refs/remotes/main [3ms]
2023-10-18 10:49:52.942 [info] > git ls-files --stage -- /home/stagiaire/klqngd/cours 2/Vsc Git/README.md [21ms]
2023-10-18 10:49:52.954 [info] > git status -z -uall [13ms]
2023-10-18 10:49:52.958 [info] > git cat-file -s 6ac9496ea7e5aa11f40d9ac9923434fea78e6edc [4ms]
2023-10-18 10:49:52.977 [info] > git show --textconv :README.md [2ms]
2023-10-18 10:50:29.507 [info] > git log --oneline --cherry main...main@{upstream} -- [2ms]
2023-10-18 10:50:30.529 [info] > git pull --tags origin main [1016ms]
2023-10-18 10:50:30.529 [info] From https://github.com/Xenor23/Vsc-Git
 * branch            main       -> FETCH_HEAD
hint: You have divergent branches and need to specify how to reconcile them.
hint: You can do so by running one of the following commands sometime before
hint: your next pull:
hint: 
hint:   git config pull.rebase false  # merge (the default strategy)
hint:   git config pull.rebase true   # rebase
hint:   git config pull.ff only       # fast-forward only
hint: 
hint: You can replace "git config" with "git config --global" to set a default
hint: preference for all repositories. You can also pass --rebase, --no-rebase,
hint: or --ff-only on the command line to override the configured default per
hint: invocation.
fatal: Need to specify how to reconcile divergent branches.
2023-10-18 10:50:30.538 [info] > git config --get commit.template [1ms]
2023-10-18 10:50:30.547 [info] > git for-each-ref --format=%(refname)%00%(upstream:short)%00%(objectname)%00%(upstream:track)%00%(upstream:remotename)%00%(upstream:remoteref) refs/heads/main refs/remotes/main [2ms]
2023-10-18 10:50:30.557 [info] > git status -z -uall [1ms]
2023-10-18 10:50:33.462 [info] > git ls-files --stage -- /home/stagiaire/klqngd/cours 2/Vsc Git/README.md [9ms]
2023-10-18 10:50:33.470 [info] > git config --get commit.template [24ms]
2023-10-18 10:50:33.470 [info] > git for-each-ref --format=%(refname)%00%(upstream:short)%00%(objectname)%00%(upstream:track)%00%(upstream:remotename)%00%(upstream:remoteref) refs/heads/main refs/remotes/main [9ms]
2023-10-18 10:50:33.479 [info] > git status -z -uall [2ms]
2023-10-18 10:50:33.480 [info] > git cat-file -s 6ac9496ea7e5aa11f40d9ac9923434fea78e6edc [11ms]
2023-10-18 10:50:33.514 [info] > git show --textconv :README.md [2ms]
2023-10-18 10:50:48.387 [info] > git config --local branch.main.github-pr-owner-number [1ms]
2023-10-18 10:50:48.398 [info] > git config --get commit.template [1ms]
2023-10-18 10:50:48.407 [info] > git for-each-ref --format=%(refname)%00%(upstream:short)%00%(objectname)%00%(upstream:track)%00%(upstream:remotename)%00%(upstream:remoteref) refs/heads/main refs/remotes/main [1ms]
2023-10-18 10:50:48.417 [info] > git status -z -uall [1ms]
2023-10-18 10:55:48.427 [info] > git config --local branch.main.github-pr-owner-number [1ms]
2023-10-18 10:55:48.434 [info] > git config --get commit.template [1ms]
2023-10-18 10:55:48.442 [info] > git for-each-ref --format=%(refname)%00%(upstream:short)%00%(objectname)%00%(upstream:track)%00%(upstream:remotename)%00%(upstream:remoteref) refs/heads/main refs/remotes/main [2ms]
2023-10-18 10:55:48.450 [info] > git status -z -uall [1ms]
