2023-10-18 11:55:03.824 [info] Added views:workbench.panel.markers.view in workbench.panel.markers
2023-10-18 11:55:03.824 [info] Added views:workbench.panel.output in workbench.panel.output
2023-10-18 11:55:03.824 [info] Added views:terminal in terminal
2023-10-18 11:55:03.824 [info] Added views:workbench.scm in workbench.view.scm
2023-10-18 11:55:03.824 [info] Added views:workbench.view.search in workbench.view.search
2023-10-18 11:55:03.824 [info] Added views:workbench.explorer.emptyView in workbench.view.explorer
2023-10-18 11:55:03.968 [info] Added views:issues:github in workbench.view.extension.github-pull-requests
2023-10-18 11:55:04.145 [info] Added views:workbench.debug.variablesView,workbench.debug.watchExpressionsView,workbench.debug.callStackView,workbench.debug.breakPointsView in workbench.view.debug
2023-10-18 11:55:04.146 [info] Added views:~remote.forwardedPorts in ~remote.forwardedPortsContainer
2023-10-18 11:55:04.175 [info] Added views:workbench.panel.repl.view in workbench.panel.repl
2023-10-18 11:55:04.176 [info] Removed views:workbench.debug.breakPointsView,workbench.debug.callStackView,workbench.debug.watchExpressionsView,workbench.debug.variablesView from workbench.view.debug
2023-10-18 11:55:04.177 [info] Added views:workbench.debug.welcome in workbench.view.debug
2023-10-18 11:55:14.169 [info] Added views:workbench.panel.markers.view in workbench.panel.markers
2023-10-18 11:55:14.169 [info] Added views:workbench.panel.output in workbench.panel.output
2023-10-18 11:55:14.169 [info] Added views:terminal in terminal
2023-10-18 11:55:14.169 [info] Added views:workbench.scm in workbench.view.scm
2023-10-18 11:55:14.169 [info] Added views:workbench.view.search in workbench.view.search
2023-10-18 11:55:14.169 [info] Added views:workbench.explorer.fileView in workbench.views.service.sidebar.917efc5c-968e-4fc6-9173-43ee6ea9f60d
2023-10-18 11:55:14.266 [info] Added views:issues:github in workbench.view.extension.github-pull-requests
2023-10-18 11:55:14.463 [info] Added views:workbench.debug.variablesView,workbench.debug.watchExpressionsView,workbench.debug.callStackView,workbench.debug.breakPointsView in workbench.view.debug
2023-10-18 11:55:14.490 [info] Added views:workbench.panel.repl.view in workbench.panel.repl
2023-10-18 11:55:14.490 [info] Removed views:workbench.debug.breakPointsView,workbench.debug.callStackView,workbench.debug.watchExpressionsView,workbench.debug.variablesView from workbench.view.debug
2023-10-18 11:55:14.490 [info] Added views:workbench.debug.welcome in workbench.view.debug
2023-10-18 11:55:14.573 [info] Added views:~remote.forwardedPorts in ~remote.forwardedPortsContainer
2023-10-18 11:55:16.854 [info] Added views:workbench.scm.repositories in workbench.view.scm
2023-10-18 11:55:16.889 [info] Added views:github:activePullRequest:welcome in workbench.view.extension.github-pull-request
2023-10-18 11:55:16.890 [info] Removed views:github:activePullRequest:welcome from workbench.view.extension.github-pull-request
2023-10-18 11:55:16.906 [info] Added views:workbench.panel.comments in workbench.panel.comments
2023-10-18 11:55:27.863 [info] Removed views:workbench.scm.repositories from workbench.view.scm
