2023-10-18 11:57:01.008 [info] Log level: Info
2023-10-18 11:57:01.008 [info] Validating found git in: "git"
2023-10-18 11:57:01.008 [info] Using git "2.34.1" from "git"
2023-10-18 11:57:01.008 [info] > git rev-parse --show-toplevel [3ms]
2023-10-18 11:57:01.008 [info] > git rev-parse --git-dir --git-common-dir [2ms]
2023-10-18 11:57:01.008 [info] Open repository: /home/stagiaire/klqngd/cours 2/TEST
2023-10-18 11:57:01.013 [info] > git show --textconv HEAD:aledFonctionne [17ms]
2023-10-18 11:57:01.013 [info] > git ls-tree -l HEAD -- /home/stagiaire/klqngd/cours 2/TEST/aledFonctionne [13ms]
2023-10-18 11:57:01.021 [info] > git config --get commit.template [9ms]
2023-10-18 11:57:01.062 [info] > git for-each-ref --format=%(refname)%00%(upstream:short)%00%(objectname)%00%(upstream:track)%00%(upstream:remotename)%00%(upstream:remoteref) refs/heads/main refs/remotes/main [32ms]
2023-10-18 11:57:01.068 [info] > git ls-tree -l HEAD -- /home/stagiaire/klqngd/cours 2/TEST/aledFonctionne [42ms]
2023-10-18 11:57:01.087 [info] > git status -z -uall [19ms]
2023-10-18 11:57:01.120 [info] > git config --get commit.template [3ms]
2023-10-18 11:57:01.126 [info] > git for-each-ref --format=%(refname)%00%(upstream:short)%00%(objectname)%00%(upstream:track)%00%(upstream:remotename)%00%(upstream:remoteref) refs/heads/main refs/remotes/main [1ms]
2023-10-18 11:57:01.132 [info] > git status -z -uall [2ms]
2023-10-18 11:57:01.515 [info] > git check-ignore -v -z --stdin [2ms]
2023-10-18 11:57:02.474 [info] > git config --local branch.main.github-pr-owner-number [29ms]
2023-10-18 11:57:02.488 [info] > git config --get commit.template [8ms]
2023-10-18 11:57:02.495 [info] > git for-each-ref --format=%(refname)%00%(upstream:short)%00%(objectname)%00%(upstream:track)%00%(upstream:remotename)%00%(upstream:remoteref) refs/heads/main refs/remotes/main [1ms]
2023-10-18 11:57:02.501 [info] > git status -z -uall [1ms]
2023-10-18 11:57:04.074 [info] > git show --textconv :.git/COMMIT_EDITMSG [7ms]
2023-10-18 11:57:04.075 [info] > git ls-files --stage -- /home/stagiaire/klqngd/cours 2/TEST/.git/COMMIT_EDITMSG [2ms]
2023-10-18 11:57:04.347 [info] > git check-ignore -v -z --stdin [1ms]
2023-10-18 11:57:05.034 [info] > git show --textconv :aledFonctionne [5ms]
2023-10-18 11:57:05.034 [info] > git ls-files --stage -- /home/stagiaire/klqngd/cours 2/TEST/aledFonctionne [1ms]
2023-10-18 11:57:05.039 [info] > git cat-file -s afe35ef1492dc0890826ee0389ae1ca1aa941dd1 [1ms]
2023-10-18 11:57:09.754 [info] > git config --local branch.main.github-pr-base-branch [1ms]
2023-10-18 11:57:09.769 [info] > git config --get commit.template [8ms]
2023-10-18 11:57:09.769 [info] > git for-each-ref --format=%(refname)%00%(upstream:short)%00%(objectname)%00%(upstream:track)%00%(upstream:remotename)%00%(upstream:remoteref) refs/heads/main refs/remotes/main [1ms]
2023-10-18 11:57:09.777 [info] > git status -z -uall [2ms]
2023-10-18 11:57:09.798 [info] > git for-each-ref --format=%(refname)%00%(upstream:short)%00%(objectname)%00%(upstream:track)%00%(upstream:remotename)%00%(upstream:remoteref) refs/heads/main refs/remotes/main [13ms]
2023-10-18 11:57:09.807 [info] > git show -s --format=%H%n%aN%n%aE%n%at%n%ct%n%P%n%D%n%B -z b05d715a5a607dd73478e5e6727b0717be2a21dd [2ms]
2023-10-18 11:57:23.881 [info] > git -c user.useConfigOnly=true commit --quiet --allow-empty-message --file - [3ms]
2023-10-18 11:57:23.891 [info] > git config --get commit.template [1ms]
2023-10-18 11:57:23.903 [info] > git config --get commit.template [3ms]
2023-10-18 11:57:23.915 [info] > git for-each-ref --format=%(refname)%00%(upstream:short)%00%(objectname)%00%(upstream:track)%00%(upstream:remotename)%00%(upstream:remoteref) refs/heads/main refs/remotes/main [1ms]
2023-10-18 11:57:23.926 [info] > git status -z -uall [2ms]
2023-10-18 11:57:23.983 [info] > git for-each-ref --format=%(refname)%00%(upstream:short)%00%(objectname)%00%(upstream:track)%00%(upstream:remotename)%00%(upstream:remoteref) refs/heads/main refs/remotes/main [44ms]
2023-10-18 11:57:24.017 [info] > git for-each-ref --format=%(refname)%00%(upstream:short)%00%(objectname)%00%(upstream:track)%00%(upstream:remotename)%00%(upstream:remoteref) refs/heads/main refs/remotes/main [10ms]
2023-10-18 11:57:24.025 [info] > git for-each-ref --format=%(refname)%00%(upstream:short)%00%(objectname)%00%(upstream:track)%00%(upstream:remotename)%00%(upstream:remoteref) refs/heads/main refs/remotes/main [25ms]
2023-10-18 11:57:24.025 [info] > git for-each-ref --format=%(refname)%00%(upstream:short)%00%(objectname)%00%(upstream:track)%00%(upstream:remotename)%00%(upstream:remoteref) refs/heads/main refs/remotes/main [33ms]
2023-10-18 11:57:24.038 [info] > git config --local branch.main.github-pr-owner-number [3ms]
2023-10-18 11:57:24.039 [info] > git show -s --format=%H%n%aN%n%aE%n%at%n%ct%n%P%n%D%n%B -z 40f1719cf50f78963bce7ff8ac33129b24c4b295 [14ms]
2023-10-18 11:57:24.069 [info] > git config --get commit.template [23ms]
2023-10-18 11:57:24.097 [info] > git for-each-ref --format=%(refname)%00%(upstream:short)%00%(objectname)%00%(upstream:track)%00%(upstream:remotename)%00%(upstream:remoteref) refs/heads/main refs/remotes/main [1ms]
2023-10-18 11:57:24.104 [info] > git status -z -uall [1ms]
2023-10-18 11:57:25.144 [info] > git ls-files --stage -- /home/stagiaire/klqngd/cours 2/TEST/aledFonctionne [4ms]
2023-10-18 11:57:25.154 [info] > git cat-file -s afe35ef1492dc0890826ee0389ae1ca1aa941dd1 [1ms]
2023-10-18 11:57:25.165 [info] > git show --textconv :aledFonctionne [1ms]
2023-10-18 11:57:26.295 [info] > git push origin main:main [2341ms]
2023-10-18 11:57:26.295 [info] To https://github.com/Xenor23/TEST.git
   b05d715..40f1719  main -> main
2023-10-18 11:57:26.308 [info] > git config --get commit.template [6ms]
2023-10-18 11:57:26.309 [info] > git for-each-ref --format=%(refname)%00%(upstream:short)%00%(objectname)%00%(upstream:track)%00%(upstream:remotename)%00%(upstream:remoteref) refs/heads/main refs/remotes/main [1ms]
2023-10-18 11:57:26.315 [info] > git status -z -uall [1ms]
2023-10-18 11:57:26.381 [info] > git config --local branch.main.github-pr-owner-number [28ms]
2023-10-18 11:57:26.401 [info] > git config --get commit.template [11ms]
2023-10-18 11:57:26.401 [info] > git config --get commit.template [1ms]
2023-10-18 11:57:26.418 [info] > git for-each-ref --format=%(refname)%00%(upstream:short)%00%(objectname)%00%(upstream:track)%00%(upstream:remotename)%00%(upstream:remoteref) refs/heads/main refs/remotes/main [9ms]
2023-10-18 11:57:26.426 [info] > git for-each-ref --format=%(refname)%00%(upstream:short)%00%(objectname)%00%(upstream:track)%00%(upstream:remotename)%00%(upstream:remoteref) refs/heads/main refs/remotes/main [9ms]
2023-10-18 11:57:26.436 [info] > git status -z -uall [2ms]
2023-10-18 11:57:27.492 [info] > git ls-files --stage -- /home/stagiaire/klqngd/cours 2/TEST/aledFonctionne [2ms]
2023-10-18 11:57:27.506 [info] > git cat-file -s afe35ef1492dc0890826ee0389ae1ca1aa941dd1 [9ms]
2023-10-18 11:57:27.514 [info] > git show --textconv :aledFonctionne [1ms]
2023-10-18 11:59:07.633 [info] > git config --get commit.template [6ms]
2023-10-18 11:59:07.634 [info] > git for-each-ref --format=%(refname)%00%(upstream:short)%00%(objectname)%00%(upstream:track)%00%(upstream:remotename)%00%(upstream:remoteref) refs/heads/main refs/remotes/main [1ms]
2023-10-18 11:59:07.640 [info] > git status -z -uall [1ms]
2023-10-18 11:59:10.053 [info] > git for-each-ref --sort -committerdate --format %(refname) %(objectname) %(*objectname) [1ms]
2023-10-18 12:00:15.953 [info] Log level: Info
2023-10-18 12:00:15.953 [info] Validating found git in: "git"
2023-10-18 12:00:15.953 [info] Using git "2.34.1" from "git"
2023-10-18 12:00:15.953 [info] > git rev-parse --show-toplevel [2ms]
2023-10-18 12:00:15.960 [info] > git rev-parse --git-dir --git-common-dir [2ms]
2023-10-18 12:00:15.968 [info] Open repository: /home/stagiaire
2023-10-18 12:00:16.032 [info] > git rev-parse --show-toplevel [21ms]
2023-10-18 12:00:16.033 [info] > git config --get commit.template [28ms]
2023-10-18 12:00:16.065 [info] > git for-each-ref --format=%(refname)%00%(upstream:short)%00%(objectname)%00%(upstream:track)%00%(upstream:remotename)%00%(upstream:remoteref) refs/heads/master refs/remotes/master [2ms]
2023-10-18 12:00:16.166 [info] > git status -z -uall [95ms]
2023-10-18 12:00:16.204 [info] > git config --get commit.template [8ms]
2023-10-18 12:00:16.255 [info] > git for-each-ref --format=%(refname)%00%(upstream:short)%00%(objectname)%00%(upstream:track)%00%(upstream:remotename)%00%(upstream:remoteref) refs/heads/master refs/remotes/master [23ms]
2023-10-18 12:00:16.380 [info] > git status -z -uall [120ms]
2023-10-18 12:00:16.534 [info] > git check-ignore -v -z --stdin [4ms]
2023-10-18 12:00:16.743 [info] > git show --textconv :klqngd/cours 2/ahhh/README.md [8ms]
2023-10-18 12:00:16.746 [info] > git ls-files --stage -- /home/stagiaire/klqngd/cours 2/ahhh/README.md [4ms]
2023-10-18 12:00:16.753 [info] > git cat-file -s 6ca994b15a66e5c8c291c194457d1d4a4fd14de9 [1ms]
2023-10-18 12:00:17.077 [info] > git config --local branch.master.github-pr-owner-number [13ms]
2023-10-18 12:00:17.093 [info] > git config --get commit.template [9ms]
2023-10-18 12:00:17.102 [info] > git for-each-ref --format=%(refname)%00%(upstream:short)%00%(objectname)%00%(upstream:track)%00%(upstream:remotename)%00%(upstream:remoteref) refs/heads/master refs/remotes/master [0ms]
2023-10-18 12:00:17.182 [info] > git status -z -uall [73ms]
2023-10-18 12:00:18.437 [info] > git check-ignore -v -z --stdin [16ms]
2023-10-18 12:00:19.221 [info] > git config --get commit.template [0ms]
2023-10-18 12:00:19.229 [info] > git for-each-ref --format=%(refname)%00%(upstream:short)%00%(objectname)%00%(upstream:track)%00%(upstream:remotename)%00%(upstream:remoteref) refs/heads/master refs/remotes/master [1ms]
2023-10-18 12:00:19.310 [info] > git status -z -uall [74ms]
2023-10-18 12:00:26.013 [info] > git add -A -- . [294ms]
2023-10-18 12:00:26.013 [info] warning: adding embedded git repository: klqngd/cours 2/TEST
hint: You've added another git repository inside your current repository.
hint: Clones of the outer repository will not contain the contents of
hint: the embedded repository and will not know how to obtain it.
hint: If you meant to add a submodule, use:
hint: 
hint: 	git submodule add <url> klqngd/cours 2/TEST
hint: 
hint: If you added this path by mistake, you can remove it from the
hint: index with:
hint: 
hint: 	git rm --cached klqngd/cours 2/TEST
hint: 
hint: See "git help submodule" for more information.
2023-10-18 12:00:26.466 [info] > git show --textconv :.git/COMMIT_EDITMSG [9ms]
2023-10-18 12:00:26.469 [info] > git ls-files --stage -- /home/stagiaire/.git/COMMIT_EDITMSG [4ms]
2023-10-18 12:00:26.762 [info] > git check-ignore -v -z --stdin [4ms]
2023-10-18 12:00:27.395 [info] > git ls-files --stage -- /home/stagiaire/.git/COMMIT_EDITMSG [4ms]
2023-10-18 12:00:27.407 [info] > git show --textconv :.git/COMMIT_EDITMSG [3ms]
