2023-10-18 11:51:13.517 [info] Log level: Info
2023-10-18 11:51:13.517 [info] Validating found git in: "git"
2023-10-18 11:51:13.517 [info] Using git "2.34.1" from "git"
2023-10-18 11:51:13.517 [info] > git rev-parse --show-toplevel [2ms]
2023-10-18 11:51:13.517 [info] > git rev-parse --git-dir --git-common-dir [2ms]
2023-10-18 11:51:13.517 [info] Open repository: /home/stagiaire
2023-10-18 11:51:13.518 [info] > git rev-parse --show-toplevel [34ms]
2023-10-18 11:51:13.519 [info] > git config --get commit.template [39ms]
2023-10-18 11:51:13.541 [info] > git rev-parse --show-toplevel [7ms]
2023-10-18 11:51:13.542 [info] > git for-each-ref --format=%(refname)%00%(upstream:short)%00%(objectname)%00%(upstream:track)%00%(upstream:remotename)%00%(upstream:remoteref) refs/heads/master refs/remotes/master [2ms]
2023-10-18 11:51:13.641 [info] > git status -z -uall [93ms]
2023-10-18 11:51:13.657 [info] > git config --get commit.template [2ms]
2023-10-18 11:51:13.705 [info] > git for-each-ref --format=%(refname)%00%(upstream:short)%00%(objectname)%00%(upstream:track)%00%(upstream:remotename)%00%(upstream:remoteref) refs/heads/master refs/remotes/master [35ms]
2023-10-18 11:51:13.810 [info] > git status -z -uall [100ms]
2023-10-18 11:51:14.025 [info] > git check-ignore -v -z --stdin [4ms]
2023-10-18 11:51:14.178 [info] > git show --textconv :klqngd/cours 2/ahhh/README.md [9ms]
2023-10-18 11:51:14.182 [info] > git ls-files --stage -- /home/stagiaire/klqngd/cours 2/ahhh/README.md [4ms]
2023-10-18 11:51:14.191 [info] > git cat-file -s 6ca994b15a66e5c8c291c194457d1d4a4fd14de9 [1ms]
2023-10-18 11:51:16.716 [info] > git config --get commit.template [5ms]
2023-10-18 11:51:16.716 [info] > git for-each-ref --format=%(refname)%00%(upstream:short)%00%(objectname)%00%(upstream:track)%00%(upstream:remotename)%00%(upstream:remoteref) refs/heads/master refs/remotes/master [1ms]
2023-10-18 11:51:16.791 [info] > git status -z -uall [71ms]
2023-10-18 11:51:17.065 [info] > git config --local branch.master.github-pr-owner-number [13ms]
2023-10-18 11:51:17.079 [info] > git config --get commit.template [8ms]
2023-10-18 11:51:17.085 [info] > git for-each-ref --format=%(refname)%00%(upstream:short)%00%(objectname)%00%(upstream:track)%00%(upstream:remotename)%00%(upstream:remoteref) refs/heads/master refs/remotes/master [1ms]
2023-10-18 11:51:17.161 [info] > git status -z -uall [72ms]
2023-10-18 11:51:22.645 [info] > git config --get commit.template [6ms]
2023-10-18 11:51:22.645 [info] > git for-each-ref --format=%(refname)%00%(upstream:short)%00%(objectname)%00%(upstream:track)%00%(upstream:remotename)%00%(upstream:remoteref) refs/heads/master refs/remotes/master [1ms]
2023-10-18 11:51:22.724 [info] > git status -z -uall [73ms]
2023-10-18 11:51:23.126 [info] > git for-each-ref --sort -committerdate --format %(refname) %(objectname) %(*objectname) [1ms]
2023-10-18 11:51:26.325 [info] > git check-ignore -v -z --stdin [15ms]
2023-10-18 11:51:27.742 [info] > git config --get commit.template [7ms]
2023-10-18 11:51:27.743 [info] > git for-each-ref --format=%(refname)%00%(upstream:short)%00%(objectname)%00%(upstream:track)%00%(upstream:remotename)%00%(upstream:remoteref) refs/heads/master refs/remotes/master [1ms]
2023-10-18 11:51:27.824 [info] > git status -z -uall [75ms]
2023-10-18 11:51:33.524 [info] > git config --get commit.template [6ms]
2023-10-18 11:51:33.524 [info] > git for-each-ref --format=%(refname)%00%(upstream:short)%00%(objectname)%00%(upstream:track)%00%(upstream:remotename)%00%(upstream:remoteref) refs/heads/master refs/remotes/master [1ms]
2023-10-18 11:51:33.608 [info] > git status -z -uall [78ms]
2023-10-18 11:51:38.626 [info] > git config --get commit.template [8ms]
2023-10-18 11:51:38.626 [info] > git for-each-ref --format=%(refname)%00%(upstream:short)%00%(objectname)%00%(upstream:track)%00%(upstream:remotename)%00%(upstream:remoteref) refs/heads/master refs/remotes/master [1ms]
2023-10-18 11:51:38.709 [info] > git status -z -uall [77ms]
2023-10-18 11:51:47.235 [info] > git config --get commit.template [3ms]
2023-10-18 11:51:47.243 [info] > git for-each-ref --format=%(refname)%00%(upstream:short)%00%(objectname)%00%(upstream:track)%00%(upstream:remotename)%00%(upstream:remoteref) refs/heads/master refs/remotes/master [1ms]
2023-10-18 11:51:47.326 [info] > git status -z -uall [77ms]
2023-10-18 11:51:50.070 [info] > git clone https://github.com/Xenor23/TEST.git /home/stagiaire/klqngd/cours 2/ahhh/TEST --progress [2846ms]
2023-10-18 11:51:50.070 [info] Cloning into '/home/stagiaire/klqngd/cours 2/ahhh/TEST'...
remote: Enumerating objects: 3, done.        
remote: Counting objects:  33% (1/3)        remote: Counting objects:  66% (2/3)        remote: Counting objects: 100% (3/3)        remote: Counting objects: 100% (3/3), done.        
remote: Total 3 (delta 0), reused 0 (delta 0), pack-reused 0        
Receiving objects:  33% (1/3)Receiving objects:  66% (2/3)Receiving objects: 100% (3/3)Receiving objects: 100% (3/3), done.
2023-10-18 11:51:54.832 [info] Log level: Info
2023-10-18 11:51:54.832 [info] Validating found git in: "git"
2023-10-18 11:51:54.832 [info] Using git "2.34.1" from "git"
2023-10-18 11:51:54.832 [info] > git rev-parse --show-toplevel [8ms]
2023-10-18 11:51:54.852 [info] > git rev-parse --git-dir --git-common-dir [6ms]
2023-10-18 11:51:54.863 [info] Open repository: /home/stagiaire/klqngd/cours 2/ahhh/TEST
2023-10-18 11:51:54.874 [info] > git config --get commit.template [4ms]
2023-10-18 11:51:54.908 [info] > git for-each-ref --format=%(refname)%00%(upstream:short)%00%(objectname)%00%(upstream:track)%00%(upstream:remotename)%00%(upstream:remoteref) refs/heads/main refs/remotes/main [1ms]
2023-10-18 11:51:54.947 [info] > git status -z -uall [34ms]
2023-10-18 11:51:54.982 [info] > git config --get commit.template [2ms]
2023-10-18 11:51:55.007 [info] > git for-each-ref --format=%(refname)%00%(upstream:short)%00%(objectname)%00%(upstream:track)%00%(upstream:remotename)%00%(upstream:remoteref) refs/heads/main refs/remotes/main [19ms]
2023-10-18 11:51:55.033 [info] > git status -z -uall [21ms]
2023-10-18 11:51:56.583 [info] > git check-ignore -v -z --stdin [1ms]
2023-10-18 11:51:57.029 [info] > git config --local branch.main.github-pr-owner-number [33ms]
2023-10-18 11:51:57.043 [info] > git config --get commit.template [7ms]
2023-10-18 11:51:57.044 [info] > git for-each-ref --format=%(refname)%00%(upstream:short)%00%(objectname)%00%(upstream:track)%00%(upstream:remotename)%00%(upstream:remoteref) refs/heads/main refs/remotes/main [2ms]
2023-10-18 11:51:57.054 [info] > git status -z -uall [4ms]
2023-10-18 11:52:00.461 [info] > git show --textconv :aledFonctionne [6ms]
2023-10-18 11:52:00.461 [info] > git ls-files --stage -- /home/stagiaire/klqngd/cours 2/ahhh/TEST/aledFonctionne [1ms]
2023-10-18 11:52:00.467 [info] > git cat-file -s 5df99a4d37d5b06d6afd2d6b95b8fffe123f84d1 [1ms]
