2023-10-18 10:57:05.606 [warning] /home/stagiaire/.ssh/config: ENOENT: no such file or directory, open '/home/stagiaire/.ssh/config'
2023-10-18 10:57:05.815 [info] Looking for git repository
2023-10-18 10:57:05.815 [info] Found 0 repositories during activation
2023-10-18 10:57:05.815 [info] Git repository found, initializing review manager and pr tree view.
2023-10-18 10:57:05.819 [info] Registering git provider
2023-10-18 10:57:05.819 [info] Review> Validate state in progress
2023-10-18 10:57:05.819 [info] Review> Validating state...
2023-10-18 10:57:05.890 [info] Found GitHub remote for folder /home/stagiaire/klqngd/cours 2/Vsc Git
2023-10-18 10:57:06.226 [warning] Unable to resolve remote: HttpError: Not Found
2023-10-18 10:57:06.511 [info] Missing upstream check failed: HttpError: Not Found
2023-10-18 10:57:06.513 [info] Trying to use globalState for assignableUsers.
2023-10-18 10:57:06.558 [info] Using globalState assignableUsers for 1.
2023-10-18 10:57:06.594 [info] Repo state for file:///home/stagiaire/klqngd/cours%202/Vsc%20Git changed.
2023-10-18 10:57:06.594 [info] Repo file:///home/stagiaire/klqngd/cours%202/Vsc%20Git has already been setup.
2023-10-18 10:57:06.596 [info] Review> No matching pull request metadata found locally for current branch main
2023-10-18 10:57:06.596 [info] Review> no matching pull request metadata found for current branch main
2023-10-18 10:57:06.864 [error] GitHubRepository> Unable to fetch issues: Error: GraphQL error: Could not resolve to a Repository with the name 'Xenor23/Vsc-Git'.
2023-10-18 10:57:06.864 [error] GitHubRepository> Unable to fetch issues: Error: GraphQL error: Could not resolve to a Repository with the name 'Xenor23/Vsc-Git'.
2023-10-18 10:57:07.134 [warning] GitHubRepository> Fetching default branch failed: HttpError: Not Found
2023-10-18 10:57:07.173 [warning] GitHubRepository> Fetching default branch failed: HttpError: Not Found
2023-10-18 10:57:07.191 [error] GitHubRepository> Unable to fetch issues without milestone: Error: GraphQL error: Could not resolve to a Repository with the name 'Xenor23/Vsc-Git'.
2023-10-18 10:57:07.191 [error] GitHubRepository> Unable to fetch issues without milestone: Error: GraphQL error: Could not resolve to a Repository with the name 'Xenor23/Vsc-Git'.
2023-10-18 10:57:07.421 [warning] GitHubRepository> Fetching default branch failed: HttpError: Not Found
2023-10-18 10:57:07.478 [error] GitHubRepository> Unable to fetch issues with query: Error: GraphQL error: Could not resolve to a Repository with the name 'Xenor23/Vsc-Git'.
2023-10-18 10:57:07.479 [error] GitHubRepository> Unable to fetch issues with query: Error: GraphQL error: Could not resolve to a Repository with the name 'Xenor23/Vsc-Git'.
2023-10-18 10:57:07.490 [warning] GitHubRepository> Fetching default branch failed: HttpError: Not Found
