2023-10-18 11:21:28.963 [warning] /home/stagiaire/.ssh/config: ENOENT: no such file or directory, open '/home/stagiaire/.ssh/config'
2023-10-18 11:21:29.121 [info] Looking for git repository
2023-10-18 11:21:29.121 [info] Found 0 repositories during activation
2023-10-18 11:21:29.121 [info] Git repository found, initializing review manager and pr tree view.
2023-10-18 11:21:29.124 [info] Registering git provider
2023-10-18 11:21:29.124 [info] Review> Validate state in progress
2023-10-18 11:21:29.124 [info] Review> Validating state...
2023-10-18 11:21:29.131 [info] Found GitHub remote for folder /home/stagiaire
2023-10-18 11:21:29.524 [warning] Unable to resolve remote: HttpError: Not Found
2023-10-18 11:21:29.826 [info] Missing upstream check failed: HttpError: Not Found
2023-10-18 11:21:29.828 [info] Trying to use globalState for assignableUsers.
2023-10-18 11:21:29.898 [info] Using globalState assignableUsers for 1.
2023-10-18 11:21:30.021 [info] Repo state for file:///home/stagiaire changed.
2023-10-18 11:21:30.021 [info] Repo file:///home/stagiaire has already been setup.
2023-10-18 11:21:30.585 [error] GitHubRepository> Unable to fetch issues: Error: GraphQL error: Could not resolve to a Repository with the name 'Xenor23/Vsc-Git-test'.
2023-10-18 11:21:31.714 [error] GitHubRepository> Unable to fetch issues without milestone: Error: GraphQL error: Could not resolve to a Repository with the name 'Xenor23/Vsc-Git-test'.
2023-10-18 11:21:31.721 [warning] GitHubRepository> Fetching default branch failed: HttpError: Not Found
2023-10-18 11:21:31.995 [warning] GitHubRepository> Fetching default branch failed: HttpError: Not Found
2023-10-18 11:21:32.017 [error] GitHubRepository> Unable to fetch issues with query: Error: GraphQL error: Could not resolve to a Repository with the name 'Xenor23/Vsc-Git-test'.
2023-10-18 11:28:35.035 [info] Review> Queuing additional validate state
